2025-03-10 18:12:57 CONTAINER      CPU %     MEM USAGE / LIMIT   NET I/O       BLOCK I/O     PIDS
b44356d46825   40.32%    22.95MiB / 512MiB   1.95kB / 0B   39.4MB / 0B   10
2025-03-10 18:13:00 CONTAINER      CPU %     MEM USAGE / LIMIT   NET I/O       BLOCK I/O     PIDS
b44356d46825   40.31%    31.52MiB / 512MiB   2.16kB / 0B   51.8MB / 0B   10
2025-03-10 18:13:02 CONTAINER      CPU %     MEM USAGE / LIMIT   NET I/O       BLOCK I/O     PIDS
b44356d46825   40.60%    35.87MiB / 512MiB   2.36kB / 0B   63.7MB / 0B   10
2025-03-10 18:13:05 CONTAINER      CPU %     MEM USAGE / LIMIT   NET I/O       BLOCK I/O     PIDS
b44356d46825   15.45%    39MiB / 512MiB      2.36kB / 0B   70.6MB / 0B   10
2025-03-10 18:13:08 CONTAINER      CPU %     MEM USAGE / LIMIT   NET I/O           BLOCK I/O     PIDS
b44356d46825   39.98%    43.2MiB / 512MiB    4.07MB / 18.9kB   70.7MB / 0B   16
2025-03-10 18:13:10 CONTAINER      CPU %     MEM USAGE / LIMIT   NET I/O           BLOCK I/O     PIDS
b44356d46825   40.16%    52.98MiB / 512MiB   5.04MB / 23.7kB   74.6MB / 0B   19
2025-03-10 18:13:13 CONTAINER      CPU %     MEM USAGE / LIMIT   NET I/O           BLOCK I/O     PIDS
b44356d46825   40.08%    59.98MiB / 512MiB   5.67MB / 47.5kB   78.5MB / 0B   24
2025-03-10 18:13:15 CONTAINER      CPU %     MEM USAGE / LIMIT   NET I/O           BLOCK I/O     PIDS
b44356d46825   40.52%    60.44MiB / 512MiB   7.77MB / 58.5kB   78.5MB / 0B   24
2025-03-10 18:13:18 CONTAINER      CPU %     MEM USAGE / LIMIT   NET I/O           BLOCK I/O     PIDS
b44356d46825   41.17%    62.18MiB / 512MiB   7.77MB / 58.5kB   78.5MB / 0B   24
2025-03-10 18:13:20 CONTAINER      CPU %     MEM USAGE / LIMIT   NET I/O           BLOCK I/O     PIDS
b44356d46825   40.95%    62.74MiB / 512MiB   7.77MB / 58.5kB   78.5MB / 0B   24
2025-03-10 18:13:23 CONTAINER      CPU %     MEM USAGE / LIMIT   NET I/O           BLOCK I/O     PIDS
b44356d46825   42.55%    66.15MiB / 512MiB   7.77MB / 58.5kB   78.5MB / 0B   24
2025-03-10 18:13:26 CONTAINER      CPU %     MEM USAGE / LIMIT   NET I/O           BLOCK I/O     PIDS
b44356d46825   40.55%    67.36MiB / 512MiB   7.77MB / 58.5kB   78.5MB / 0B   24
2025-03-10 18:13:28 CONTAINER      CPU %     MEM USAGE / LIMIT   NET I/O           BLOCK I/O     PIDS
b44356d46825   39.85%    71.46MiB / 512MiB   7.77MB / 58.5kB   78.5MB / 0B   24
2025-03-10 18:13:31 CONTAINER      CPU %     MEM USAGE / LIMIT   NET I/O           BLOCK I/O     PIDS
b44356d46825   40.40%    68.83MiB / 512MiB   7.77MB / 66.9kB   78.5MB / 0B   24
2025-03-10 18:13:33 CONTAINER      CPU %     MEM USAGE / LIMIT   NET I/O   BLOCK I/O   PIDS
b44356d46825   0.00%     0B / 0B             0B / 0B   0B / 0B     0
2025-03-10 18:13:35 CONTAINER      CPU %     MEM USAGE / LIMIT   NET I/O   BLOCK I/O   PIDS
b44356d46825   0.00%     0B / 0B             0B / 0B   0B / 0B     0
2025-03-10 18:13:37 CONTAINER      CPU %     MEM USAGE / LIMIT   NET I/O   BLOCK I/O   PIDS
b44356d46825   0.00%     0B / 0B             0B / 0B   0B / 0B     0
2025-03-10 18:13:38 CONTAINER      CPU %     MEM USAGE / LIMIT   NET I/O   BLOCK I/O   PIDS
b44356d46825   0.00%     0B / 0B             0B / 0B   0B / 0B     0
2025-03-10 18:13:40 CONTAINER      CPU %     MEM USAGE / LIMIT   NET I/O   BLOCK I/O   PIDS
b44356d46825   0.00%     0B / 0B             0B / 0B   0B / 0B     0
2025-03-10 18:13:41 CONTAINER      CPU %     MEM USAGE / LIMIT   NET I/O   BLOCK I/O   PIDS
b44356d46825   0.00%     0B / 0B             0B / 0B   0B / 0B     0
2025-03-10 18:13:43 CONTAINER      CPU %     MEM USAGE / LIMIT   NET I/O   BLOCK I/O   PIDS
b44356d46825   0.00%     0B / 0B             0B / 0B   0B / 0B     0
2025-03-10 18:13:45 CONTAINER      CPU %     MEM USAGE / LIMIT   NET I/O   BLOCK I/O   PIDS
b44356d46825   0.00%     0B / 0B             0B / 0B   0B / 0B     0
2025-03-10 18:13:46 CONTAINER      CPU %     MEM USAGE / LIMIT   NET I/O   BLOCK I/O   PIDS
b44356d46825   0.00%     0B / 0B             0B / 0B   0B / 0B     0
2025-03-10 18:13:48 CONTAINER      CPU %     MEM USAGE / LIMIT   NET I/O   BLOCK I/O   PIDS
b44356d46825   0.00%     0B / 0B             0B / 0B   0B / 0B     0
2025-03-10 18:13:49 CONTAINER      CPU %     MEM USAGE / LIMIT   NET I/O   BLOCK I/O   PIDS
b44356d46825   0.00%     0B / 0B             0B / 0B   0B / 0B     0
2025-03-10 18:13:51 CONTAINER      CPU %     MEM USAGE / LIMIT   NET I/O   BLOCK I/O   PIDS
b44356d46825   0.00%     0B / 0B             0B / 0B   0B / 0B     0
2025-03-10 18:13:53 CONTAINER      CPU %     MEM USAGE / LIMIT   NET I/O   BLOCK I/O   PIDS
b44356d46825   0.00%     0B / 0B             0B / 0B   0B / 0B     0
2025-03-10 18:13:54 CONTAINER      CPU %     MEM USAGE / LIMIT   NET I/O   BLOCK I/O   PIDS
b44356d46825   0.00%     0B / 0B             0B / 0B   0B / 0B     0
2025-03-10 18:13:56 CONTAINER      CPU %     MEM USAGE / LIMIT   NET I/O   BLOCK I/O   PIDS
b44356d46825   0.00%     0B / 0B             0B / 0B   0B / 0B     0
2025-03-10 18:13:57 CONTAINER      CPU %     MEM USAGE / LIMIT   NET I/O   BLOCK I/O   PIDS
b44356d46825   0.00%     0B / 0B             0B / 0B   0B / 0B     0
2025-03-10 18:13:59 CONTAINER      CPU %     MEM USAGE / LIMIT   NET I/O   BLOCK I/O   PIDS
b44356d46825   0.00%     0B / 0B             0B / 0B   0B / 0B     0
2025-03-10 18:14:01 CONTAINER      CPU %     MEM USAGE / LIMIT   NET I/O   BLOCK I/O   PIDS
b44356d46825   0.00%     0B / 0B             0B / 0B   0B / 0B     0
2025-03-10 18:14:02 CONTAINER      CPU %     MEM USAGE / LIMIT   NET I/O   BLOCK I/O   PIDS
b44356d46825   0.00%     0B / 0B             0B / 0B   0B / 0B     0
2025-03-10 18:14:04 CONTAINER      CPU %     MEM USAGE / LIMIT   NET I/O   BLOCK I/O   PIDS
b44356d46825   0.00%     0B / 0B             0B / 0B   0B / 0B     0
2025-03-10 18:14:05 CONTAINER      CPU %     MEM USAGE / LIMIT   NET I/O   BLOCK I/O   PIDS
b44356d46825   0.00%     0B / 0B             0B / 0B   0B / 0B     0
2025-03-10 18:14:07 CONTAINER      CPU %     MEM USAGE / LIMIT   NET I/O   BLOCK I/O   PIDS
b44356d46825   0.00%     0B / 0B             0B / 0B   0B / 0B     0
2025-03-10 18:14:09 CONTAINER      CPU %     MEM USAGE / LIMIT   NET I/O   BLOCK I/O   PIDS
b44356d46825   0.00%     0B / 0B             0B / 0B   0B / 0B     0
2025-03-10 18:14:10 CONTAINER      CPU %     MEM USAGE / LIMIT   NET I/O   BLOCK I/O   PIDS
b44356d46825   0.00%     0B / 0B             0B / 0B   0B / 0B     0
2025-03-10 18:14:12 CONTAINER      CPU %     MEM USAGE / LIMIT   NET I/O   BLOCK I/O   PIDS
b44356d46825   0.00%     0B / 0B             0B / 0B   0B / 0B     0
2025-03-10 18:14:13 CONTAINER      CPU %     MEM USAGE / LIMIT   NET I/O   BLOCK I/O   PIDS
b44356d46825   0.00%     0B / 0B             0B / 0B   0B / 0B     0
2025-03-10 18:14:15 CONTAINER      CPU %     MEM USAGE / LIMIT   NET I/O   BLOCK I/O   PIDS
b44356d46825   0.00%     0B / 0B             0B / 0B   0B / 0B     0
2025-03-10 18:14:17 CONTAINER      CPU %     MEM USAGE / LIMIT   NET I/O   BLOCK I/O   PIDS
b44356d46825   0.00%     0B / 0B             0B / 0B   0B / 0B     0
2025-03-10 18:14:18 CONTAINER      CPU %     MEM USAGE / LIMIT   NET I/O   BLOCK I/O   PIDS
b44356d46825   0.00%     0B / 0B             0B / 0B   0B / 0B     0
