2025-03-10 17:58:42 CONTAINER      CPU %     MEM USAGE / LIMIT   NET I/O       BLOCK I/O     PIDS
5b14c48454f7   41.41%    25.58MiB / 512MiB   1.95kB / 0B   39.4MB / 0B   10
2025-03-10 17:58:45 CONTAINER      CPU %     MEM USAGE / LIMIT   NET I/O       BLOCK I/O     PIDS
5b14c48454f7   40.51%    32.14MiB / 512MiB   2.16kB / 0B   52.1MB / 0B   10
2025-03-10 17:58:48 CONTAINER      CPU %     MEM USAGE / LIMIT   NET I/O       BLOCK I/O     PIDS
5b14c48454f7   40.59%    37.37MiB / 512MiB   2.36kB / 0B   63.7MB / 0B   10
2025-03-10 17:58:50 CONTAINER      CPU %     MEM USAGE / LIMIT   NET I/O       BLOCK I/O     PIDS
5b14c48454f7   18.64%    40.55MiB / 512MiB   2.36kB / 0B   70.6MB / 0B   10
2025-03-10 17:58:53 CONTAINER      CPU %     MEM USAGE / LIMIT   NET I/O           BLOCK I/O     PIDS
5b14c48454f7   40.55%    48.61MiB / 512MiB   4.08MB / 25.3kB   70.7MB / 0B   16
2025-03-10 17:58:55 CONTAINER      CPU %     MEM USAGE / LIMIT   NET I/O           BLOCK I/O     PIDS
5b14c48454f7   40.81%    62.39MiB / 512MiB   4.61MB / 30.3kB   78.3MB / 0B   26
2025-03-10 17:58:58 CONTAINER      CPU %     MEM USAGE / LIMIT   NET I/O           BLOCK I/O     PIDS
5b14c48454f7   41.07%    63.29MiB / 512MiB   5.66MB / 48.8kB   78.3MB / 0B   26
2025-03-10 17:59:01 CONTAINER      CPU %     MEM USAGE / LIMIT   NET I/O           BLOCK I/O     PIDS
5b14c48454f7   42.20%    64.74MiB / 512MiB   6.71MB / 60.2kB   78.3MB / 0B   26
2025-03-10 17:59:03 CONTAINER      CPU %     MEM USAGE / LIMIT   NET I/O           BLOCK I/O     PIDS
5b14c48454f7   39.75%    66.65MiB / 512MiB   8.29MB / 66.3kB   78.3MB / 0B   26
2025-03-10 17:59:06 CONTAINER      CPU %     MEM USAGE / LIMIT   NET I/O           BLOCK I/O     PIDS
5b14c48454f7   40.34%    68.38MiB / 512MiB   8.29MB / 66.3kB   78.3MB / 0B   26
2025-03-10 17:59:08 CONTAINER      CPU %     MEM USAGE / LIMIT   NET I/O           BLOCK I/O     PIDS
5b14c48454f7   39.95%    70.04MiB / 512MiB   8.29MB / 66.3kB   78.3MB / 0B   26
2025-03-10 17:59:11 CONTAINER      CPU %     MEM USAGE / LIMIT   NET I/O           BLOCK I/O     PIDS
5b14c48454f7   40.68%    71.41MiB / 512MiB   8.29MB / 66.3kB   78.3MB / 0B   26
2025-03-10 17:59:13 CONTAINER      CPU %     MEM USAGE / LIMIT   NET I/O           BLOCK I/O     PIDS
5b14c48454f7   40.87%    70.7MiB / 512MiB    8.29MB / 66.3kB   78.3MB / 0B   26
2025-03-10 17:59:16 CONTAINER      CPU %     MEM USAGE / LIMIT   NET I/O   BLOCK I/O   PIDS
5b14c48454f7   0.00%     0B / 0B             0B / 0B   0B / 0B     0
2025-03-10 17:59:18 CONTAINER      CPU %     MEM USAGE / LIMIT   NET I/O   BLOCK I/O   PIDS
5b14c48454f7   0.00%     0B / 0B             0B / 0B   0B / 0B     0
2025-03-10 17:59:19 CONTAINER      CPU %     MEM USAGE / LIMIT   NET I/O   BLOCK I/O   PIDS
5b14c48454f7   0.00%     0B / 0B             0B / 0B   0B / 0B     0
2025-03-10 17:59:21 CONTAINER      CPU %     MEM USAGE / LIMIT   NET I/O   BLOCK I/O   PIDS
5b14c48454f7   0.00%     0B / 0B             0B / 0B   0B / 0B     0
2025-03-10 17:59:22 CONTAINER      CPU %     MEM USAGE / LIMIT   NET I/O   BLOCK I/O   PIDS
5b14c48454f7   0.00%     0B / 0B             0B / 0B   0B / 0B     0
2025-03-10 17:59:24 CONTAINER      CPU %     MEM USAGE / LIMIT   NET I/O   BLOCK I/O   PIDS
5b14c48454f7   0.00%     0B / 0B             0B / 0B   0B / 0B     0
2025-03-10 17:59:26 CONTAINER      CPU %     MEM USAGE / LIMIT   NET I/O   BLOCK I/O   PIDS
5b14c48454f7   0.00%     0B / 0B             0B / 0B   0B / 0B     0
2025-03-10 17:59:27 CONTAINER      CPU %     MEM USAGE / LIMIT   NET I/O   BLOCK I/O   PIDS
5b14c48454f7   0.00%     0B / 0B             0B / 0B   0B / 0B     0
2025-03-10 17:59:29 CONTAINER      CPU %     MEM USAGE / LIMIT   NET I/O   BLOCK I/O   PIDS
5b14c48454f7   0.00%     0B / 0B             0B / 0B   0B / 0B     0
2025-03-10 17:59:30 CONTAINER      CPU %     MEM USAGE / LIMIT   NET I/O   BLOCK I/O   PIDS
5b14c48454f7   0.00%     0B / 0B             0B / 0B   0B / 0B     0
2025-03-10 17:59:32 CONTAINER      CPU %     MEM USAGE / LIMIT   NET I/O   BLOCK I/O   PIDS
5b14c48454f7   0.00%     0B / 0B             0B / 0B   0B / 0B     0
2025-03-10 17:59:33 CONTAINER      CPU %     MEM USAGE / LIMIT   NET I/O   BLOCK I/O   PIDS
5b14c48454f7   0.00%     0B / 0B             0B / 0B   0B / 0B     0
2025-03-10 17:59:35 CONTAINER      CPU %     MEM USAGE / LIMIT   NET I/O   BLOCK I/O   PIDS
5b14c48454f7   0.00%     0B / 0B             0B / 0B   0B / 0B     0
2025-03-10 17:59:37 CONTAINER      CPU %     MEM USAGE / LIMIT   NET I/O   BLOCK I/O   PIDS
5b14c48454f7   0.00%     0B / 0B             0B / 0B   0B / 0B     0
2025-03-10 17:59:38 CONTAINER      CPU %     MEM USAGE / LIMIT   NET I/O   BLOCK I/O   PIDS
5b14c48454f7   0.00%     0B / 0B             0B / 0B   0B / 0B     0
2025-03-10 17:59:40 CONTAINER      CPU %     MEM USAGE / LIMIT   NET I/O   BLOCK I/O   PIDS
5b14c48454f7   0.00%     0B / 0B             0B / 0B   0B / 0B     0
2025-03-10 17:59:41 CONTAINER      CPU %     MEM USAGE / LIMIT   NET I/O   BLOCK I/O   PIDS
5b14c48454f7   0.00%     0B / 0B             0B / 0B   0B / 0B     0
2025-03-10 17:59:43 CONTAINER      CPU %     MEM USAGE / LIMIT   NET I/O   BLOCK I/O   PIDS
5b14c48454f7   0.00%     0B / 0B             0B / 0B   0B / 0B     0
2025-03-10 17:59:45 CONTAINER      CPU %     MEM USAGE / LIMIT   NET I/O   BLOCK I/O   PIDS
5b14c48454f7   0.00%     0B / 0B             0B / 0B   0B / 0B     0
2025-03-10 17:59:46 CONTAINER      CPU %     MEM USAGE / LIMIT   NET I/O   BLOCK I/O   PIDS
5b14c48454f7   0.00%     0B / 0B             0B / 0B   0B / 0B     0
