2025-03-10 17:54:58 CONTAINER      CPU %     MEM USAGE / LIMIT   NET I/O     BLOCK I/O     PIDS
e09fd8a4305d   40.47%    23.28MiB / 512MiB   838B / 0B   39.4MB / 0B   10
2025-03-10 17:55:01 CONTAINER      CPU %     MEM USAGE / LIMIT   NET I/O       BLOCK I/O     PIDS
e09fd8a4305d   42.82%    30.77MiB / 512MiB   2.16kB / 0B   52.4MB / 0B   10
2025-03-10 17:55:03 CONTAINER      CPU %     MEM USAGE / LIMIT   NET I/O       BLOCK I/O     PIDS
e09fd8a4305d   43.79%    34.46MiB / 512MiB   2.36kB / 0B   63.6MB / 0B   10
2025-03-10 17:55:06 CONTAINER      CPU %     MEM USAGE / LIMIT   NET I/O       BLOCK I/O     PIDS
e09fd8a4305d   33.98%    38.99MiB / 512MiB   2.36kB / 0B   70.6MB / 0B   10
2025-03-10 17:55:09 CONTAINER      CPU %     MEM USAGE / LIMIT   NET I/O           BLOCK I/O     PIDS
e09fd8a4305d   33.77%    55.17MiB / 512MiB   4.07MB / 19.9kB   70.7MB / 0B   16
2025-03-10 17:55:11 CONTAINER      CPU %     MEM USAGE / LIMIT   NET I/O           BLOCK I/O     PIDS
e09fd8a4305d   41.09%    64.09MiB / 512MiB   4.07MB / 19.9kB   70.7MB / 0B   16
2025-03-10 17:55:14 CONTAINER      CPU %     MEM USAGE / LIMIT   NET I/O          BLOCK I/O     PIDS
e09fd8a4305d   40.04%    73.38MiB / 512MiB   5.4MB / 35.4kB   78.3MB / 0B   30
2025-03-10 17:55:16 CONTAINER      CPU %     MEM USAGE / LIMIT   NET I/O          BLOCK I/O     PIDS
e09fd8a4305d   40.79%    75.65MiB / 512MiB   5.4MB / 35.4kB   78.3MB / 0B   30
2025-03-10 17:55:19 CONTAINER      CPU %     MEM USAGE / LIMIT   NET I/O          BLOCK I/O     PIDS
e09fd8a4305d   40.56%    75.98MiB / 512MiB   5.4MB / 35.4kB   78.3MB / 0B   30
2025-03-10 17:55:21 CONTAINER      CPU %     MEM USAGE / LIMIT   NET I/O           BLOCK I/O     PIDS
e09fd8a4305d   0.43%     79.8MiB / 512MiB    5.41MB / 41.3kB   78.3MB / 0B   30
2025-03-10 17:55:24 CONTAINER      CPU %     MEM USAGE / LIMIT   NET I/O           BLOCK I/O     PIDS
e09fd8a4305d   0.43%     79.8MiB / 512MiB    5.41MB / 41.3kB   78.3MB / 0B   30
2025-03-10 17:55:27 CONTAINER      CPU %     MEM USAGE / LIMIT   NET I/O           BLOCK I/O     PIDS
e09fd8a4305d   0.38%     79.8MiB / 512MiB    5.41MB / 41.3kB   78.3MB / 0B   30
2025-03-10 17:55:29 CONTAINER      CPU %     MEM USAGE / LIMIT   NET I/O           BLOCK I/O     PIDS
e09fd8a4305d   0.30%     79.8MiB / 512MiB    5.41MB / 41.3kB   78.3MB / 0B   30
2025-03-10 17:55:32 CONTAINER      CPU %     MEM USAGE / LIMIT   NET I/O           BLOCK I/O     PIDS
e09fd8a4305d   0.49%     79.8MiB / 512MiB    5.41MB / 41.3kB   78.3MB / 0B   30
2025-03-10 17:55:35 CONTAINER      CPU %     MEM USAGE / LIMIT   NET I/O           BLOCK I/O     PIDS
e09fd8a4305d   0.42%     79.8MiB / 512MiB    5.41MB / 41.3kB   78.3MB / 0B   30
2025-03-10 17:55:37 CONTAINER      CPU %     MEM USAGE / LIMIT   NET I/O           BLOCK I/O     PIDS
e09fd8a4305d   0.59%     79.8MiB / 512MiB    5.41MB / 41.3kB   78.3MB / 0B   30
2025-03-10 17:55:40 CONTAINER      CPU %     MEM USAGE / LIMIT   NET I/O           BLOCK I/O     PIDS
e09fd8a4305d   0.41%     79.8MiB / 512MiB    5.41MB / 41.3kB   78.3MB / 0B   30
2025-03-10 17:55:42 CONTAINER      CPU %     MEM USAGE / LIMIT   NET I/O           BLOCK I/O     PIDS
e09fd8a4305d   0.49%     79.8MiB / 512MiB    5.41MB / 41.3kB   78.3MB / 0B   30
2025-03-10 17:55:45 CONTAINER      CPU %     MEM USAGE / LIMIT   NET I/O           BLOCK I/O     PIDS
e09fd8a4305d   0.46%     79.8MiB / 512MiB    5.41MB / 41.3kB   78.3MB / 0B   30
2025-03-10 17:55:48 CONTAINER      CPU %     MEM USAGE / LIMIT   NET I/O           BLOCK I/O     PIDS
e09fd8a4305d   0.50%     79.8MiB / 512MiB    5.41MB / 41.3kB   78.3MB / 0B   30
2025-03-10 17:55:50 CONTAINER      CPU %     MEM USAGE / LIMIT   NET I/O           BLOCK I/O     PIDS
e09fd8a4305d   0.36%     79.8MiB / 512MiB    5.41MB / 41.3kB   78.3MB / 0B   30
2025-03-10 17:55:53 CONTAINER      CPU %     MEM USAGE / LIMIT   NET I/O           BLOCK I/O     PIDS
e09fd8a4305d   0.47%     79.8MiB / 512MiB    5.41MB / 41.3kB   78.3MB / 0B   30
2025-03-10 17:55:56 CONTAINER      CPU %     MEM USAGE / LIMIT   NET I/O           BLOCK I/O     PIDS
e09fd8a4305d   0.62%     79.8MiB / 512MiB    5.41MB / 41.3kB   78.3MB / 0B   30
2025-03-10 17:55:58 CONTAINER      CPU %     MEM USAGE / LIMIT   NET I/O           BLOCK I/O     PIDS
e09fd8a4305d   0.31%     79.8MiB / 512MiB    5.41MB / 41.3kB   78.3MB / 0B   21
