2025-03-10 18:19:45 CONTAINER      CPU %     MEM USAGE / LIMIT   NET I/O     BLOCK I/O     PIDS
7439f6152c21   40.77%    17.48MiB / 512MiB   838B / 0B   38.9MB / 0B   10
2025-03-10 18:19:47 CONTAINER      CPU %     MEM USAGE / LIMIT   NET I/O       BLOCK I/O     PIDS
7439f6152c21   40.71%    26.48MiB / 512MiB   2.16kB / 0B   46.6MB / 0B   10
2025-03-10 18:19:50 CONTAINER      CPU %     MEM USAGE / LIMIT   NET I/O       BLOCK I/O     PIDS
7439f6152c21   39.74%    31.79MiB / 512MiB   2.36kB / 0B   63.5MB / 0B   10
2025-03-10 18:19:52 CONTAINER      CPU %     MEM USAGE / LIMIT   NET I/O       BLOCK I/O     PIDS
7439f6152c21   39.93%    36.33MiB / 512MiB   2.36kB / 0B   67.1MB / 0B   10
2025-03-10 18:19:55 CONTAINER      CPU %     MEM USAGE / LIMIT   NET I/O           BLOCK I/O     PIDS
7439f6152c21   16.61%    38.07MiB / 512MiB   3.76MB / 16.9kB   70.6MB / 0B   16
2025-03-10 18:19:58 CONTAINER      CPU %     MEM USAGE / LIMIT   NET I/O           BLOCK I/O     PIDS
7439f6152c21   40.59%    48.7MiB / 512MiB    4.07MB / 17.3kB   70.7MB / 0B   16
2025-03-10 18:20:00 CONTAINER      CPU %     MEM USAGE / LIMIT   NET I/O           BLOCK I/O     PIDS
7439f6152c21   40.63%    57.35MiB / 512MiB   4.82MB / 28.7kB   78.5MB / 0B   24
2025-03-10 18:20:03 CONTAINER      CPU %     MEM USAGE / LIMIT   NET I/O           BLOCK I/O     PIDS
7439f6152c21   40.35%    57.79MiB / 512MiB   6.18MB / 47.6kB   78.5MB / 0B   24
2025-03-10 18:20:05 CONTAINER      CPU %     MEM USAGE / LIMIT   NET I/O           BLOCK I/O     PIDS
7439f6152c21   39.15%    61.76MiB / 512MiB   7.75MB / 54.7kB   78.5MB / 0B   24
2025-03-10 18:20:08 CONTAINER      CPU %     MEM USAGE / LIMIT   NET I/O           BLOCK I/O     PIDS
7439f6152c21   40.23%    64.78MiB / 512MiB   7.75MB / 54.7kB   78.5MB / 0B   24
2025-03-10 18:20:11 CONTAINER      CPU %     MEM USAGE / LIMIT   NET I/O           BLOCK I/O     PIDS
7439f6152c21   39.98%    65.05MiB / 512MiB   7.75MB / 54.7kB   78.5MB / 0B   24
2025-03-10 18:20:13 CONTAINER      CPU %     MEM USAGE / LIMIT   NET I/O           BLOCK I/O     PIDS
7439f6152c21   39.83%    66.38MiB / 512MiB   7.75MB / 54.7kB   78.5MB / 0B   24
2025-03-10 18:20:16 CONTAINER      CPU %     MEM USAGE / LIMIT   NET I/O           BLOCK I/O     PIDS
7439f6152c21   40.78%    65.8MiB / 512MiB    7.75MB / 54.7kB   78.5MB / 0B   24
2025-03-10 18:20:18 CONTAINER      CPU %     MEM USAGE / LIMIT   NET I/O           BLOCK I/O     PIDS
7439f6152c21   41.07%    68.29MiB / 512MiB   7.75MB / 54.7kB   78.5MB / 0B   24
2025-03-10 18:20:21 CONTAINER      CPU %     MEM USAGE / LIMIT   NET I/O   BLOCK I/O   PIDS
7439f6152c21   0.00%     0B / 0B             0B / 0B   0B / 0B     0
2025-03-10 18:20:24 CONTAINER      CPU %     MEM USAGE / LIMIT   NET I/O   BLOCK I/O   PIDS
7439f6152c21   0.00%     0B / 0B             0B / 0B   0B / 0B     0
2025-03-10 18:20:25 CONTAINER      CPU %     MEM USAGE / LIMIT   NET I/O   BLOCK I/O   PIDS
7439f6152c21   0.00%     0B / 0B             0B / 0B   0B / 0B     0
2025-03-10 18:20:27 CONTAINER      CPU %     MEM USAGE / LIMIT   NET I/O   BLOCK I/O   PIDS
7439f6152c21   0.00%     0B / 0B             0B / 0B   0B / 0B     0
2025-03-10 18:20:28 CONTAINER      CPU %     MEM USAGE / LIMIT   NET I/O   BLOCK I/O   PIDS
7439f6152c21   0.00%     0B / 0B             0B / 0B   0B / 0B     0
2025-03-10 18:20:30 CONTAINER      CPU %     MEM USAGE / LIMIT   NET I/O   BLOCK I/O   PIDS
7439f6152c21   0.00%     0B / 0B             0B / 0B   0B / 0B     0
2025-03-10 18:20:31 CONTAINER      CPU %     MEM USAGE / LIMIT   NET I/O   BLOCK I/O   PIDS
7439f6152c21   0.00%     0B / 0B             0B / 0B   0B / 0B     0
2025-03-10 18:20:33 CONTAINER      CPU %     MEM USAGE / LIMIT   NET I/O   BLOCK I/O   PIDS
7439f6152c21   0.00%     0B / 0B             0B / 0B   0B / 0B     0
2025-03-10 18:20:35 CONTAINER      CPU %     MEM USAGE / LIMIT   NET I/O   BLOCK I/O   PIDS
7439f6152c21   0.00%     0B / 0B             0B / 0B   0B / 0B     0
2025-03-10 18:20:36 CONTAINER      CPU %     MEM USAGE / LIMIT   NET I/O   BLOCK I/O   PIDS
7439f6152c21   0.00%     0B / 0B             0B / 0B   0B / 0B     0
2025-03-10 18:20:38 CONTAINER      CPU %     MEM USAGE / LIMIT   NET I/O   BLOCK I/O   PIDS
7439f6152c21   0.00%     0B / 0B             0B / 0B   0B / 0B     0
2025-03-10 18:20:39 CONTAINER      CPU %     MEM USAGE / LIMIT   NET I/O   BLOCK I/O   PIDS
7439f6152c21   0.00%     0B / 0B             0B / 0B   0B / 0B     0
2025-03-10 18:20:41 CONTAINER      CPU %     MEM USAGE / LIMIT   NET I/O   BLOCK I/O   PIDS
7439f6152c21   0.00%     0B / 0B             0B / 0B   0B / 0B     0
2025-03-10 18:20:43 CONTAINER      CPU %     MEM USAGE / LIMIT   NET I/O   BLOCK I/O   PIDS
7439f6152c21   0.00%     0B / 0B             0B / 0B   0B / 0B     0
2025-03-10 18:20:44 CONTAINER      CPU %     MEM USAGE / LIMIT   NET I/O   BLOCK I/O   PIDS
7439f6152c21   0.00%     0B / 0B             0B / 0B   0B / 0B     0
2025-03-10 18:20:46 CONTAINER      CPU %     MEM USAGE / LIMIT   NET I/O   BLOCK I/O   PIDS
7439f6152c21   0.00%     0B / 0B             0B / 0B   0B / 0B     0
