2025-03-10 18:16:38 #           time             counts unit events
2025-03-10 18:16:38 1.001350261        386 892 628      cycles
2025-03-10 18:16:38 1.001350261        224 688 335      instructions              #    0,58  insn per cycle
2025-03-10 18:16:38 1.001350261        100 624 718      cache-references
2025-03-10 18:16:38 1.001350261          3 258 105      cache-misses              #    3,238 % of all cache refs
2025-03-10 18:16:39 2.001797601        394 957 094      cycles
2025-03-10 18:16:39 2.001797601        239 454 490      instructions              #    0,61  insn per cycle
2025-03-10 18:16:39 2.001797601        111 552 184      cache-references
2025-03-10 18:16:39 2.001797601          3 451 019      cache-misses              #    3,253 % of all cache refs
2025-03-10 18:16:40 3.002219263        436 476 838      cycles
2025-03-10 18:16:40 3.002219263        278 593 398      instructions              #    0,69  insn per cycle
2025-03-10 18:16:40 3.002219263        129 503 847      cache-references
2025-03-10 18:16:40 3.002219263          3 443 326      cache-misses              #    3,023 % of all cache refs
2025-03-10 18:16:41 4.002942073        325 503 231      cycles
2025-03-10 18:16:41 4.002942073        190 311 902      instructions              #    0,49  insn per cycle
2025-03-10 18:16:41 4.002942073         91 667 683      cache-references
2025-03-10 18:16:41 4.002942073          2 971 692      cache-misses              #    2,743 % of all cache refs
2025-03-10 18:16:42 5.003517227        460 013 181      cycles
2025-03-10 18:16:42 5.003517227        267 295 051      instructions              #    0,67  insn per cycle
2025-03-10 18:16:42 5.003517227        127 379 178      cache-references
2025-03-10 18:16:42 5.003517227          3 919 412      cache-misses              #    3,495 % of all cache refs
2025-03-10 18:16:43 6.003946806        420 719 672      cycles
2025-03-10 18:16:43 6.003946806        250 957 964      instructions              #    0,62  insn per cycle
2025-03-10 18:16:43 6.003946806        119 387 177      cache-references
2025-03-10 18:16:43 6.003946806          3 685 163      cache-misses              #    3,251 % of all cache refs
2025-03-10 18:16:44 7.004535917        349 666 678      cycles
2025-03-10 18:16:44 7.004535917        202 196 437      instructions              #    0,51  insn per cycle
2025-03-10 18:16:44 7.004535917         94 116 227      cache-references
2025-03-10 18:16:44 7.004535917          3 049 472      cache-misses              #    2,757 % of all cache refs
2025-03-10 18:16:45 8.005749876        245 625 290      cycles
2025-03-10 18:16:45 8.005749876        154 731 427      instructions              #    0,41  insn per cycle
2025-03-10 18:16:45 8.005749876         73 126 503      cache-references
2025-03-10 18:16:45 8.005749876          2 093 292      cache-misses              #    1,976 % of all cache refs
2025-03-10 18:16:46 9.006914875         99 519 069      cycles
2025-03-10 18:16:46 9.006914875         50 845 613      instructions              #    0,15  insn per cycle
2025-03-10 18:16:46 9.006914875         24 114 031      cache-references
2025-03-10 18:16:46 9.006914875            742 740      cache-misses              #    0,767 % of all cache refs
2025-03-10 18:16:47 10.007677634        220 873 231      cycles
2025-03-10 18:16:47 10.007677634        142 424 175      instructions              #    0,43  insn per cycle
2025-03-10 18:16:47 10.007677634         61 382 908      cache-references
2025-03-10 18:16:47 10.007677634          2 200 939      cache-misses              #    2,359 % of all cache refs
2025-03-10 18:16:48 11.008622528        361 862 371      cycles
2025-03-10 18:16:48 11.008622528        202 261 851      instructions              #    0,60  insn per cycle
2025-03-10 18:16:48 11.008622528         91 377 492      cache-references
2025-03-10 18:16:48 11.008622528          3 230 306      cache-misses              #    3,469 % of all cache refs
2025-03-10 18:16:49 12.009775444        471 995 152      cycles
2025-03-10 18:16:49 12.009775444        282 274 502      instructions              #    0,81  insn per cycle
2025-03-10 18:16:49 12.009775444        115 050 211      cache-references
2025-03-10 18:16:49 12.009775444          4 457 062      cache-misses              #    4,695 % of all cache refs
2025-03-10 18:16:50 13.010790704        418 559 627      cycles
2025-03-10 18:16:50 13.010790704        234 023 427      instructions              #    0,66  insn per cycle
2025-03-10 18:16:50 13.010790704        103 491 124      cache-references
2025-03-10 18:16:50 13.010790704          3 936 126      cache-misses              #    4,117 % of all cache refs
2025-03-10 18:16:51 14.011509556        374 758 304      cycles
2025-03-10 18:16:51 14.011509556        207 308 581      instructions              #    0,58  insn per cycle
2025-03-10 18:16:51 14.011509556         97 478 197      cache-references
2025-03-10 18:16:51 14.011509556          2 853 480      cache-misses              #    2,981 % of all cache refs
2025-03-10 18:16:52 15.012060750        501 293 684      cycles
2025-03-10 18:16:52 15.012060750        232 097 790      instructions              #    0,64  insn per cycle
2025-03-10 18:16:52 15.012060750        111 537 547      cache-references
2025-03-10 18:16:52 15.012060750          6 312 635      cache-misses              #    6,522 % of all cache refs
2025-03-10 18:16:53 16.012659080        376 934 056      cycles
2025-03-10 18:16:53 16.012659080        196 332 247      instructions              #    0,54  insn per cycle
2025-03-10 18:16:53 16.012659080         90 076 152      cache-references
2025-03-10 18:16:53 16.012659080          4 635 666      cache-misses              #    4,810 % of all cache refs
2025-03-10 18:16:54 17.013287619        361 143 407      cycles
2025-03-10 18:16:54 17.013287619        179 262 817      instructions              #    0,49  insn per cycle
2025-03-10 18:16:54 17.013287619         79 939 580      cache-references
2025-03-10 18:16:54 17.013287619          5 245 422      cache-misses              #    5,498 % of all cache refs
2025-03-10 18:16:55 18.013852304        407 790 708      cycles
2025-03-10 18:16:55 18.013852304        227 054 407      instructions              #    0,62  insn per cycle
2025-03-10 18:16:55 18.013852304        104 369 305      cache-references
2025-03-10 18:16:55 18.013852304          5 949 777      cache-misses              #    6,204 % of all cache refs
2025-03-10 18:16:56 19.014433082        381 290 517      cycles
2025-03-10 18:16:56 19.014433082        194 596 375      instructions              #    0,53  insn per cycle
2025-03-10 18:16:56 19.014433082         90 216 905      cache-references
2025-03-10 18:16:56 19.014433082          5 634 145      cache-misses              #    5,893 % of all cache refs
2025-03-10 18:16:57 20.014993860        359 260 697      cycles
2025-03-10 18:16:57 20.014993860        190 583 002      instructions              #    0,52  insn per cycle
2025-03-10 18:16:57 20.014993860         86 920 313      cache-references
2025-03-10 18:16:57 20.014993860          5 293 568      cache-misses              #    5,562 % of all cache refs
2025-03-10 18:16:58 21.015522971        409 976 840      cycles
2025-03-10 18:16:58 21.015522971        231 812 079      instructions              #    0,63  insn per cycle
2025-03-10 18:16:58 21.015522971        102 473 541      cache-references
2025-03-10 18:16:58 21.015522971          5 163 606      cache-misses              #    5,406 % of all cache refs
2025-03-10 18:16:59 22.015967759        396 925 023      cycles
2025-03-10 18:16:59 22.015967759        229 059 022      instructions              #    0,62  insn per cycle
2025-03-10 18:16:59 22.015967759        105 891 191      cache-references
2025-03-10 18:16:59 22.015967759          4 801 827      cache-misses              #    5,003 % of all cache refs
2025-03-10 18:17:00 23.016332286        517 088 046      cycles
2025-03-10 18:17:00 23.016332286        276 624 540      instructions              #    0,73  insn per cycle
2025-03-10 18:17:00 23.016332286        122 280 588      cache-references
2025-03-10 18:17:00 23.016332286          6 114 307      cache-misses              #    6,295 % of all cache refs
2025-03-10 18:17:01 24.016691709        548 329 065      cycles
2025-03-10 18:17:01 24.016691709        366 685 550      instructions              #    0,95  insn per cycle
2025-03-10 18:17:01 24.016691709        157 643 617      cache-references
2025-03-10 18:17:01 24.016691709          5 838 472      cache-misses              #    5,859 % of all cache refs
2025-03-10 18:17:02 25.017080871        509 796 702      cycles
2025-03-10 18:17:02 25.017080871        358 214 158      instructions              #    0,92  insn per cycle
2025-03-10 18:17:02 25.017080871        149 395 558      cache-references
2025-03-10 18:17:02 25.017080871          5 540 787      cache-misses              #    5,451 % of all cache refs
2025-03-10 18:17:03 #           time             counts unit events
2025-03-10 18:17:03 26.017546805        469 939 454      cycles
2025-03-10 18:17:03 26.017546805        254 508 348      instructions              #    0,65  insn per cycle
2025-03-10 18:17:03 26.017546805        112 737 206      cache-references
2025-03-10 18:17:03 26.017546805          5 705 265      cache-misses              #    5,590 % of all cache refs
2025-03-10 18:17:04 27.018175656        405 492 326      cycles
2025-03-10 18:17:04 27.018175656        262 484 570      instructions              #    0,67  insn per cycle
2025-03-10 18:17:04 27.018175656        118 776 817      cache-references
2025-03-10 18:17:04 27.018175656          5 519 067      cache-misses              #    5,375 % of all cache refs
2025-03-10 18:17:05 28.018664299        415 485 056      cycles
2025-03-10 18:17:05 28.018664299        294 089 201      instructions              #    0,75  insn per cycle
2025-03-10 18:17:05 28.018664299        127 425 340      cache-references
2025-03-10 18:17:05 28.018664299          7 353 773      cache-misses              #    7,100 % of all cache refs
2025-03-10 18:17:06 29.019118201        469 460 539      cycles
2025-03-10 18:17:06 29.019118201        270 282 220      instructions              #    0,68  insn per cycle
2025-03-10 18:17:06 29.019118201        113 776 986      cache-references
2025-03-10 18:17:06 29.019118201          5 353 301      cache-misses              #    5,151 % of all cache refs
2025-03-10 18:17:07 30.019438614        489 125 974      cycles
2025-03-10 18:17:07 30.019438614        267 687 363      instructions              #    0,67  insn per cycle
2025-03-10 18:17:07 30.019438614        114 825 925      cache-references
2025-03-10 18:17:07 30.019438614          5 542 235      cache-misses              #    5,315 % of all cache refs
2025-03-10 18:17:08 31.019791109        550 810 665      cycles
2025-03-10 18:17:08 31.019791109        300 189 009      instructions              #    0,74  insn per cycle
2025-03-10 18:17:08 31.019791109        130 709 286      cache-references
2025-03-10 18:17:08 31.019791109          5 737 136      cache-misses              #    5,457 % of all cache refs
2025-03-10 18:17:09 32.020096938        297 604 179      cycles
2025-03-10 18:17:09 32.020096938        153 119 477      instructions              #    0,38  insn per cycle
2025-03-10 18:17:09 32.020096938         69 659 855      cache-references
2025-03-10 18:17:09 32.020096938          2 733 398      cache-misses              #    2,628 % of all cache refs
2025-03-10 18:17:10 33.021171469      <not counted>      cycles
2025-03-10 18:17:10 33.021171469      <not counted>      instructions
2025-03-10 18:17:10 33.021171469      <not counted>      cache-references
2025-03-10 18:17:10 33.021171469      <not counted>      cache-misses
2025-03-10 18:17:11 34.022790898      <not counted>      cycles
2025-03-10 18:17:11 34.022790898      <not counted>      instructions
2025-03-10 18:17:11 34.022790898      <not counted>      cache-references
2025-03-10 18:17:11 34.022790898      <not counted>      cache-misses
2025-03-10 18:17:12 35.023473447      <not counted>      cycles
2025-03-10 18:17:12 35.023473447      <not counted>      instructions
2025-03-10 18:17:12 35.023473447      <not counted>      cache-references
2025-03-10 18:17:12 35.023473447      <not counted>      cache-misses
2025-03-10 18:17:13 36.024454331      <not counted>      cycles
2025-03-10 18:17:13 36.024454331      <not counted>      instructions
2025-03-10 18:17:13 36.024454331      <not counted>      cache-references
2025-03-10 18:17:13 36.024454331      <not counted>      cache-misses
2025-03-10 18:17:14 37.026644388      <not counted>      cycles
2025-03-10 18:17:14 37.026644388      <not counted>      instructions
2025-03-10 18:17:14 37.026644388      <not counted>      cache-references
2025-03-10 18:17:14 37.026644388      <not counted>      cache-misses
2025-03-10 18:17:15 38.029863096      <not counted>      cycles
2025-03-10 18:17:15 38.029863096      <not counted>      instructions
2025-03-10 18:17:15 38.029863096      <not counted>      cache-references
2025-03-10 18:17:15 38.029863096      <not counted>      cache-misses
2025-03-10 18:17:16 39.032997532      <not counted>      cycles
2025-03-10 18:17:16 39.032997532      <not counted>      instructions
2025-03-10 18:17:16 39.032997532      <not counted>      cache-references
2025-03-10 18:17:16 39.032997532      <not counted>      cache-misses
2025-03-10 18:17:17 40.035696862      <not counted>      cycles
2025-03-10 18:17:17 40.035696862      <not counted>      instructions
2025-03-10 18:17:17 40.035696862      <not counted>      cache-references
2025-03-10 18:17:17 40.035696862      <not counted>      cache-misses
2025-03-10 18:17:18 41.038668329      <not counted>      cycles
2025-03-10 18:17:18 41.038668329      <not counted>      instructions
2025-03-10 18:17:18 41.038668329      <not counted>      cache-references
2025-03-10 18:17:18 41.038668329      <not counted>      cache-misses
2025-03-10 18:17:19 42.041859015      <not counted>      cycles
2025-03-10 18:17:19 42.041859015      <not counted>      instructions
2025-03-10 18:17:19 42.041859015      <not counted>      cache-references
2025-03-10 18:17:19 42.041859015      <not counted>      cache-misses
2025-03-10 18:17:20 43.044928399      <not counted>      cycles
2025-03-10 18:17:20 43.044928399      <not counted>      instructions
2025-03-10 18:17:20 43.044928399      <not counted>      cache-references
2025-03-10 18:17:20 43.044928399      <not counted>      cache-misses
2025-03-10 18:17:21 44.046256056      <not counted>      cycles
2025-03-10 18:17:21 44.046256056      <not counted>      instructions
2025-03-10 18:17:21 44.046256056      <not counted>      cache-references
2025-03-10 18:17:21 44.046256056      <not counted>      cache-misses
2025-03-10 18:17:22 45.046609698      <not counted>      cycles
2025-03-10 18:17:22 45.046609698      <not counted>      instructions
2025-03-10 18:17:22 45.046609698      <not counted>      cache-references
2025-03-10 18:17:22 45.046609698      <not counted>      cache-misses
2025-03-10 18:17:23 46.048287616      <not counted>      cycles
2025-03-10 18:17:23 46.048287616      <not counted>      instructions
2025-03-10 18:17:23 46.048287616      <not counted>      cache-references
2025-03-10 18:17:23 46.048287616      <not counted>      cache-misses
2025-03-10 18:17:24 47.051499866      <not counted>      cycles
2025-03-10 18:17:24 47.051499866      <not counted>      instructions
2025-03-10 18:17:24 47.051499866      <not counted>      cache-references
2025-03-10 18:17:24 47.051499866      <not counted>      cache-misses
2025-03-10 18:17:25 48.055250451      <not counted>      cycles
2025-03-10 18:17:25 48.055250451      <not counted>      instructions
2025-03-10 18:17:25 48.055250451      <not counted>      cache-references
2025-03-10 18:17:25 48.055250451      <not counted>      cache-misses
2025-03-10 18:17:26 49.057915926      <not counted>      cycles
2025-03-10 18:17:26 49.057915926      <not counted>      instructions
2025-03-10 18:17:26 49.057915926      <not counted>      cache-references
2025-03-10 18:17:26 49.057915926      <not counted>      cache-misses
2025-03-10 18:17:27 50.061121613      <not counted>      cycles
2025-03-10 18:17:27 50.061121613      <not counted>      instructions
2025-03-10 18:17:27 50.061121613      <not counted>      cache-references
2025-03-10 18:17:27 50.061121613      <not counted>      cache-misses
2025-03-10 18:17:28 #           time             counts unit events
2025-03-10 18:17:28 51.063358649      <not counted>      cycles
2025-03-10 18:17:28 51.063358649      <not counted>      instructions
2025-03-10 18:17:28 51.063358649      <not counted>      cache-references
2025-03-10 18:17:28 51.063358649      <not counted>      cache-misses
2025-03-10 18:17:29 52.065716311      <not counted>      cycles
2025-03-10 18:17:29 52.065716311      <not counted>      instructions
2025-03-10 18:17:29 52.065716311      <not counted>      cache-references
2025-03-10 18:17:29 52.065716311      <not counted>      cache-misses
2025-03-10 18:17:30 53.067650221      <not counted>      cycles
2025-03-10 18:17:30 53.067650221      <not counted>      instructions
2025-03-10 18:17:30 53.067650221      <not counted>      cache-references
2025-03-10 18:17:30 53.067650221      <not counted>      cache-misses
2025-03-10 18:17:31 54.071114294      <not counted>      cycles
2025-03-10 18:17:31 54.071114294      <not counted>      instructions
2025-03-10 18:17:31 54.071114294      <not counted>      cache-references
2025-03-10 18:17:31 54.071114294      <not counted>      cache-misses
2025-03-10 18:17:32 55.073802166      <not counted>      cycles
2025-03-10 18:17:32 55.073802166      <not counted>      instructions
2025-03-10 18:17:32 55.073802166      <not counted>      cache-references
2025-03-10 18:17:32 55.073802166      <not counted>      cache-misses
2025-03-10 18:17:33 56.076818268      <not counted>      cycles
2025-03-10 18:17:33 56.076818268      <not counted>      instructions
2025-03-10 18:17:33 56.076818268      <not counted>      cache-references
2025-03-10 18:17:33 56.076818268      <not counted>      cache-misses
2025-03-10 18:17:34 57.079618744      <not counted>      cycles
2025-03-10 18:17:34 57.079618744      <not counted>      instructions
2025-03-10 18:17:34 57.079618744      <not counted>      cache-references
2025-03-10 18:17:34 57.079618744      <not counted>      cache-misses
2025-03-10 18:17:35 58.082446148      <not counted>      cycles
2025-03-10 18:17:35 58.082446148      <not counted>      instructions
2025-03-10 18:17:35 58.082446148      <not counted>      cache-references
2025-03-10 18:17:35 58.082446148      <not counted>      cache-misses
2025-03-10 18:17:36 59.084004431      <not counted>      cycles
2025-03-10 18:17:36 59.084004431      <not counted>      instructions
2025-03-10 18:17:36 59.084004431      <not counted>      cache-references
2025-03-10 18:17:36 59.084004431      <not counted>      cache-misses
