2025-03-10 18:07:34 RAM 1985/3964MB (lfb 9x4MB) SWAP 53/1982MB (cached 0MB) IRAM 0/252kB(lfb 252kB) CPU [24%@307,26%@307,14%@307,19%@307] EMC_FREQ 25%@204 GR3D_FREQ 0%@76 APE 25 PLL@27C CPU@28.5C PMIC@50C GPU@29C AO@34C thermal@29.25C POM_5V_IN 1493/1493 POM_5V_GPU 0/0 POM_5V_CPU 313/313
2025-03-10 18:07:35 RAM 1992/3964MB (lfb 7x4MB) SWAP 53/1982MB (cached 0MB) IRAM 0/252kB(lfb 252kB) CPU [21%@1479,31%@1479,18%@1479,23%@1479] EMC_FREQ 2%@1600 GR3D_FREQ 0%@153 APE 25 PLL@27.5C CPU@29.5C PMIC@50C GPU@28.5C AO@34.5C thermal@28.5C POM_5V_IN 3164/2328 POM_5V_GPU 38/19 POM_5V_CPU 1582/947
2025-03-10 18:07:36 RAM 1988/3964MB (lfb 9x4MB) SWAP 53/1982MB (cached 0MB) IRAM 0/252kB(lfb 252kB) CPU [18%@403,21%@403,14%@403,21%@403] EMC_FREQ 2%@1600 GR3D_FREQ 0%@153 APE 25 PLL@27C CPU@28.5C PMIC@50C GPU@28.5C AO@34C thermal@28.5C POM_5V_IN 1762/2139 POM_5V_GPU 39/25 POM_5V_CPU 352/749
2025-03-10 18:07:37 RAM 1990/3964MB (lfb 9x4MB) SWAP 53/1982MB (cached 0MB) IRAM 0/252kB(lfb 252kB) CPU [16%@1479,24%@1479,12%@1479,9%@1479] EMC_FREQ 2%@1600 GR3D_FREQ 0%@153 APE 25 PLL@27.5C CPU@28.5C PMIC@50C GPU@28.5C AO@34C thermal@28.75C POM_5V_IN 1762/2045 POM_5V_GPU 78/38 POM_5V_CPU 470/679
2025-03-10 18:07:38 RAM 1983/3964MB (lfb 10x4MB) SWAP 53/1982MB (cached 0MB) IRAM 0/252kB(lfb 252kB) CPU [19%@518,15%@518,18%@518,15%@518] EMC_FREQ 16%@204 GR3D_FREQ 0%@153 APE 25 PLL@27C CPU@28.5C PMIC@50C GPU@28C AO@34C thermal@28.25C POM_5V_IN 1490/1934 POM_5V_GPU 39/38 POM_5V_CPU 274/598
2025-03-10 18:07:39 RAM 1995/3964MB (lfb 8x4MB) SWAP 53/1982MB (cached 0MB) IRAM 0/252kB(lfb 252kB) CPU [25%@921,14%@921,15%@921,12%@921] EMC_FREQ 2%@1600 GR3D_FREQ 2%@76 APE 25 PLL@27.5C CPU@28.5C PMIC@50C GPU@28.5C AO@34C thermal@28.5C POM_5V_IN 2186/1976 POM_5V_GPU 117/51 POM_5V_CPU 546/589
2025-03-10 18:07:40 RAM 1985/3964MB (lfb 10x4MB) SWAP 53/1982MB (cached 0MB) IRAM 0/252kB(lfb 252kB) CPU [22%@1224,14%@1224,17%@1224,9%@1224] EMC_FREQ 1%@1600 GR3D_FREQ 0%@76 APE 25 PLL@27C CPU@28.5C PMIC@50C GPU@28.5C AO@34C thermal@28.25C POM_5V_IN 2182/2005 POM_5V_GPU 38/49 POM_5V_CPU 662/599
2025-03-10 18:07:41 RAM 1997/3964MB (lfb 8x4MB) SWAP 53/1982MB (cached 0MB) IRAM 0/252kB(lfb 252kB) CPU [20%@204,21%@204,15%@204,15%@204] EMC_FREQ 14%@204 GR3D_FREQ 0%@76 APE 25 PLL@27.5C CPU@28.5C PMIC@50C GPU@28.5C AO@34C thermal@28.5C POM_5V_IN 1493/1941 POM_5V_GPU 39/48 POM_5V_CPU 314/564
2025-03-10 18:07:42 RAM 1999/3964MB (lfb 8x4MB) SWAP 53/1982MB (cached 0MB) IRAM 0/252kB(lfb 252kB) CPU [19%@204,19%@204,10%@204,14%@204] EMC_FREQ 13%@204 GR3D_FREQ 0%@76 APE 25 PLL@27C CPU@28.5C PMIC@50C GPU@28C AO@34C thermal@28.25C POM_5V_IN 1220/1861 POM_5V_GPU 39/47 POM_5V_CPU 196/523
2025-03-10 18:07:43 RAM 1989/3964MB (lfb 10x4MB) SWAP 53/1982MB (cached 0MB) IRAM 0/252kB(lfb 252kB) CPU [15%@307,11%@307,12%@307,11%@307] EMC_FREQ 12%@204 GR3D_FREQ 0%@76 APE 25 PLL@26.5C CPU@28.5C PMIC@50C GPU@28.5C AO@34C thermal@28.25C POM_5V_IN 1180/1793 POM_5V_GPU 39/46 POM_5V_CPU 275/498
2025-03-10 18:07:44 RAM 1998/3964MB (lfb 9x4MB) SWAP 53/1982MB (cached 0MB) IRAM 0/252kB(lfb 252kB) CPU [17%@204,10%@204,15%@204,6%@204] EMC_FREQ 10%@204 GR3D_FREQ 0%@76 APE 25 PLL@27C CPU@28.5C PMIC@50C GPU@28C AO@34C thermal@28.5C POM_5V_IN 1143/1734 POM_5V_GPU 39/45 POM_5V_CPU 196/470
2025-03-10 18:07:45 RAM 1992/3964MB (lfb 9x4MB) SWAP 53/1982MB (cached 0MB) IRAM 0/252kB(lfb 252kB) CPU [25%@710,22%@710,14%@710,15%@710] EMC_FREQ 1%@1600 GR3D_FREQ 0%@76 APE 25 PLL@27.5C CPU@28.5C PMIC@50C GPU@28.5C AO@34C thermal@28.5C POM_5V_IN 1762/1736 POM_5V_GPU 39/45 POM_5V_CPU 508/474
2025-03-10 18:07:46 RAM 2002/3964MB (lfb 8x4MB) SWAP 53/1982MB (cached 0MB) IRAM 0/252kB(lfb 252kB) CPU [27%@1479,18%@1479,26%@1479,19%@1479] EMC_FREQ 1%@1600 GR3D_FREQ 51%@76 APE 25 PLL@27.5C CPU@29C PMIC@50C GPU@28.5C AO@34.5C thermal@28.75C POM_5V_IN 2451/1791 POM_5V_GPU 155/53 POM_5V_CPU 739/494
2025-03-10 18:07:47 RAM 2006/3964MB (lfb 8x4MB) SWAP 53/1982MB (cached 0MB) IRAM 0/252kB(lfb 252kB) CPU [19%@825,10%@825,28%@825,3%@825] EMC_FREQ 1%@1600 GR3D_FREQ 0%@153 APE 25 PLL@27C CPU@29C PMIC@50C GPU@28.5C AO@34.5C thermal@29C POM_5V_IN 1916/1800 POM_5V_GPU 39/52 POM_5V_CPU 508/495
2025-03-10 18:07:48 RAM 2003/3964MB (lfb 9x4MB) SWAP 53/1982MB (cached 0MB) IRAM 0/252kB(lfb 252kB) CPU [22%@403,18%@403,15%@403,15%@403] EMC_FREQ 1%@1600 GR3D_FREQ 0%@153 APE 25 PLL@27C CPU@29C PMIC@50C GPU@28.5C AO@34C thermal@28.75C POM_5V_IN 2069/1818 POM_5V_GPU 39/51 POM_5V_CPU 507/496
2025-03-10 18:07:49 RAM 2010/3964MB (lfb 9x4MB) SWAP 53/1982MB (cached 0MB) IRAM 0/252kB(lfb 252kB) CPU [25%@307,21%@307,16%@307,21%@307] EMC_FREQ 15%@204 GR3D_FREQ 0%@153 APE 25 PLL@27C CPU@28.5C PMIC@50C GPU@28.5C AO@34C thermal@28.5C POM_5V_IN 1840/1819 POM_5V_GPU 39/51 POM_5V_CPU 352/487
2025-03-10 18:07:50 RAM 2001/3964MB (lfb 9x4MB) SWAP 53/1982MB (cached 0MB) IRAM 0/252kB(lfb 252kB) CPU [27%@307,22%@307,21%@307,20%@307] EMC_FREQ 14%@204 GR3D_FREQ 13%@153 APE 25 PLL@27C CPU@28.5C PMIC@50C GPU@28.5C AO@34C thermal@28.5C POM_5V_IN 1955/1827 POM_5V_GPU 117/54 POM_5V_CPU 469/486
2025-03-10 18:07:51 RAM 2010/3964MB (lfb 9x4MB) SWAP 53/1982MB (cached 0MB) IRAM 0/252kB(lfb 252kB) CPU [28%@1479,21%@1479,20%@1479,20%@1479] EMC_FREQ 1%@1600 GR3D_FREQ 0%@153 APE 25 PLL@27.5C CPU@29.5C PMIC@50C GPU@28.5C AO@34.5C thermal@28.5C POM_5V_IN 2602/1870 POM_5V_GPU 38/53 POM_5V_CPU 1163/523
2025-03-10 18:07:52 RAM 2015/3964MB (lfb 8x4MB) SWAP 53/1982MB (cached 0MB) IRAM 0/252kB(lfb 252kB) CPU [26%@1479,24%@1479,22%@1479,23%@1479] EMC_FREQ 1%@1600 GR3D_FREQ 0%@153 APE 25 PLL@27.5C CPU@28.5C PMIC@50C GPU@28.5C AO@34C thermal@28.75C POM_5V_IN 2451/1901 POM_5V_GPU 77/55 POM_5V_CPU 1087/553
2025-03-10 18:07:53 RAM 2005/3964MB (lfb 9x4MB) SWAP 53/1982MB (cached 0MB) IRAM 0/252kB(lfb 252kB) CPU [27%@1132,21%@1132,21%@1132,21%@1132] EMC_FREQ 1%@1600 GR3D_FREQ 0%@153 APE 25 PLL@27C CPU@29C PMIC@50C GPU@28.5C AO@34.5C thermal@28.75C POM_5V_IN 1991/1905 POM_5V_GPU 39/54 POM_5V_CPU 780/564
2025-03-10 18:07:54 RAM 2017/3964MB (lfb 8x4MB) SWAP 53/1982MB (cached 0MB) IRAM 0/252kB(lfb 252kB) CPU [27%@518,21%@518,27%@518,22%@518] EMC_FREQ 1%@1600 GR3D_FREQ 0%@153 APE 25 PLL@27.5C CPU@29C PMIC@50C GPU@29C AO@34.5C thermal@28.75C POM_5V_IN 2069/1913 POM_5V_GPU 39/53 POM_5V_CPU 585/565
2025-03-10 18:07:55 RAM 2018/3964MB (lfb 8x4MB) SWAP 53/1982MB (cached 0MB) IRAM 0/252kB(lfb 252kB) CPU [27%@710,20%@710,15%@710,20%@710] EMC_FREQ 1%@1600 GR3D_FREQ 0%@153 APE 25 PLL@27C CPU@29C PMIC@50C GPU@28.5C AO@34C thermal@28.5C POM_5V_IN 2030/1918 POM_5V_GPU 39/52 POM_5V_CPU 624/568
2025-03-10 18:07:56 RAM 2008/3964MB (lfb 9x4MB) SWAP 53/1982MB (cached 0MB) IRAM 0/252kB(lfb 252kB) CPU [29%@614,25%@614,28%@614,27%@614] EMC_FREQ 1%@1600 GR3D_FREQ 0%@153 APE 25 PLL@27.5C CPU@29C PMIC@50C GPU@28.5C AO@34C thermal@29C POM_5V_IN 2069/1925 POM_5V_GPU 78/54 POM_5V_CPU 546/567
2025-03-10 18:07:57 RAM 2019/3964MB (lfb 9x4MB) SWAP 53/1982MB (cached 0MB) IRAM 0/252kB(lfb 252kB) CPU [25%@1132,25%@1132,22%@1132,23%@1132] EMC_FREQ 1%@1600 GR3D_FREQ 0%@153 APE 25 PLL@27.5C CPU@29C PMIC@50C GPU@29C AO@34.5C thermal@28.75C POM_5V_IN 2221/1937 POM_5V_GPU 38/53 POM_5V_CPU 779/576
2025-03-10 18:07:58 RAM 2009/3964MB (lfb 9x4MB) SWAP 53/1982MB (cached 0MB) IRAM 0/252kB(lfb 252kB) CPU [28%@1132,27%@1132,24%@1132,26%@1132] EMC_FREQ 1%@1600 GR3D_FREQ 0%@153 APE 25 PLL@27.5C CPU@29C PMIC@50C GPU@29C AO@34.5C thermal@28.75C POM_5V_IN 2525/1961 POM_5V_GPU 77/54 POM_5V_CPU 972/591
2025-03-10 18:07:59 RAM 2024/3964MB (lfb 8x4MB) SWAP 53/1982MB (cached 0MB) IRAM 0/252kB(lfb 252kB) CPU [32%@614,31%@614,29%@614,31%@614] EMC_FREQ 1%@1600 GR3D_FREQ 0%@153 APE 25 PLL@27.5C CPU@29C PMIC@50C GPU@28.5C AO@34C thermal@28.75C POM_5V_IN 2069/1965 POM_5V_GPU 39/53 POM_5V_CPU 585/591
2025-03-10 18:08:01 RAM 2024/3964MB (lfb 8x4MB) SWAP 53/1982MB (cached 0MB) IRAM 0/252kB(lfb 252kB) CPU [26%@403,22%@403,23%@403,22%@403] EMC_FREQ 1%@1600 GR3D_FREQ 0%@230 APE 25 PLL@27.5C CPU@29C PMIC@50C GPU@28.5C AO@34C thermal@28.5C POM_5V_IN 1955/1964 POM_5V_GPU 39/53 POM_5V_CPU 547/590
2025-03-10 18:08:02 RAM 2012/3964MB (lfb 9x4MB) SWAP 53/1982MB (cached 0MB) IRAM 0/252kB(lfb 252kB) CPU [35%@825,38%@825,37%@825,32%@825] EMC_FREQ 1%@1600 GR3D_FREQ 0%@230 APE 25 PLL@27.5C CPU@28.5C PMIC@50C GPU@28.5C AO@34C thermal@28.75C POM_5V_IN 2147/1971 POM_5V_GPU 39/52 POM_5V_CPU 663/592
2025-03-10 18:08:03 RAM 2028/3964MB (lfb 8x4MB) SWAP 53/1982MB (cached 0MB) IRAM 0/252kB(lfb 252kB) CPU [30%@614,26%@614,24%@614,30%@614] EMC_FREQ 1%@1600 GR3D_FREQ 0%@230 APE 25 PLL@27.5C CPU@29.5C PMIC@50C GPU@29C AO@34C thermal@29.25C POM_5V_IN 2412/1986 POM_5V_GPU 77/53 POM_5V_CPU 699/596
2025-03-10 18:08:04 RAM 2017/3964MB (lfb 9x4MB) SWAP 53/1982MB (cached 0MB) IRAM 0/252kB(lfb 252kB) CPU [29%@1479,22%@1479,20%@1479,23%@1479] EMC_FREQ 1%@1600 GR3D_FREQ 0%@230 APE 25 PLL@27.5C CPU@29C PMIC@50C GPU@28.5C AO@34.5C thermal@29.25C POM_5V_IN 2182/1993 POM_5V_GPU 38/53 POM_5V_CPU 894/606
2025-03-10 18:08:05 RAM 2028/3964MB (lfb 8x4MB) SWAP 53/1982MB (cached 0MB) IRAM 0/252kB(lfb 252kB) CPU [26%@1479,27%@1479,23%@1479,25%@1479] EMC_FREQ 1%@1600 GR3D_FREQ 0%@230 APE 25 PLL@27.5C CPU@29C PMIC@50C GPU@28.5C AO@34C thermal@28.75C POM_5V_IN 2753/2017 POM_5V_GPU 77/53 POM_5V_CPU 1241/626
2025-03-10 18:08:06 RAM 2028/3964MB (lfb 8x4MB) SWAP 53/1982MB (cached 0MB) IRAM 0/252kB(lfb 252kB) CPU [31%@1479,26%@1479,29%@1479,32%@1479] EMC_FREQ 1%@1600 GR3D_FREQ 0%@230 APE 25 PLL@27.5C CPU@29C PMIC@50C GPU@29C AO@34.5C thermal@29C POM_5V_IN 2753/2040 POM_5V_GPU 38/53 POM_5V_CPU 1316/648
2025-03-10 18:08:07 RAM 2015/3964MB (lfb 9x4MB) SWAP 53/1982MB (cached 0MB) IRAM 0/252kB(lfb 252kB) CPU [44%@921,41%@921,41%@921,41%@921] EMC_FREQ 1%@1600 GR3D_FREQ 0%@230 APE 25 PLL@28C CPU@29.5C PMIC@50C GPU@29C AO@34.5C thermal@29.25C POM_5V_IN 2563/2056 POM_5V_GPU 38/52 POM_5V_CPU 971/658
2025-03-10 18:08:08 RAM 1959/3964MB (lfb 12x4MB) SWAP 53/1982MB (cached 0MB) IRAM 0/252kB(lfb 252kB) CPU [32%@204,26%@204,28%@204,23%@204] EMC_FREQ 18%@204 GR3D_FREQ 0%@153 APE 25 PLL@28C CPU@29C PMIC@50C GPU@29C AO@34C thermal@29C POM_5V_IN 1684/2045 POM_5V_GPU 39/52 POM_5V_CPU 353/649
2025-03-10 18:08:09 RAM 1947/3964MB (lfb 15x4MB) SWAP 53/1982MB (cached 0MB) IRAM 0/252kB(lfb 252kB) CPU [16%@204,10%@204,6%@204,9%@204] EMC_FREQ 14%@204 GR3D_FREQ 0%@153 APE 25 PLL@27C CPU@28.5C PMIC@50C GPU@28.5C AO@34.5C thermal@28.75C POM_5V_IN 1414/2027 POM_5V_GPU 39/52 POM_5V_CPU 275/638
2025-03-10 18:08:10 RAM 1953/3964MB (lfb 15x4MB) SWAP 53/1982MB (cached 0MB) IRAM 0/252kB(lfb 252kB) CPU [14%@1479,12%@1479,7%@1479,9%@1479] EMC_FREQ 1%@1600 GR3D_FREQ 0%@153 APE 25 PLL@27C CPU@28.5C PMIC@50C GPU@29C AO@34C thermal@28.75C POM_5V_IN 1608/2015 POM_5V_GPU 39/51 POM_5V_CPU 470/633
2025-03-10 18:08:11 RAM 1945/3964MB (lfb 15x4MB) SWAP 53/1982MB (cached 0MB) IRAM 0/252kB(lfb 252kB) CPU [11%@102,8%@204,6%@204,4%@204] EMC_FREQ 10%@204 GR3D_FREQ 0%@153 APE 25 PLL@27C CPU@28.5C PMIC@50C GPU@28.5C AO@34C thermal@28.5C POM_5V_IN 1141/1992 POM_5V_GPU 39/51 POM_5V_CPU 157/620
2025-03-10 18:08:12 RAM 1955/3964MB (lfb 14x4MB) SWAP 53/1982MB (cached 0MB) IRAM 0/252kB(lfb 252kB) CPU [16%@204,10%@204,8%@204,6%@204] EMC_FREQ 9%@204 GR3D_FREQ 0%@153 APE 25 PLL@27C CPU@29C PMIC@50C GPU@28.5C AO@34.5C thermal@28.5C POM_5V_IN 1180/1970 POM_5V_GPU 39/51 POM_5V_CPU 196/609
2025-03-10 18:08:13 RAM 1947/3964MB (lfb 15x4MB) SWAP 53/1982MB (cached 0MB) IRAM 0/252kB(lfb 252kB) CPU [16%@204,11%@204,9%@204,5%@204] EMC_FREQ 8%@204 GR3D_FREQ 0%@153 APE 25 PLL@27C CPU@28.5C PMIC@50C GPU@28.5C AO@34.5C thermal@28.75C POM_5V_IN 1180/1950 POM_5V_GPU 39/50 POM_5V_CPU 196/599
2025-03-10 18:08:14 RAM 1946/3964MB (lfb 15x4MB) SWAP 53/1982MB (cached 0MB) IRAM 0/252kB(lfb 252kB) CPU [16%@204,20%@204,11%@204,8%@204] EMC_FREQ 9%@204 GR3D_FREQ 0%@153 APE 25 PLL@27C CPU@29C PMIC@50C GPU@29C AO@34C thermal@28.5C POM_5V_IN 1143/1930 POM_5V_GPU 39/50 POM_5V_CPU 197/588
2025-03-10 18:08:15 RAM 1957/3964MB (lfb 14x4MB) SWAP 53/1982MB (cached 0MB) IRAM 0/252kB(lfb 252kB) CPU [16%@204,9%@204,5%@204,6%@204] EMC_FREQ 9%@204 GR3D_FREQ 0%@153 APE 25 PLL@27C CPU@29C PMIC@50C GPU@28.5C AO@34C thermal@28.5C POM_5V_IN 1141/1911 POM_5V_GPU 39/50 POM_5V_CPU 196/579
2025-03-10 18:08:16 RAM 1946/3964MB (lfb 15x4MB) SWAP 53/1982MB (cached 0MB) IRAM 0/252kB(lfb 252kB) CPU [14%@102,8%@102,5%@204,8%@204] EMC_FREQ 8%@204 GR3D_FREQ 0%@153 APE 25 PLL@27C CPU@29C PMIC@50C GPU@28.5C AO@34C thermal@28.75C POM_5V_IN 1259/1895 POM_5V_GPU 118/51 POM_5V_CPU 196/570
2025-03-10 18:08:17 RAM 1946/3964MB (lfb 15x4MB) SWAP 53/1982MB (cached 0MB) IRAM 0/252kB(lfb 252kB) CPU [17%@102,9%@204,9%@204,22%@204] EMC_FREQ 10%@204 GR3D_FREQ 0%@153 APE 25 PLL@27C CPU@28.5C PMIC@50C GPU@28.5C AO@33.5C thermal@28.5C POM_5V_IN 1103/1877 POM_5V_GPU 39/51 POM_5V_CPU 197/561
2025-03-10 18:08:18 RAM 1959/3964MB (lfb 14x4MB) SWAP 53/1982MB (cached 0MB) IRAM 0/252kB(lfb 252kB) CPU [14%@102,9%@102,7%@102,13%@204] EMC_FREQ 10%@204 GR3D_FREQ 0%@153 APE 25 PLL@27.5C CPU@29C PMIC@50C GPU@28.5C AO@34.5C thermal@28.5C POM_5V_IN 1336/1864 POM_5V_GPU 78/52 POM_5V_CPU 196/553
2025-03-10 18:08:19 RAM 1947/3964MB (lfb 15x4MB) SWAP 53/1982MB (cached 0MB) IRAM 0/252kB(lfb 252kB) CPU [15%@102,10%@102,9%@102,9%@102] EMC_FREQ 8%@204 GR3D_FREQ 0%@153 APE 25 PLL@27C CPU@28.5C PMIC@50C GPU@28.5C AO@34C thermal@28.75C POM_5V_IN 1103/1847 POM_5V_GPU 39/51 POM_5V_CPU 157/544
2025-03-10 18:08:20 RAM 1946/3964MB (lfb 15x4MB) SWAP 53/1982MB (cached 0MB) IRAM 0/252kB(lfb 252kB) CPU [10%@102,8%@102,8%@102,9%@102] EMC_FREQ 8%@204 GR3D_FREQ 0%@153 APE 25 PLL@27C CPU@28.5C PMIC@50C GPU@28.5C AO@34C thermal@29C POM_5V_IN 1143/1832 POM_5V_GPU 39/51 POM_5V_CPU 157/536
2025-03-10 18:08:21 RAM 1955/3964MB (lfb 14x4MB) SWAP 53/1982MB (cached 0MB) IRAM 0/252kB(lfb 252kB) CPU [14%@518,10%@518,6%@518,9%@518] EMC_FREQ 1%@1600 GR3D_FREQ 0%@153 APE 25 PLL@27C CPU@28.5C PMIC@50C GPU@28C AO@34C thermal@28.75C POM_5V_IN 1955/1835 POM_5V_GPU 39/51 POM_5V_CPU 469/534
2025-03-10 18:08:22 RAM 1946/3964MB (lfb 15x4MB) SWAP 53/1982MB (cached 0MB) IRAM 0/252kB(lfb 252kB) CPU [10%@102,7%@102,6%@102,14%@102] EMC_FREQ 8%@204 GR3D_FREQ 0%@153 APE 25 PLL@27C CPU@28.5C PMIC@50C GPU@28.5C AO@33.5C thermal@28.25C POM_5V_IN 1143/1820 POM_5V_GPU 39/50 POM_5V_CPU 196/527
2025-03-10 18:08:23 RAM 1959/3964MB (lfb 14x4MB) SWAP 53/1982MB (cached 0MB) IRAM 0/252kB(lfb 252kB) CPU [11%@204,7%@204,10%@204,10%@204] EMC_FREQ 8%@204 GR3D_FREQ 80%@153 APE 25 PLL@27.5C CPU@28.5C PMIC@50C GPU@28.5C AO@33.5C thermal@28.5C POM_5V_IN 1453/1813 POM_5V_GPU 157/53 POM_5V_CPU 235/521
2025-03-10 18:08:24 RAM 1947/3964MB (lfb 15x4MB) SWAP 53/1982MB (cached 0MB) IRAM 0/252kB(lfb 252kB) CPU [11%@102,7%@204,7%@204,9%@204] EMC_FREQ 7%@204 GR3D_FREQ 0%@153 APE 25 PLL@27C CPU@28.5C PMIC@50C GPU@28.5C AO@34C thermal@28.5C POM_5V_IN 1103/1798 POM_5V_GPU 39/52 POM_5V_CPU 196/515
2025-03-10 18:08:25 RAM 1946/3964MB (lfb 15x4MB) SWAP 53/1982MB (cached 0MB) IRAM 0/252kB(lfb 252kB) CPU [14%@102,7%@102,6%@102,10%@102] EMC_FREQ 8%@204 GR3D_FREQ 0%@153 APE 25 PLL@27C CPU@28.5C PMIC@50C GPU@28.5C AO@34C thermal@28.5C POM_5V_IN 1259/1788 POM_5V_GPU 78/53 POM_5V_CPU 196/508
2025-03-10 18:08:26 RAM 1956/3964MB (lfb 14x4MB) SWAP 53/1982MB (cached 0MB) IRAM 0/252kB(lfb 252kB) CPU [18%@102,9%@102,6%@102,6%@102] EMC_FREQ 7%@204 GR3D_FREQ 0%@76 APE 25 PLL@27C CPU@28.5C PMIC@50C GPU@29C AO@34C thermal@28.5C POM_5V_IN 1064/1774 POM_5V_GPU 0/52 POM_5V_CPU 157/502
2025-03-10 18:08:27 RAM 1947/3964MB (lfb 15x4MB) SWAP 53/1982MB (cached 0MB) IRAM 0/252kB(lfb 252kB) CPU [16%@204,18%@204,8%@204,19%@204] EMC_FREQ 9%@204 GR3D_FREQ 0%@76 APE 25 PLL@27C CPU@28.5C PMIC@50C GPU@29C AO@33.5C thermal@28.5C POM_5V_IN 1103/1761 POM_5V_GPU 39/52 POM_5V_CPU 197/496
2025-03-10 18:08:28 RAM 1947/3964MB (lfb 15x4MB) SWAP 53/1982MB (cached 0MB) IRAM 0/252kB(lfb 252kB) CPU [20%@204,9%@204,6%@204,11%@204] EMC_FREQ 9%@204 GR3D_FREQ 0%@76 APE 25 PLL@27C CPU@28.5C PMIC@50C GPU@28.5C AO@33.5C thermal@29C POM_5V_IN 1259/1752 POM_5V_GPU 39/51 POM_5V_CPU 196/490
2025-03-10 18:08:29 RAM 1957/3964MB (lfb 14x4MB) SWAP 53/1982MB (cached 0MB) IRAM 0/252kB(lfb 252kB) CPU [15%@204,13%@204,7%@204,6%@204] EMC_FREQ 9%@204 GR3D_FREQ 0%@153 APE 25 PLL@27C CPU@28.5C PMIC@50C GPU@28C AO@34C thermal@28.5C POM_5V_IN 1180/1742 POM_5V_GPU 78/52 POM_5V_CPU 197/485
2025-03-10 18:08:30 RAM 1947/3964MB (lfb 15x4MB) SWAP 53/1982MB (cached 0MB) IRAM 0/252kB(lfb 252kB) CPU [14%@204,10%@204,8%@204,5%@204] EMC_FREQ 8%@204 GR3D_FREQ 0%@153 APE 25 PLL@27C CPU@28.5C PMIC@50C GPU@28.5C AO@34C thermal@28.5C POM_5V_IN 1103/1730 POM_5V_GPU 39/52 POM_5V_CPU 196/480
2025-03-10 18:08:31 RAM 1946/3964MB (lfb 15x4MB) SWAP 53/1982MB (cached 0MB) IRAM 0/252kB(lfb 252kB) CPU [11%@204,5%@204,10%@204,10%@204] EMC_FREQ 8%@204 GR3D_FREQ 0%@153 APE 25 PLL@27C CPU@28.5C PMIC@50C GPU@28.5C AO@33.5C thermal@28.5C POM_5V_IN 1143/1720 POM_5V_GPU 78/52 POM_5V_CPU 157/474
2025-03-10 18:08:32 RAM 1960/3964MB (lfb 13x4MB) SWAP 53/1982MB (cached 0MB) IRAM 0/252kB(lfb 252kB) CPU [13%@307,12%@307,8%@307,10%@307] EMC_FREQ 8%@204 GR3D_FREQ 0%@76 APE 25 PLL@27C CPU@28.5C PMIC@50C GPU@28.5C AO@34C thermal@28.25C POM_5V_IN 1451/1715 POM_5V_GPU 156/54 POM_5V_CPU 274/471
2025-03-10 18:08:33 RAM 1941/3964MB (lfb 16x4MB) SWAP 53/1982MB (cached 0MB) IRAM 0/252kB(lfb 252kB) CPU [13%@307,9%@307,11%@307,5%@307] EMC_FREQ 7%@204 GR3D_FREQ 0%@76 APE 25 PLL@27C CPU@28.5C PMIC@50C GPU@29C AO@33.5C thermal@28.5C POM_5V_IN 1064/1704 POM_5V_GPU 0/53 POM_5V_CPU 157/465
2025-03-10 18:08:34 RAM 1940/3964MB (lfb 16x4MB) SWAP 53/1982MB (cached 0MB) IRAM 0/252kB(lfb 252kB) CPU [13%@102,8%@204,6%@204,10%@204] EMC_FREQ 8%@204 GR3D_FREQ 0%@76 APE 25 PLL@27C CPU@29C PMIC@50C GPU@28C AO@33.5C thermal@28.5C POM_5V_IN 1143/1695 POM_5V_GPU 39/53 POM_5V_CPU 157/460
