2025-03-10 18:01:43 RAM 1982/3964MB (lfb 9x4MB) SWAP 53/1982MB (cached 0MB) IRAM 0/252kB(lfb 252kB) CPU [43%@1479,38%@1479,60%@1479,27%@1479] EMC_FREQ 3%@1600 GR3D_FREQ 0%@230 APE 25 PLL@27C CPU@28.5C PMIC@50C GPU@28C AO@33.5C thermal@29C POM_5V_IN 1837/1837 POM_5V_GPU 39/39 POM_5V_CPU 469/469
2025-03-10 18:01:44 RAM 1975/3964MB (lfb 10x4MB) SWAP 53/1982MB (cached 0MB) IRAM 0/252kB(lfb 252kB) CPU [20%@518,15%@518,13%@518,13%@518] EMC_FREQ 3%@1600 GR3D_FREQ 0%@153 APE 25 PLL@26.5C CPU@28.5C PMIC@50C GPU@27.5C AO@33.5C thermal@28.25C POM_5V_IN 1608/1722 POM_5V_GPU 39/39 POM_5V_CPU 313/391
2025-03-10 18:01:45 RAM 1995/3964MB (lfb 6x4MB) SWAP 53/1982MB (cached 0MB) IRAM 0/252kB(lfb 252kB) CPU [24%@1479,21%@1479,12%@1479,15%@1479] EMC_FREQ 2%@1600 GR3D_FREQ 0%@153 APE 25 PLL@26.5C CPU@28.5C PMIC@50C GPU@28C AO@33.5C thermal@28.25C POM_5V_IN 2108/1851 POM_5V_GPU 39/39 POM_5V_CPU 546/442
2025-03-10 18:01:46 RAM 1997/3964MB (lfb 6x4MB) SWAP 53/1982MB (cached 0MB) IRAM 0/252kB(lfb 252kB) CPU [27%@403,17%@403,11%@403,9%@403] EMC_FREQ 18%@204 GR3D_FREQ 87%@153 APE 25 PLL@27C CPU@28.5C PMIC@50C GPU@28C AO@33.5C thermal@28C POM_5V_IN 1876/1857 POM_5V_GPU 156/68 POM_5V_CPU 391/429
2025-03-10 18:01:47 RAM 1980/3964MB (lfb 10x4MB) SWAP 53/1982MB (cached 0MB) IRAM 0/252kB(lfb 252kB) CPU [17%@1132,17%@1132,19%@1132,14%@1132] EMC_FREQ 2%@1600 GR3D_FREQ 0%@153 APE 25 PLL@27C CPU@28.5C PMIC@50C GPU@28C AO@33.5C thermal@27.75C POM_5V_IN 2299/1945 POM_5V_GPU 38/62 POM_5V_CPU 740/491
2025-03-10 18:01:48 RAM 1994/3964MB (lfb 8x4MB) SWAP 53/1982MB (cached 0MB) IRAM 0/252kB(lfb 252kB) CPU [23%@518,20%@518,9%@518,16%@518] EMC_FREQ 2%@1600 GR3D_FREQ 94%@76 APE 25 PLL@27C CPU@28.5C PMIC@50C GPU@28C AO@33.5C thermal@28C POM_5V_IN 2069/1966 POM_5V_GPU 195/84 POM_5V_CPU 430/481
2025-03-10 18:01:49 RAM 1983/3964MB (lfb 10x4MB) SWAP 53/1982MB (cached 0MB) IRAM 0/252kB(lfb 252kB) CPU [18%@403,17%@403,17%@403,11%@403] EMC_FREQ 1%@1600 GR3D_FREQ 2%@76 APE 25 PLL@27C CPU@28.5C PMIC@50C GPU@27.5C AO@33.5C thermal@27.75C POM_5V_IN 1684/1925 POM_5V_GPU 78/83 POM_5V_CPU 352/463
2025-03-10 18:01:50 RAM 1993/3964MB (lfb 9x4MB) SWAP 53/1982MB (cached 0MB) IRAM 0/252kB(lfb 252kB) CPU [23%@204,23%@204,12%@204,12%@204] EMC_FREQ 14%@204 GR3D_FREQ 0%@76 APE 25 PLL@27C CPU@28C PMIC@50C GPU@28C AO@33.5C thermal@28.25C POM_5V_IN 1608/1886 POM_5V_GPU 39/77 POM_5V_CPU 353/449
2025-03-10 18:01:51 RAM 1993/3964MB (lfb 9x4MB) SWAP 53/1982MB (cached 0MB) IRAM 0/252kB(lfb 252kB) CPU [20%@102,10%@102,12%@102,12%@102] EMC_FREQ 12%@204 GR3D_FREQ 0%@76 APE 25 PLL@26.5C CPU@28C PMIC@50C GPU@28C AO@33.5C thermal@27.75C POM_5V_IN 1103/1799 POM_5V_GPU 39/73 POM_5V_CPU 197/421
2025-03-10 18:01:52 RAM 1986/3964MB (lfb 10x4MB) SWAP 53/1982MB (cached 0MB) IRAM 0/252kB(lfb 252kB) CPU [21%@204,16%@204,10%@204,13%@307] EMC_FREQ 12%@204 GR3D_FREQ 0%@153 APE 25 PLL@27C CPU@28C PMIC@50C GPU@28C AO@33.5C thermal@27.75C POM_5V_IN 1647/1783 POM_5V_GPU 78/74 POM_5V_CPU 313/410
2025-03-10 18:01:53 RAM 2001/3964MB (lfb 7x4MB) SWAP 53/1982MB (cached 0MB) IRAM 0/252kB(lfb 252kB) CPU [27%@518,20%@518,24%@518,19%@518] EMC_FREQ 1%@1600 GR3D_FREQ 0%@153 APE 25 PLL@27C CPU@28.5C PMIC@50C GPU@27.5C AO@33.5C thermal@28C POM_5V_IN 1916/1795 POM_5V_GPU 39/70 POM_5V_CPU 469/415
2025-03-10 18:01:54 RAM 1990/3964MB (lfb 9x4MB) SWAP 53/1982MB (cached 0MB) IRAM 0/252kB(lfb 252kB) CPU [26%@204,15%@204,12%@204,10%@204] EMC_FREQ 14%@204 GR3D_FREQ 2%@76 APE 25 PLL@27C CPU@28.5C PMIC@50C GPU@28C AO@33.5C thermal@27.75C POM_5V_IN 1801/1796 POM_5V_GPU 117/74 POM_5V_CPU 391/413
2025-03-10 18:01:55 RAM 2003/3964MB (lfb 8x4MB) SWAP 53/1982MB (cached 0MB) IRAM 0/252kB(lfb 252kB) CPU [16%@403,11%@403,8%@403,32%@403] EMC_FREQ 1%@1600 GR3D_FREQ 0%@76 APE 25 PLL@27C CPU@28.5C PMIC@50C GPU@29C AO@33.5C thermal@28.25C POM_5V_IN 1762/1793 POM_5V_GPU 0/68 POM_5V_CPU 352/408
2025-03-10 18:01:56 RAM 2009/3964MB (lfb 8x4MB) SWAP 53/1982MB (cached 0MB) IRAM 0/252kB(lfb 252kB) CPU [21%@403,16%@403,13%@403,20%@403] EMC_FREQ 13%@204 GR3D_FREQ 0%@76 APE 25 PLL@26.5C CPU@28.5C PMIC@50C GPU@28C AO@33.5C thermal@28C POM_5V_IN 1569/1777 POM_5V_GPU 39/66 POM_5V_CPU 430/410
2025-03-10 18:01:57 RAM 2001/3964MB (lfb 9x4MB) SWAP 53/1982MB (cached 0MB) IRAM 0/252kB(lfb 252kB) CPU [23%@1224,19%@1224,16%@1224,17%@1224] EMC_FREQ 1%@1600 GR3D_FREQ 0%@76 APE 25 PLL@27C CPU@28.5C PMIC@50C GPU@28C AO@33.5C thermal@28C POM_5V_IN 1684/1771 POM_5V_GPU 39/64 POM_5V_CPU 470/414
2025-03-10 18:01:58 RAM 2015/3964MB (lfb 7x4MB) SWAP 53/1982MB (cached 0MB) IRAM 0/252kB(lfb 252kB) CPU [26%@1479,20%@1479,19%@1479,16%@1479] EMC_FREQ 1%@1600 GR3D_FREQ 0%@76 APE 25 PLL@27C CPU@28.5C PMIC@50C GPU@28C AO@33.5C thermal@28C POM_5V_IN 2182/1797 POM_5V_GPU 78/65 POM_5V_CPU 701/432
2025-03-10 18:01:59 RAM 2000/3964MB (lfb 9x4MB) SWAP 53/1982MB (cached 0MB) IRAM 0/252kB(lfb 252kB) CPU [25%@614,22%@614,18%@614,18%@614] EMC_FREQ 1%@1600 GR3D_FREQ 0%@76 APE 25 PLL@27.5C CPU@28C PMIC@50C GPU@27.5C AO@33.5C thermal@28C POM_5V_IN 1916/1804 POM_5V_GPU 39/64 POM_5V_CPU 547/439
2025-03-10 18:02:00 RAM 2013/3964MB (lfb 8x4MB) SWAP 53/1982MB (cached 0MB) IRAM 0/252kB(lfb 252kB) CPU [30%@1326,25%@1326,18%@1326,21%@1326] EMC_FREQ 2%@1600 GR3D_FREQ 0%@153 APE 25 PLL@27.5C CPU@29C PMIC@50C GPU@28C AO@34C thermal@28C POM_5V_IN 3015/1871 POM_5V_GPU 116/67 POM_5V_CPU 1239/483
2025-03-10 18:02:01 RAM 2014/3964MB (lfb 8x4MB) SWAP 53/1982MB (cached 0MB) IRAM 0/252kB(lfb 252kB) CPU [24%@825,22%@825,18%@825,21%@825] EMC_FREQ 1%@1600 GR3D_FREQ 0%@76 APE 25 PLL@27C CPU@28.5C PMIC@50C GPU@29C AO@33.5C thermal@28.5C POM_5V_IN 1955/1875 POM_5V_GPU 0/63 POM_5V_CPU 625/490
2025-03-10 18:02:02 RAM 2004/3964MB (lfb 9x4MB) SWAP 53/1982MB (cached 0MB) IRAM 0/252kB(lfb 252kB) CPU [31%@825,25%@825,25%@825,23%@825] EMC_FREQ 1%@1600 GR3D_FREQ 0%@153 APE 25 PLL@27.5C CPU@28.5C PMIC@50C GPU@28C AO@33.5C thermal@28.5C POM_5V_IN 2221/1893 POM_5V_GPU 39/62 POM_5V_CPU 662/499
2025-03-10 18:02:03 RAM 2014/3964MB (lfb 8x4MB) SWAP 53/1982MB (cached 0MB) IRAM 0/252kB(lfb 252kB) CPU [34%@307,28%@307,33%@307,28%@307] EMC_FREQ 16%@204 GR3D_FREQ 0%@153 APE 25 PLL@27.5C CPU@28.5C PMIC@50C GPU@28C AO@33.5C thermal@28C POM_5V_IN 1916/1894 POM_5V_GPU 39/61 POM_5V_CPU 469/498
2025-03-10 18:02:04 RAM 2014/3964MB (lfb 8x4MB) SWAP 53/1982MB (cached 0MB) IRAM 0/252kB(lfb 252kB) CPU [25%@307,21%@307,18%@307,22%@307] EMC_FREQ 15%@204 GR3D_FREQ 0%@153 APE 25 PLL@27C CPU@28.5C PMIC@50C GPU@28C AO@33.5C thermal@28C POM_5V_IN 1530/1877 POM_5V_GPU 39/60 POM_5V_CPU 314/489
2025-03-10 18:02:05 RAM 2004/3964MB (lfb 9x4MB) SWAP 53/1982MB (cached 0MB) IRAM 0/252kB(lfb 252kB) CPU [26%@403,22%@403,24%@403,25%@403] EMC_FREQ 1%@1600 GR3D_FREQ 62%@153 APE 25 PLL@27C CPU@28.5C PMIC@50C GPU@28C AO@33.5C thermal@27.75C POM_5V_IN 1994/1882 POM_5V_GPU 195/66 POM_5V_CPU 740/500
2025-03-10 18:02:06 RAM 2016/3964MB (lfb 8x4MB) SWAP 53/1982MB (cached 0MB) IRAM 0/252kB(lfb 252kB) CPU [25%@1479,25%@1479,23%@1479,21%@1479] EMC_FREQ 1%@1600 GR3D_FREQ 0%@230 APE 25 PLL@27C CPU@28.5C PMIC@50C GPU@28C AO@33.5C thermal@28.25C POM_5V_IN 2373/1903 POM_5V_GPU 38/64 POM_5V_CPU 972/520
2025-03-10 18:02:07 RAM 2006/3964MB (lfb 9x4MB) SWAP 53/1982MB (cached 0MB) IRAM 0/252kB(lfb 252kB) CPU [26%@1479,24%@1479,21%@1479,19%@1479] EMC_FREQ 1%@1600 GR3D_FREQ 0%@230 APE 25 PLL@27C CPU@28.5C PMIC@50C GPU@28.5C AO@34C thermal@28C POM_5V_IN 2602/1931 POM_5V_GPU 116/66 POM_5V_CPU 971/538
2025-03-10 18:02:08 RAM 2019/3964MB (lfb 8x4MB) SWAP 53/1982MB (cached 0MB) IRAM 0/252kB(lfb 252kB) CPU [30%@1479,29%@1479,32%@1479,27%@1479] EMC_FREQ 1%@1600 GR3D_FREQ 0%@230 APE 25 PLL@27.5C CPU@29C PMIC@50C GPU@28C AO@34C thermal@28.25C POM_5V_IN 2792/1964 POM_5V_GPU 38/65 POM_5V_CPU 1008/556
2025-03-10 18:02:09 RAM 2022/3964MB (lfb 8x4MB) SWAP 53/1982MB (cached 0MB) IRAM 0/252kB(lfb 252kB) CPU [21%@614,21%@614,21%@614,23%@614] EMC_FREQ 1%@1600 GR3D_FREQ 0%@230 APE 25 PLL@27C CPU@28.5C PMIC@50C GPU@28C AO@33.5C thermal@28C POM_5V_IN 2490/1983 POM_5V_GPU 38/64 POM_5V_CPU 661/560
2025-03-10 18:02:10 RAM 2010/3964MB (lfb 9x4MB) SWAP 53/1982MB (cached 0MB) IRAM 0/252kB(lfb 252kB) CPU [22%@710,23%@710,20%@710,22%@710] EMC_FREQ 1%@1600 GR3D_FREQ 0%@230 APE 25 PLL@27.5C CPU@28.5C PMIC@50C GPU@28C AO@34C thermal@28.25C POM_5V_IN 2069/1986 POM_5V_GPU 39/63 POM_5V_CPU 663/563
2025-03-10 18:02:11 RAM 2023/3964MB (lfb 8x4MB) SWAP 53/1982MB (cached 0MB) IRAM 0/252kB(lfb 252kB) CPU [26%@614,26%@614,20%@614,24%@614] EMC_FREQ 1%@1600 GR3D_FREQ 0%@153 APE 25 PLL@27C CPU@28.5C PMIC@50C GPU@28C AO@33.5C thermal@28.25C POM_5V_IN 2221/1994 POM_5V_GPU 116/65 POM_5V_CPU 663/567
2025-03-10 18:02:12 RAM 2014/3964MB (lfb 9x4MB) SWAP 53/1982MB (cached 0MB) IRAM 0/252kB(lfb 252kB) CPU [29%@614,25%@614,23%@614,21%@614] EMC_FREQ 1%@1600 GR3D_FREQ 0%@153 APE 25 PLL@27C CPU@28.5C PMIC@50C GPU@28C AO@34C thermal@28.25C POM_5V_IN 2186/2001 POM_5V_GPU 39/64 POM_5V_CPU 663/570
2025-03-10 18:02:13 RAM 2027/3964MB (lfb 7x4MB) SWAP 53/1982MB (cached 0MB) IRAM 0/252kB(lfb 252kB) CPU [35%@921,33%@921,32%@921,33%@921] EMC_FREQ 2%@1600 GR3D_FREQ 0%@153 APE 25 PLL@27.5C CPU@28.5C PMIC@50C GPU@28.5C AO@34C thermal@28.25C POM_5V_IN 2486/2016 POM_5V_GPU 77/65 POM_5V_CPU 894/580
2025-03-10 18:02:14 RAM 2026/3964MB (lfb 7x4MB) SWAP 53/1982MB (cached 0MB) IRAM 0/252kB(lfb 252kB) CPU [26%@403,20%@403,23%@403,22%@403] EMC_FREQ 1%@1600 GR3D_FREQ 0%@153 APE 25 PLL@27C CPU@28.5C PMIC@50C GPU@28C AO@33.5C thermal@28.5C POM_5V_IN 1955/2014 POM_5V_GPU 39/64 POM_5V_CPU 430/576
2025-03-10 18:02:15 RAM 2014/3964MB (lfb 9x4MB) SWAP 53/1982MB (cached 0MB) IRAM 0/252kB(lfb 252kB) CPU [31%@307,27%@307,28%@307,26%@307] EMC_FREQ 13%@204 GR3D_FREQ 0%@153 APE 25 PLL@27.5C CPU@28.5C PMIC@50C GPU@28C AO@34C thermal@28.25C POM_5V_IN 1801/2008 POM_5V_GPU 39/63 POM_5V_CPU 469/572
2025-03-10 18:02:16 RAM 2026/3964MB (lfb 8x4MB) SWAP 53/1982MB (cached 0MB) IRAM 0/252kB(lfb 252kB) CPU [32%@1428,29%@1428,24%@1428,24%@1428] EMC_FREQ 1%@1600 GR3D_FREQ 0%@153 APE 25 PLL@27C CPU@28.5C PMIC@50C GPU@28C AO@34C thermal@28.5C POM_5V_IN 2108/2011 POM_5V_GPU 38/62 POM_5V_CPU 818/580
2025-03-10 18:02:17 RAM 2016/3964MB (lfb 9x4MB) SWAP 53/1982MB (cached 0MB) IRAM 0/252kB(lfb 252kB) CPU [28%@1479,25%@1479,22%@1479,23%@1479] EMC_FREQ 1%@1600 GR3D_FREQ 0%@153 APE 25 PLL@27.5C CPU@28.5C PMIC@50C GPU@28C AO@33.5C thermal@28.25C POM_5V_IN 2486/2024 POM_5V_GPU 77/63 POM_5V_CPU 1010/592
2025-03-10 18:02:18 RAM 2027/3964MB (lfb 8x4MB) SWAP 53/1982MB (cached 0MB) IRAM 0/252kB(lfb 252kB) CPU [35%@1479,32%@1479,35%@1479,31%@1479] EMC_FREQ 1%@1600 GR3D_FREQ 0%@153 APE 25 PLL@27.5C CPU@28.5C PMIC@50C GPU@28C AO@34.5C thermal@29C POM_5V_IN 3092/2054 POM_5V_GPU 38/62 POM_5V_CPU 1623/621
2025-03-10 18:02:19 RAM 2026/3964MB (lfb 8x4MB) SWAP 53/1982MB (cached 0MB) IRAM 0/252kB(lfb 252kB) CPU [37%@1479,38%@1479,33%@1479,35%@1479] EMC_FREQ 1%@1600 GR3D_FREQ 0%@153 APE 25 PLL@28C CPU@28.5C PMIC@50C GPU@28C AO@34C thermal@28.5C POM_5V_IN 3015/2080 POM_5V_GPU 77/62 POM_5V_CPU 1468/643
2025-03-10 18:02:20 RAM 1942/3964MB (lfb 14x4MB) SWAP 53/1982MB (cached 0MB) IRAM 0/252kB(lfb 252kB) CPU [30%@921,36%@921,32%@921,31%@921] EMC_FREQ 2%@1600 GR3D_FREQ 0%@76 APE 25 PLL@27.5C CPU@28.5C PMIC@50C GPU@29.5C AO@34C thermal@28.25C POM_5V_IN 2373/2088 POM_5V_GPU 0/61 POM_5V_CPU 818/648
2025-03-10 18:02:21 RAM 1942/3964MB (lfb 14x4MB) SWAP 53/1982MB (cached 0MB) IRAM 0/252kB(lfb 252kB) CPU [15%@307,5%@307,8%@307,8%@307] EMC_FREQ 14%@204 GR3D_FREQ 0%@153 APE 25 PLL@27C CPU@28C PMIC@50C GPU@28C AO@34C thermal@28.25C POM_5V_IN 1259/2066 POM_5V_GPU 39/60 POM_5V_CPU 275/638
2025-03-10 18:02:22 RAM 1944/3964MB (lfb 14x4MB) SWAP 53/1982MB (cached 0MB) IRAM 0/252kB(lfb 252kB) CPU [17%@102,14%@102,9%@102,8%@102] EMC_FREQ 12%@204 GR3D_FREQ 0%@153 APE 25 PLL@27C CPU@28C PMIC@50C GPU@28C AO@33.5C thermal@28.25C POM_5V_IN 1180/2044 POM_5V_GPU 39/60 POM_5V_CPU 236/628
2025-03-10 18:02:23 RAM 1962/3964MB (lfb 13x4MB) SWAP 53/1982MB (cached 0MB) IRAM 0/252kB(lfb 252kB) CPU [15%@1479,13%@1479,16%@1479,10%@1479] EMC_FREQ 1%@1600 GR3D_FREQ 0%@153 APE 25 PLL@27.5C CPU@29.5C PMIC@50C GPU@28.5C AO@34C thermal@28.25C POM_5V_IN 3203/2072 POM_5V_GPU 77/60 POM_5V_CPU 1582/652
2025-03-10 18:02:24 RAM 1954/3964MB (lfb 14x4MB) SWAP 53/1982MB (cached 0MB) IRAM 0/252kB(lfb 252kB) CPU [13%@204,8%@204,6%@204,10%@204] EMC_FREQ 11%@204 GR3D_FREQ 0%@153 APE 25 PLL@27C CPU@28.5C PMIC@50C GPU@28C AO@34C thermal@28.25C POM_5V_IN 1143/2050 POM_5V_GPU 39/60 POM_5V_CPU 197/641
2025-03-10 18:02:25 RAM 1943/3964MB (lfb 14x4MB) SWAP 53/1982MB (cached 0MB) IRAM 0/252kB(lfb 252kB) CPU [15%@102,7%@102,4%@102,7%@102] EMC_FREQ 10%@204 GR3D_FREQ 0%@153 APE 25 PLL@27C CPU@28.5C PMIC@50C GPU@28C AO@33.5C thermal@28C POM_5V_IN 1143/2029 POM_5V_GPU 39/59 POM_5V_CPU 157/630
2025-03-10 18:02:26 RAM 1942/3964MB (lfb 14x4MB) SWAP 53/1982MB (cached 0MB) IRAM 0/252kB(lfb 252kB) CPU [11%@1479,8%@1479,8%@1479,9%@1479] EMC_FREQ 8%@204 GR3D_FREQ 0%@76 APE 25 PLL@27C CPU@28.5C PMIC@50C GPU@28C AO@33.5C thermal@28.25C POM_5V_IN 1220/2011 POM_5V_GPU 39/59 POM_5V_CPU 314/622
2025-03-10 18:02:27 RAM 1954/3964MB (lfb 14x4MB) SWAP 53/1982MB (cached 0MB) IRAM 0/252kB(lfb 252kB) CPU [14%@102,15%@102,7%@204,8%@204] EMC_FREQ 9%@204 GR3D_FREQ 0%@153 APE 25 PLL@27C CPU@28.5C PMIC@50C GPU@28C AO@33.5C thermal@28.25C POM_5V_IN 1143/1992 POM_5V_GPU 39/58 POM_5V_CPU 197/613
2025-03-10 18:02:28 RAM 1944/3964MB (lfb 14x4MB) SWAP 53/1982MB (cached 0MB) IRAM 0/252kB(lfb 252kB) CPU [17%@204,12%@204,7%@204,10%@204] EMC_FREQ 8%@204 GR3D_FREQ 0%@153 APE 25 PLL@27C CPU@28.5C PMIC@50C GPU@28C AO@33.5C thermal@28C POM_5V_IN 1141/1973 POM_5V_GPU 39/58 POM_5V_CPU 157/603
2025-03-10 18:02:29 RAM 1943/3964MB (lfb 14x4MB) SWAP 53/1982MB (cached 0MB) IRAM 0/252kB(lfb 252kB) CPU [14%@204,11%@204,9%@204,5%@204] EMC_FREQ 8%@204 GR3D_FREQ 0%@153 APE 25 PLL@27C CPU@28C PMIC@50C GPU@28C AO@33.5C thermal@28C POM_5V_IN 1103/1954 POM_5V_GPU 39/57 POM_5V_CPU 157/593
2025-03-10 18:02:30 RAM 1954/3964MB (lfb 14x4MB) SWAP 53/1982MB (cached 0MB) IRAM 0/252kB(lfb 252kB) CPU [16%@204,5%@204,8%@204,13%@204] EMC_FREQ 9%@204 GR3D_FREQ 0%@153 APE 25 PLL@27C CPU@28.5C PMIC@50C GPU@28C AO@34C thermal@28.25C POM_5V_IN 1414/1943 POM_5V_GPU 117/59 POM_5V_CPU 235/586
2025-03-10 18:02:31 RAM 1942/3964MB (lfb 14x4MB) SWAP 53/1982MB (cached 0MB) IRAM 0/252kB(lfb 252kB) CPU [12%@102,5%@102,5%@102,10%@102] EMC_FREQ 7%@204 GR3D_FREQ 0%@153 APE 25 PLL@27C CPU@28C PMIC@50C GPU@27.5C AO@34C thermal@28.25C POM_5V_IN 1103/1926 POM_5V_GPU 39/58 POM_5V_CPU 157/577
2025-03-10 18:02:32 RAM 1944/3964MB (lfb 14x4MB) SWAP 53/1982MB (cached 0MB) IRAM 0/252kB(lfb 252kB) CPU [14%@204,5%@204,9%@204,15%@204] EMC_FREQ 8%@204 GR3D_FREQ 0%@76 APE 25 PLL@27C CPU@28.5C PMIC@50C GPU@28C AO@34C thermal@28C POM_5V_IN 1298/1913 POM_5V_GPU 118/59 POM_5V_CPU 196/570
2025-03-10 18:02:33 RAM 1966/3964MB (lfb 12x4MB) SWAP 53/1982MB (cached 0MB) IRAM 0/252kB(lfb 252kB) CPU [18%@1479,11%@1479,12%@1479,16%@1479] EMC_FREQ 1%@1600 GR3D_FREQ 0%@76 APE 25 PLL@27.5C CPU@29.5C PMIC@50C GPU@29.5C AO@34.5C thermal@29C POM_5V_IN 3015/1935 POM_5V_GPU 0/58 POM_5V_CPU 1584/589
2025-03-10 18:02:34 RAM 1942/3964MB (lfb 14x4MB) SWAP 53/1982MB (cached 0MB) IRAM 0/252kB(lfb 252kB) CPU [12%@204,8%@204,11%@204,9%@204] EMC_FREQ 9%@204 GR3D_FREQ 0%@153 APE 25 PLL@27C CPU@28.5C PMIC@50C GPU@27.5C AO@33.5C thermal@29C POM_5V_IN 1103/1919 POM_5V_GPU 39/58 POM_5V_CPU 157/581
2025-03-10 18:02:35 RAM 1954/3964MB (lfb 14x4MB) SWAP 53/1982MB (cached 0MB) IRAM 0/252kB(lfb 252kB) CPU [13%@204,7%@204,7%@204,14%@204] EMC_FREQ 1%@1600 GR3D_FREQ 0%@153 APE 25 PLL@27C CPU@28.5C PMIC@50C GPU@27.5C AO@34C thermal@28C POM_5V_IN 1336/1908 POM_5V_GPU 39/57 POM_5V_CPU 196/574
2025-03-10 18:02:36 RAM 1942/3964MB (lfb 14x4MB) SWAP 53/1982MB (cached 0MB) IRAM 0/252kB(lfb 252kB) CPU [16%@204,4%@204,5%@204,9%@204] EMC_FREQ 8%@204 GR3D_FREQ 0%@153 APE 25 PLL@27C CPU@28.5C PMIC@50C GPU@27.5C AO@33.5C thermal@28.25C POM_5V_IN 1182/1895 POM_5V_GPU 78/58 POM_5V_CPU 196/567
2025-03-10 18:02:37 RAM 1943/3964MB (lfb 14x4MB) SWAP 53/1982MB (cached 0MB) IRAM 0/252kB(lfb 252kB) CPU [13%@102,8%@102,7%@102,14%@102] EMC_FREQ 8%@204 GR3D_FREQ 0%@153 APE 25 PLL@26.5C CPU@28.5C PMIC@50C GPU@27.5C AO@33.5C thermal@28C POM_5V_IN 1143/1881 POM_5V_GPU 39/57 POM_5V_CPU 196/560
2025-03-10 18:02:38 RAM 1956/3964MB (lfb 14x4MB) SWAP 53/1982MB (cached 0MB) IRAM 0/252kB(lfb 252kB) CPU [18%@102,6%@102,13%@204,8%@204] EMC_FREQ 1%@1600 GR3D_FREQ 0%@153 APE 25 PLL@27C CPU@28.5C PMIC@50C GPU@28C AO@34C thermal@27.75C POM_5V_IN 2030/1884 POM_5V_GPU 39/57 POM_5V_CPU 195/554
2025-03-10 18:02:39 RAM 1942/3964MB (lfb 14x4MB) SWAP 53/1982MB (cached 0MB) IRAM 0/252kB(lfb 252kB) CPU [18%@204,7%@204,5%@204,9%@204] EMC_FREQ 0%@1600 GR3D_FREQ 0%@76 APE 25 PLL@26.5C CPU@28.5C PMIC@50C GPU@28C AO@34C thermal@28.25C POM_5V_IN 1490/1877 POM_5V_GPU 156/59 POM_5V_CPU 274/549
2025-03-10 18:02:40 RAM 1942/3964MB (lfb 14x4MB) SWAP 53/1982MB (cached 0MB) IRAM 0/252kB(lfb 252kB) CPU [13%@102,11%@102,10%@102,12%@102] EMC_FREQ 7%@204 GR3D_FREQ 0%@153 APE 25 PLL@27C CPU@28.5C PMIC@50C GPU@28C AO@34C thermal@28.25C POM_5V_IN 1220/1865 POM_5V_GPU 39/58 POM_5V_CPU 196/543
2025-03-10 18:02:41 RAM 1945/3964MB (lfb 16x4MB) SWAP 53/1982MB (cached 0MB) IRAM 0/252kB(lfb 252kB) CPU [14%@102,10%@102,6%@102,13%@102] EMC_FREQ 8%@204 GR3D_FREQ 0%@153 APE 25 PLL@26.5C CPU@28.5C PMIC@50C GPU@28C AO@34C thermal@28.25C POM_5V_IN 1143/1853 POM_5V_GPU 39/58 POM_5V_CPU 157/536
2025-03-10 18:02:42 RAM 1936/3964MB (lfb 16x4MB) SWAP 53/1982MB (cached 0MB) IRAM 0/252kB(lfb 252kB) CPU [14%@102,8%@102,8%@204,10%@204] EMC_FREQ 7%@204 GR3D_FREQ 0%@153 APE 25 PLL@27C CPU@28C PMIC@50C GPU@28.5C AO@34C thermal@28.25C POM_5V_IN 1103/1841 POM_5V_GPU 39/58 POM_5V_CPU 157/530
2025-03-10 18:02:43 RAM 1947/3964MB (lfb 15x4MB) SWAP 53/1982MB (cached 0MB) IRAM 0/252kB(lfb 252kB) CPU [18%@1479,13%@1479,13%@1479,13%@1479] EMC_FREQ 1%@1600 GR3D_FREQ 0%@153 APE 25 PLL@27.5C CPU@29.5C PMIC@50C GPU@28C AO@34C thermal@28.25C POM_5V_IN 2714/1855 POM_5V_GPU 77/58 POM_5V_CPU 1241/541
2025-03-10 18:02:44 RAM 1947/3964MB (lfb 15x4MB) SWAP 53/1982MB (cached 0MB) IRAM 0/252kB(lfb 252kB) CPU [14%@204,6%@204,5%@204,13%@204] EMC_FREQ 9%@204 GR3D_FREQ 0%@153 APE 25 PLL@26.5C CPU@28C PMIC@50C GPU@28C AO@34C thermal@28.25C POM_5V_IN 1180/1844 POM_5V_GPU 39/58 POM_5V_CPU 196/536
2025-03-10 18:02:45 RAM 1935/3964MB (lfb 16x4MB) SWAP 53/1982MB (cached 0MB) IRAM 0/252kB(lfb 252kB) CPU [14%@102,8%@102,6%@102,9%@204] EMC_FREQ 8%@204 GR3D_FREQ 0%@153 APE 25 PLL@27C CPU@28C PMIC@50C GPU@28C AO@34C thermal@28C POM_5V_IN 1182/1833 POM_5V_GPU 78/58 POM_5V_CPU 197/530
2025-03-10 18:02:47 RAM 1935/3964MB (lfb 16x4MB) SWAP 53/1982MB (cached 0MB) IRAM 0/252kB(lfb 252kB) CPU [14%@102,13%@102,7%@204,10%@204] EMC_FREQ 7%@204 GR3D_FREQ 0%@153 APE 25 PLL@27C CPU@28C PMIC@50C GPU@28C AO@33.5C thermal@28C POM_5V_IN 1143/1823 POM_5V_GPU 39/58 POM_5V_CPU 236/526
2025-03-10 18:02:48 RAM 1946/3964MB (lfb 16x4MB) SWAP 53/1982MB (cached 0MB) IRAM 0/252kB(lfb 252kB) CPU [10%@403,5%@403,6%@403,9%@403] EMC_FREQ 1%@1600 GR3D_FREQ 0%@153 APE 25 PLL@27C CPU@28.5C PMIC@50C GPU@28C AO@34C thermal@28C POM_5V_IN 1840/1823 POM_5V_GPU 39/58 POM_5V_CPU 391/524
2025-03-10 18:02:49 RAM 1936/3964MB (lfb 16x4MB) SWAP 53/1982MB (cached 0MB) IRAM 0/252kB(lfb 252kB) CPU [13%@102,10%@102,8%@102,5%@102] EMC_FREQ 7%@204 GR3D_FREQ 0%@153 APE 25 PLL@26.5C CPU@28C PMIC@50C GPU@28C AO@34C thermal@28C POM_5V_IN 1103/1812 POM_5V_GPU 39/57 POM_5V_CPU 157/518
