2025-03-10 17:54:59 RAM 1996/3964MB (lfb 8x4MB) SWAP 53/1982MB (cached 0MB) IRAM 0/252kB(lfb 252kB) CPU [51%@1479,72%@1479,42%@1479,36%@1479] EMC_FREQ 3%@1600 GR3D_FREQ 0%@153 APE 25 PLL@27C CPU@29C PMIC@50C GPU@28C AO@33.5C thermal@28.75C POM_5V_IN 3053/3053 POM_5V_GPU 38/38 POM_5V_CPU 1507/1507
2025-03-10 17:55:00 RAM 1973/3964MB (lfb 12x4MB) SWAP 53/1982MB (cached 0MB) IRAM 0/252kB(lfb 252kB) CPU [24%@307,27%@307,16%@307,16%@307] EMC_FREQ 27%@204 GR3D_FREQ 0%@230 APE 25 PLL@26.5C CPU@28.5C PMIC@50C GPU@27.5C AO@33C thermal@28.25C POM_5V_IN 1723/2388 POM_5V_GPU 39/38 POM_5V_CPU 391/949
2025-03-10 17:55:01 RAM 1989/3964MB (lfb 10x4MB) SWAP 53/1982MB (cached 0MB) IRAM 0/252kB(lfb 252kB) CPU [20%@518,24%@518,21%@518,14%@518] EMC_FREQ 3%@1600 GR3D_FREQ 0%@230 APE 25 PLL@26.5C CPU@28.5C PMIC@50C GPU@28C AO@32.5C thermal@28C POM_5V_IN 1837/2204 POM_5V_GPU 39/38 POM_5V_CPU 391/763
2025-03-10 17:55:02 RAM 1990/3964MB (lfb 10x4MB) SWAP 53/1982MB (cached 0MB) IRAM 0/252kB(lfb 252kB) CPU [24%@1132,23%@1132,11%@1132,14%@1132] EMC_FREQ 2%@1600 GR3D_FREQ 0%@230 APE 25 PLL@26C CPU@28C PMIC@50C GPU@27.5C AO@33.5C thermal@28C POM_5V_IN 1530/2035 POM_5V_GPU 39/38 POM_5V_CPU 431/680
2025-03-10 17:55:03 RAM 1979/3964MB (lfb 12x4MB) SWAP 53/1982MB (cached 0MB) IRAM 0/252kB(lfb 252kB) CPU [18%@1479,19%@1479,23%@1479,14%@1479] EMC_FREQ 2%@1600 GR3D_FREQ 0%@230 APE 25 PLL@26.5C CPU@28.5C PMIC@50C GPU@28C AO@33C thermal@27.75C POM_5V_IN 2147/2058 POM_5V_GPU 39/38 POM_5V_CPU 779/699
2025-03-10 17:55:04 RAM 1992/3964MB (lfb 10x4MB) SWAP 53/1982MB (cached 0MB) IRAM 0/252kB(lfb 252kB) CPU [26%@307,16%@307,11%@307,20%@307] EMC_FREQ 16%@204 GR3D_FREQ 0%@230 APE 25 PLL@26.5C CPU@28.5C PMIC@50C GPU@27.5C AO@33C thermal@27.75C POM_5V_IN 1608/1983 POM_5V_GPU 39/38 POM_5V_CPU 353/642
2025-03-10 17:55:05 RAM 1982/3964MB (lfb 12x4MB) SWAP 53/1982MB (cached 0MB) IRAM 0/252kB(lfb 252kB) CPU [18%@710,10%@710,19%@710,17%@710] EMC_FREQ 1%@1600 GR3D_FREQ 0%@153 APE 25 PLL@26.5C CPU@28C PMIC@50C GPU@27.5C AO@33C thermal@28.25C POM_5V_IN 1530/1918 POM_5V_GPU 78/44 POM_5V_CPU 353/600
2025-03-10 17:55:06 RAM 1997/3964MB (lfb 10x4MB) SWAP 53/1982MB (cached 0MB) IRAM 0/252kB(lfb 252kB) CPU [18%@518,17%@518,19%@518,13%@518] EMC_FREQ 1%@1600 GR3D_FREQ 0%@153 APE 25 PLL@27C CPU@28.5C PMIC@50C GPU@27.5C AO@33.5C thermal@28.25C POM_5V_IN 2030/1932 POM_5V_GPU 39/43 POM_5V_CPU 469/584
2025-03-10 17:55:07 RAM 1997/3964MB (lfb 10x4MB) SWAP 53/1982MB (cached 0MB) IRAM 0/252kB(lfb 252kB) CPU [17%@204,10%@204,14%@204,10%@204] EMC_FREQ 13%@204 GR3D_FREQ 0%@153 APE 25 PLL@26C CPU@28C PMIC@50C GPU@27.5C AO@32.5C thermal@28C POM_5V_IN 1143/1844 POM_5V_GPU 39/43 POM_5V_CPU 157/536
2025-03-10 17:55:08 RAM 1990/3964MB (lfb 11x4MB) SWAP 53/1982MB (cached 0MB) IRAM 0/252kB(lfb 252kB) CPU [21%@204,13%@204,14%@204,14%@204] EMC_FREQ 12%@204 GR3D_FREQ 0%@153 APE 25 PLL@26.5C CPU@28C PMIC@50C GPU@27.5C AO@33C thermal@28C POM_5V_IN 1338/1793 POM_5V_GPU 39/42 POM_5V_CPU 236/506
2025-03-10 17:55:09 RAM 2009/3964MB (lfb 7x4MB) SWAP 53/1982MB (cached 0MB) IRAM 0/252kB(lfb 252kB) CPU [20%@1479,28%@1479,14%@1479,10%@1479] EMC_FREQ 1%@1600 GR3D_FREQ 0%@153 APE 25 PLL@26.5C CPU@28C PMIC@50C GPU@28C AO@33C thermal@27.75C POM_5V_IN 2147/1826 POM_5V_GPU 117/49 POM_5V_CPU 624/517
2025-03-10 17:55:10 RAM 2000/3964MB (lfb 8x4MB) SWAP 53/1982MB (cached 0MB) IRAM 0/252kB(lfb 252kB) CPU [30%@403,18%@403,24%@403,18%@403] EMC_FREQ 14%@204 GR3D_FREQ 0%@153 APE 25 PLL@26.5C CPU@28.5C PMIC@50C GPU@27.5C AO@33C thermal@28C POM_5V_IN 1762/1820 POM_5V_GPU 39/48 POM_5V_CPU 391/506
2025-03-10 17:55:11 RAM 2013/3964MB (lfb 7x4MB) SWAP 53/1982MB (cached 0MB) IRAM 0/252kB(lfb 252kB) CPU [23%@1326,7%@1326,7%@1326,30%@1326] EMC_FREQ 1%@1600 GR3D_FREQ 0%@153 APE 25 PLL@27C CPU@28.5C PMIC@50C GPU@28C AO@33.5C thermal@28.5C POM_5V_IN 2299/1857 POM_5V_GPU 116/53 POM_5V_CPU 662/518
2025-03-10 17:55:12 RAM 2017/3964MB (lfb 7x4MB) SWAP 53/1982MB (cached 0MB) IRAM 0/252kB(lfb 252kB) CPU [21%@403,14%@403,8%@403,23%@403] EMC_FREQ 1%@1600 GR3D_FREQ 0%@153 APE 25 PLL@26.5C CPU@28.5C PMIC@50C GPU@27.5C AO@33C thermal@28C POM_5V_IN 1994/1867 POM_5V_GPU 39/52 POM_5V_CPU 469/515
2025-03-10 17:55:13 RAM 2013/3964MB (lfb 8x4MB) SWAP 53/1982MB (cached 0MB) IRAM 0/252kB(lfb 252kB) CPU [25%@614,19%@614,16%@614,17%@614] EMC_FREQ 14%@204 GR3D_FREQ 0%@153 APE 25 PLL@26.5C CPU@28.5C PMIC@50C GPU@28C AO@33C thermal@28C POM_5V_IN 1840/1865 POM_5V_GPU 39/51 POM_5V_CPU 430/509
2025-03-10 17:55:14 RAM 2021/3964MB (lfb 7x4MB) SWAP 53/1982MB (cached 0MB) IRAM 0/252kB(lfb 252kB) CPU [31%@307,25%@307,21%@307,20%@307] EMC_FREQ 14%@204 GR3D_FREQ 0%@153 APE 25 PLL@26.5C CPU@28C PMIC@50C GPU@27.5C AO@33C thermal@28.25C POM_5V_IN 1569/1846 POM_5V_GPU 39/51 POM_5V_CPU 353/499
2025-03-10 17:55:15 RAM 2012/3964MB (lfb 8x4MB) SWAP 53/1982MB (cached 0MB) IRAM 0/252kB(lfb 252kB) CPU [25%@614,24%@614,23%@614,23%@614] EMC_FREQ 1%@1600 GR3D_FREQ 0%@153 APE 25 PLL@26.5C CPU@28.5C PMIC@50C GPU@27.5C AO@33C thermal@27.75C POM_5V_IN 2030/1857 POM_5V_GPU 78/52 POM_5V_CPU 469/497
2025-03-10 17:55:16 RAM 2023/3964MB (lfb 6x4MB) SWAP 53/1982MB (cached 0MB) IRAM 0/252kB(lfb 252kB) CPU [28%@1036,26%@1036,24%@1036,26%@1036] EMC_FREQ 1%@1600 GR3D_FREQ 0%@153 APE 25 PLL@27C CPU@28.5C PMIC@50C GPU@27.5C AO@33.5C thermal@28C POM_5V_IN 2412/1888 POM_5V_GPU 38/51 POM_5V_CPU 817/515
2025-03-10 17:55:17 RAM 2025/3964MB (lfb 6x4MB) SWAP 53/1982MB (cached 0MB) IRAM 0/252kB(lfb 252kB) CPU [22%@710,27%@710,22%@710,21%@710] EMC_FREQ 1%@1600 GR3D_FREQ 0%@153 APE 25 PLL@27C CPU@28.5C PMIC@50C GPU@28C AO@33.5C thermal@28C POM_5V_IN 2108/1900 POM_5V_GPU 78/53 POM_5V_CPU 662/523
2025-03-10 17:55:18 RAM 2015/3964MB (lfb 8x4MB) SWAP 53/1982MB (cached 0MB) IRAM 0/252kB(lfb 252kB) CPU [26%@1428,25%@1428,21%@1428,25%@1428] EMC_FREQ 1%@1600 GR3D_FREQ 0%@153 APE 25 PLL@26.5C CPU@28C PMIC@50C GPU@27.5C AO@33C thermal@28.25C POM_5V_IN 1723/1891 POM_5V_GPU 39/52 POM_5V_CPU 664/530
2025-03-10 17:55:19 RAM 2026/3964MB (lfb 6x4MB) SWAP 53/1982MB (cached 0MB) IRAM 0/252kB(lfb 252kB) CPU [28%@1479,27%@1479,24%@1479,25%@1479] EMC_FREQ 1%@1600 GR3D_FREQ 0%@153 APE 25 PLL@26.5C CPU@28.5C PMIC@50C GPU@27.5C AO@33C thermal@28.25C POM_5V_IN 2143/1903 POM_5V_GPU 39/51 POM_5V_CPU 779/542
2025-03-10 17:55:20 RAM 2029/3964MB (lfb 6x4MB) SWAP 53/1982MB (cached 0MB) IRAM 0/252kB(lfb 252kB) CPU [40%@1479,40%@1479,38%@1479,41%@1479] EMC_FREQ 1%@1600 GR3D_FREQ 0%@153 APE 25 PLL@27C CPU@28.5C PMIC@50C GPU@28C AO@33.5C thermal@28.75C POM_5V_IN 2299/1921 POM_5V_GPU 38/51 POM_5V_CPU 779/553
2025-03-10 17:55:21 RAM 2020/3964MB (lfb 8x4MB) SWAP 53/1982MB (cached 0MB) IRAM 0/252kB(lfb 252kB) CPU [22%@102,11%@102,25%@102,9%@102] EMC_FREQ 1%@1600 GR3D_FREQ 0%@153 APE 25 PLL@27C CPU@28.5C PMIC@50C GPU@27.5C AO@33.5C thermal@28C POM_5V_IN 2069/1927 POM_5V_GPU 78/52 POM_5V_CPU 195/537
2025-03-10 17:55:22 RAM 2028/3964MB (lfb 7x4MB) SWAP 53/1982MB (cached 0MB) IRAM 0/252kB(lfb 252kB) CPU [7%@614,10%@614,8%@614,9%@614] EMC_FREQ 11%@204 GR3D_FREQ 0%@153 APE 25 PLL@26.5C CPU@28C PMIC@50C GPU@28C AO@33.5C thermal@28C POM_5V_IN 1259/1899 POM_5V_GPU 39/51 POM_5V_CPU 314/528
2025-03-10 17:55:24 RAM 2020/3964MB (lfb 8x4MB) SWAP 53/1982MB (cached 0MB) IRAM 0/252kB(lfb 252kB) CPU [13%@204,12%@204,7%@204,5%@204] EMC_FREQ 10%@204 GR3D_FREQ 0%@153 APE 25 PLL@26.5C CPU@28C PMIC@50C GPU@27.5C AO@33C thermal@28C POM_5V_IN 1143/1869 POM_5V_GPU 39/51 POM_5V_CPU 157/513
2025-03-10 17:55:25 RAM 2029/3964MB (lfb 7x4MB) SWAP 53/1982MB (cached 0MB) IRAM 0/252kB(lfb 252kB) CPU [16%@102,11%@102,8%@102,9%@307] EMC_FREQ 9%@204 GR3D_FREQ 0%@153 APE 25 PLL@26.5C CPU@28C PMIC@50C GPU@27.5C AO@33C thermal@28C POM_5V_IN 1141/1841 POM_5V_GPU 39/50 POM_5V_CPU 236/502
2025-03-10 17:55:26 RAM 2029/3964MB (lfb 7x4MB) SWAP 53/1982MB (cached 0MB) IRAM 0/252kB(lfb 252kB) CPU [10%@614,8%@614,7%@614,6%@614] EMC_FREQ 1%@1600 GR3D_FREQ 0%@153 APE 25 PLL@26.5C CPU@27.5C PMIC@50C GPU@27.5C AO@33C thermal@27.75C POM_5V_IN 1220/1818 POM_5V_GPU 39/50 POM_5V_CPU 236/492
2025-03-10 17:55:27 RAM 2019/3964MB (lfb 8x4MB) SWAP 53/1982MB (cached 0MB) IRAM 0/252kB(lfb 252kB) CPU [12%@403,9%@403,7%@403,8%@403] EMC_FREQ 1%@1600 GR3D_FREQ 0%@153 APE 25 PLL@26C CPU@27.5C PMIC@50C GPU@27.5C AO@33C thermal@27.5C POM_5V_IN 1220/1797 POM_5V_GPU 39/50 POM_5V_CPU 275/484
2025-03-10 17:55:28 RAM 2030/3964MB (lfb 7x4MB) SWAP 53/1982MB (cached 0MB) IRAM 0/252kB(lfb 252kB) CPU [14%@307,11%@403,13%@403,8%@403] EMC_FREQ 1%@1600 GR3D_FREQ 0%@153 APE 25 PLL@26.5C CPU@28C PMIC@50C GPU@28C AO@33C thermal@27.5C POM_5V_IN 1916/1801 POM_5V_GPU 39/49 POM_5V_CPU 430/483
2025-03-10 17:55:29 RAM 2020/3964MB (lfb 8x4MB) SWAP 53/1982MB (cached 0MB) IRAM 0/252kB(lfb 252kB) CPU [15%@307,10%@307,10%@307,10%@307] EMC_FREQ 8%@204 GR3D_FREQ 87%@153 APE 25 PLL@26C CPU@28.5C PMIC@50C GPU@28C AO@32.5C thermal@28C POM_5V_IN 1762/1799 POM_5V_GPU 156/53 POM_5V_CPU 353/478
2025-03-10 17:55:30 RAM 2031/3964MB (lfb 6x4MB) SWAP 53/1982MB (cached 0MB) IRAM 0/252kB(lfb 252kB) CPU [9%@204,10%@204,11%@204,5%@204] EMC_FREQ 8%@204 GR3D_FREQ 0%@153 APE 25 PLL@26.5C CPU@28C PMIC@50C GPU@28C AO@33.5C thermal@27.75C POM_5V_IN 1453/1788 POM_5V_GPU 39/52 POM_5V_CPU 314/473
2025-03-10 17:55:31 RAM 2031/3964MB (lfb 6x4MB) SWAP 53/1982MB (cached 0MB) IRAM 0/252kB(lfb 252kB) CPU [17%@102,17%@102,15%@102,12%@102] EMC_FREQ 10%@204 GR3D_FREQ 0%@153 APE 25 PLL@26C CPU@27.5C PMIC@50C GPU@28C AO@33C thermal@28C POM_5V_IN 1375/1775 POM_5V_GPU 78/53 POM_5V_CPU 235/465
2025-03-10 17:55:32 RAM 2019/3964MB (lfb 8x4MB) SWAP 53/1982MB (cached 0MB) IRAM 0/252kB(lfb 252kB) CPU [12%@204,7%@204,10%@204,5%@204] EMC_FREQ 8%@204 GR3D_FREQ 0%@153 APE 25 PLL@26.5C CPU@27.5C PMIC@50C GPU@27.5C AO@33C thermal@27.75C POM_5V_IN 1182/1757 POM_5V_GPU 39/53 POM_5V_CPU 196/457
2025-03-10 17:55:33 RAM 2032/3964MB (lfb 6x4MB) SWAP 53/1982MB (cached 0MB) IRAM 0/252kB(lfb 252kB) CPU [11%@204,10%@204,10%@204,12%@204] EMC_FREQ 8%@204 GR3D_FREQ 0%@153 APE 25 PLL@26.5C CPU@28C PMIC@50C GPU@27.5C AO@33.5C thermal@27.75C POM_5V_IN 1180/1740 POM_5V_GPU 39/52 POM_5V_CPU 196/450
2025-03-10 17:55:34 RAM 2020/3964MB (lfb 8x4MB) SWAP 53/1982MB (cached 0MB) IRAM 0/252kB(lfb 252kB) CPU [16%@102,10%@102,9%@204,8%@204] EMC_FREQ 8%@204 GR3D_FREQ 0%@153 APE 25 PLL@26C CPU@28C PMIC@50C GPU@27.5C AO@33.5C thermal@27.75C POM_5V_IN 1141/1723 POM_5V_GPU 39/52 POM_5V_CPU 196/442
2025-03-10 17:55:35 RAM 2031/3964MB (lfb 6x4MB) SWAP 53/1982MB (cached 0MB) IRAM 0/252kB(lfb 252kB) CPU [12%@403,13%@403,10%@403,6%@403] EMC_FREQ 1%@1600 GR3D_FREQ 0%@153 APE 25 PLL@26.5C CPU@28C PMIC@50C GPU@27.5C AO@33.5C thermal@27.5C POM_5V_IN 1801/1725 POM_5V_GPU 39/51 POM_5V_CPU 391/441
2025-03-10 17:55:36 RAM 2031/3964MB (lfb 6x4MB) SWAP 53/1982MB (cached 0MB) IRAM 0/252kB(lfb 252kB) CPU [13%@204,9%@204,7%@204,4%@204] EMC_FREQ 7%@204 GR3D_FREQ 0%@153 APE 25 PLL@26C CPU@27.5C PMIC@50C GPU@27C AO@33.5C thermal@27.75C POM_5V_IN 1180/1711 POM_5V_GPU 39/51 POM_5V_CPU 236/435
2025-03-10 17:55:37 RAM 2020/3964MB (lfb 8x4MB) SWAP 53/1982MB (cached 0MB) IRAM 0/252kB(lfb 252kB) CPU [9%@204,6%@204,7%@204,2%@204] EMC_FREQ 7%@204 GR3D_FREQ 0%@153 APE 25 PLL@26C CPU@28C PMIC@50C GPU@27.5C AO@33C thermal@27.75C POM_5V_IN 1103/1695 POM_5V_GPU 39/51 POM_5V_CPU 157/428
2025-03-10 17:55:38 RAM 2031/3964MB (lfb 7x4MB) SWAP 53/1982MB (cached 0MB) IRAM 0/252kB(lfb 252kB) CPU [17%@204,14%@204,9%@204,12%@204] EMC_FREQ 8%@204 GR3D_FREQ 45%@153 APE 25 PLL@26.5C CPU@28C PMIC@50C GPU@28C AO@33C thermal@27.75C POM_5V_IN 1493/1689 POM_5V_GPU 157/53 POM_5V_CPU 196/422
2025-03-10 17:55:39 RAM 2020/3964MB (lfb 8x4MB) SWAP 53/1982MB (cached 0MB) IRAM 0/252kB(lfb 252kB) CPU [12%@204,12%@204,8%@204,8%@204] EMC_FREQ 7%@204 GR3D_FREQ 0%@153 APE 25 PLL@26.5C CPU@28C PMIC@50C GPU@27.5C AO@33C thermal@27.75C POM_5V_IN 1298/1680 POM_5V_GPU 39/53 POM_5V_CPU 236/417
2025-03-10 17:55:40 RAM 2030/3964MB (lfb 6x4MB) SWAP 53/1982MB (cached 0MB) IRAM 0/252kB(lfb 252kB) CPU [10%@1479,7%@1479,7%@1479,7%@1479] EMC_FREQ 0%@1600 GR3D_FREQ 0%@153 APE 25 PLL@26C CPU@28.5C PMIC@50C GPU@27.5C AO@33.5C thermal@27.75C POM_5V_IN 1608/1678 POM_5V_GPU 39/53 POM_5V_CPU 470/419
2025-03-10 17:55:41 RAM 2033/3964MB (lfb 6x4MB) SWAP 53/1982MB (cached 0MB) IRAM 0/252kB(lfb 252kB) CPU [16%@204,11%@204,13%@204,15%@204] EMC_FREQ 9%@204 GR3D_FREQ 0%@153 APE 25 PLL@26C CPU@28C PMIC@50C GPU@27.5C AO@33C thermal@28C POM_5V_IN 1103/1664 POM_5V_GPU 39/52 POM_5V_CPU 157/412
2025-03-10 17:55:42 RAM 2019/3964MB (lfb 8x4MB) SWAP 53/1982MB (cached 0MB) IRAM 0/252kB(lfb 252kB) CPU [13%@102,6%@102,7%@102,6%@102] EMC_FREQ 9%@204 GR3D_FREQ 0%@153 APE 25 PLL@26C CPU@28C PMIC@50C GPU@27.5C AO@33C thermal@27.75C POM_5V_IN 1220/1654 POM_5V_GPU 78/53 POM_5V_CPU 157/406
2025-03-10 17:55:43 RAM 2032/3964MB (lfb 6x4MB) SWAP 53/1982MB (cached 0MB) IRAM 0/252kB(lfb 252kB) CPU [12%@102,6%@102,11%@102,5%@102] EMC_FREQ 8%@204 GR3D_FREQ 0%@153 APE 25 PLL@26C CPU@28C PMIC@50C GPU@27.5C AO@33C thermal@27.75C POM_5V_IN 1103/1641 POM_5V_GPU 39/53 POM_5V_CPU 157/401
2025-03-10 17:55:44 RAM 2032/3964MB (lfb 6x4MB) SWAP 53/1982MB (cached 0MB) IRAM 0/252kB(lfb 252kB) CPU [12%@102,7%@102,9%@102,3%@204] EMC_FREQ 8%@204 GR3D_FREQ 0%@153 APE 25 PLL@26C CPU@28C PMIC@50C GPU@27.5C AO@33C thermal@27.5C POM_5V_IN 1143/1630 POM_5V_GPU 78/53 POM_5V_CPU 157/395
2025-03-10 17:55:45 RAM 2019/3964MB (lfb 8x4MB) SWAP 53/1982MB (cached 0MB) IRAM 0/252kB(lfb 252kB) CPU [16%@102,11%@102,8%@102,6%@102] EMC_FREQ 7%@204 GR3D_FREQ 0%@153 APE 25 PLL@26.5C CPU@27.5C PMIC@50C GPU@27.5C AO@33.5C thermal@27.5C POM_5V_IN 1103/1619 POM_5V_GPU 39/53 POM_5V_CPU 157/390
2025-03-10 17:55:46 RAM 2031/3964MB (lfb 6x4MB) SWAP 53/1982MB (cached 0MB) IRAM 0/252kB(lfb 252kB) CPU [12%@102,13%@102,11%@204,8%@204] EMC_FREQ 7%@204 GR3D_FREQ 0%@76 APE 25 PLL@26C CPU@28C PMIC@50C GPU@28C AO@33C thermal@27.75C POM_5V_IN 1103/1608 POM_5V_GPU 39/53 POM_5V_CPU 157/385
2025-03-10 17:55:47 RAM 2019/3964MB (lfb 8x4MB) SWAP 53/1982MB (cached 0MB) IRAM 0/252kB(lfb 252kB) CPU [16%@102,10%@102,8%@204,6%@204] EMC_FREQ 7%@204 GR3D_FREQ 0%@153 APE 25 PLL@26C CPU@28C PMIC@50C GPU@27.5C AO@33C thermal@27.75C POM_5V_IN 1103/1597 POM_5V_GPU 39/52 POM_5V_CPU 157/380
2025-03-10 17:55:48 RAM 2032/3964MB (lfb 6x4MB) SWAP 53/1982MB (cached 0MB) IRAM 0/252kB(lfb 252kB) CPU [15%@204,14%@204,12%@204,8%@204] EMC_FREQ 8%@204 GR3D_FREQ 0%@153 APE 25 PLL@26.5C CPU@27.5C PMIC@50C GPU@27.5C AO@33C thermal@28C POM_5V_IN 1259/1590 POM_5V_GPU 39/52 POM_5V_CPU 236/377
2025-03-10 17:55:49 RAM 2032/3964MB (lfb 6x4MB) SWAP 53/1982MB (cached 0MB) IRAM 0/252kB(lfb 252kB) CPU [15%@102,11%@102,5%@102,8%@102] EMC_FREQ 8%@204 GR3D_FREQ 0%@153 APE 25 PLL@26C CPU@28C PMIC@50C GPU@27.5C AO@33C thermal@27.5C POM_5V_IN 1298/1584 POM_5V_GPU 118/53 POM_5V_CPU 196/374
2025-03-10 17:55:50 RAM 2019/3964MB (lfb 8x4MB) SWAP 53/1982MB (cached 0MB) IRAM 0/252kB(lfb 252kB) CPU [15%@102,12%@102,7%@204,10%@204] EMC_FREQ 7%@204 GR3D_FREQ 0%@153 APE 25 PLL@26C CPU@27.5C PMIC@50C GPU@27.5C AO@33C thermal@27.75C POM_5V_IN 1103/1575 POM_5V_GPU 39/53 POM_5V_CPU 157/370
2025-03-10 17:55:51 RAM 2031/3964MB (lfb 6x4MB) SWAP 53/1982MB (cached 0MB) IRAM 0/252kB(lfb 252kB) CPU [20%@204,13%@204,13%@204,15%@204] EMC_FREQ 9%@204 GR3D_FREQ 0%@76 APE 25 PLL@26C CPU@28C PMIC@50C GPU@27.5C AO@33.5C thermal@27.75C POM_5V_IN 1259/1569 POM_5V_GPU 157/55 POM_5V_CPU 196/366
2025-03-10 17:55:52 RAM 2020/3964MB (lfb 8x4MB) SWAP 53/1982MB (cached 0MB) IRAM 0/252kB(lfb 252kB) CPU [12%@102,10%@102,6%@102,8%@102] EMC_FREQ 8%@204 GR3D_FREQ 0%@76 APE 25 PLL@26C CPU@27.5C PMIC@50C GPU@28C AO@33C thermal@27.75C POM_5V_IN 1025/1559 POM_5V_GPU 0/54 POM_5V_CPU 157/362
2025-03-10 17:55:53 RAM 2030/3964MB (lfb 7x4MB) SWAP 53/1982MB (cached 0MB) IRAM 0/252kB(lfb 252kB) CPU [12%@102,12%@102,7%@102,5%@102] EMC_FREQ 8%@204 GR3D_FREQ 0%@153 APE 25 PLL@26.5C CPU@27.5C PMIC@50C GPU@27.5C AO@33C thermal@28C POM_5V_IN 1103/1550 POM_5V_GPU 39/54 POM_5V_CPU 157/358
2025-03-10 17:55:54 RAM 2030/3964MB (lfb 7x4MB) SWAP 53/1982MB (cached 0MB) IRAM 0/252kB(lfb 252kB) CPU [12%@204,9%@204,8%@204,8%@204] EMC_FREQ 8%@204 GR3D_FREQ 0%@153 APE 25 PLL@26C CPU@28C PMIC@50C GPU@27.5C AO@33C thermal@27.5C POM_5V_IN 1103/1542 POM_5V_GPU 39/53 POM_5V_CPU 157/355
2025-03-10 17:55:55 RAM 2020/3964MB (lfb 8x4MB) SWAP 53/1982MB (cached 0MB) IRAM 0/252kB(lfb 252kB) CPU [11%@102,7%@102,7%@102,6%@102] EMC_FREQ 7%@204 GR3D_FREQ 0%@153 APE 25 PLL@26.5C CPU@28C PMIC@50C GPU@27.5C AO@33C thermal@27.5C POM_5V_IN 1103/1534 POM_5V_GPU 39/53 POM_5V_CPU 157/351
2025-03-10 17:55:56 RAM 2031/3964MB (lfb 6x4MB) SWAP 53/1982MB (cached 0MB) IRAM 0/252kB(lfb 252kB) CPU [13%@307,15%@307,6%@307,6%@307] EMC_FREQ 7%@204 GR3D_FREQ 64%@153 APE 25 PLL@26.5C CPU@28C PMIC@50C GPU@27.5C AO@33C thermal@27.75C POM_5V_IN 1493/1533 POM_5V_GPU 157/55 POM_5V_CPU 235/349
2025-03-10 17:55:57 RAM 2019/3964MB (lfb 8x4MB) SWAP 53/1982MB (cached 0MB) IRAM 0/252kB(lfb 252kB) CPU [13%@204,9%@204,6%@204,8%@204] EMC_FREQ 7%@204 GR3D_FREQ 0%@153 APE 25 PLL@26C CPU@27.5C PMIC@50C GPU@27.5C AO@33C thermal@27.75C POM_5V_IN 1103/1526 POM_5V_GPU 39/55 POM_5V_CPU 157/346
2025-03-10 17:55:58 RAM 2024/3964MB (lfb 7x4MB) SWAP 53/1982MB (cached 0MB) IRAM 0/252kB(lfb 252kB) CPU [14%@204,9%@204,10%@204,9%@204] EMC_FREQ 8%@204 GR3D_FREQ 0%@153 APE 25 PLL@26.5C CPU@28.5C PMIC@50C GPU@27.5C AO@33C thermal@27.75C POM_5V_IN 1414/1524 POM_5V_GPU 157/56 POM_5V_CPU 235/344
2025-03-10 17:55:59 RAM 2024/3964MB (lfb 7x4MB) SWAP 53/1982MB (cached 0MB) IRAM 0/252kB(lfb 252kB) CPU [11%@102,10%@102,8%@204,5%@204] EMC_FREQ 7%@204 GR3D_FREQ 0%@76 APE 25 PLL@25.5C CPU@28C PMIC@50C GPU@28C AO@33.5C thermal@27.75C POM_5V_IN 1064/1516 POM_5V_GPU 0/55 POM_5V_CPU 157/341
