2025-03-10 17:58:43 RAM 2001/3964MB (lfb 8x4MB) SWAP 53/1982MB (cached 0MB) IRAM 0/252kB(lfb 252kB) CPU [22%@307,11%@307,21%@307,12%@307] EMC_FREQ 3%@1600 GR3D_FREQ 0%@153 APE 25 PLL@26.5C CPU@27.5C PMIC@50C GPU@27.5C AO@33C thermal@28.5C POM_5V_IN 1801/1801 POM_5V_GPU 39/39 POM_5V_CPU 352/352
2025-03-10 17:58:44 RAM 1993/3964MB (lfb 9x4MB) SWAP 53/1982MB (cached 0MB) IRAM 0/252kB(lfb 252kB) CPU [25%@1132,15%@1132,15%@1132,10%@1132] EMC_FREQ 2%@1600 GR3D_FREQ 0%@76 APE 25 PLL@26C CPU@28.5C PMIC@50C GPU@27.5C AO@33C thermal@27.75C POM_5V_IN 1801/1801 POM_5V_GPU 39/39 POM_5V_CPU 469/410
2025-03-10 17:58:46 RAM 2009/3964MB (lfb 7x4MB) SWAP 53/1982MB (cached 0MB) IRAM 0/252kB(lfb 252kB) CPU [15%@614,20%@614,18%@614,14%@614] EMC_FREQ 2%@1600 GR3D_FREQ 0%@76 APE 25 PLL@26.5C CPU@28C PMIC@50C GPU@28.5C AO@33C thermal@27.75C POM_5V_IN 1801/1801 POM_5V_GPU 0/26 POM_5V_CPU 391/404
2025-03-10 17:58:47 RAM 2010/3964MB (lfb 7x4MB) SWAP 53/1982MB (cached 0MB) IRAM 0/252kB(lfb 252kB) CPU [28%@204,20%@204,24%@204,22%@204] EMC_FREQ 19%@204 GR3D_FREQ 0%@153 APE 25 PLL@26.5C CPU@27.5C PMIC@50C GPU@27.5C AO@33C thermal@27.75C POM_5V_IN 1453/1714 POM_5V_GPU 39/29 POM_5V_CPU 314/381
2025-03-10 17:58:48 RAM 1999/3964MB (lfb 9x4MB) SWAP 53/1982MB (cached 0MB) IRAM 0/252kB(lfb 252kB) CPU [25%@710,26%@710,18%@710,8%@710] EMC_FREQ 2%@1600 GR3D_FREQ 0%@153 APE 25 PLL@26.5C CPU@28C PMIC@50C GPU@27.5C AO@33C thermal@27.75C POM_5V_IN 2260/1823 POM_5V_GPU 38/31 POM_5V_CPU 545/414
2025-03-10 17:58:49 RAM 2011/3964MB (lfb 8x4MB) SWAP 53/1982MB (cached 0MB) IRAM 0/252kB(lfb 252kB) CPU [20%@710,23%@710,16%@710,18%@710] EMC_FREQ 2%@1600 GR3D_FREQ 44%@153 APE 25 PLL@26.5C CPU@28C PMIC@50C GPU@27.5C AO@33.5C thermal@27.5C POM_5V_IN 1876/1832 POM_5V_GPU 156/51 POM_5V_CPU 469/423
2025-03-10 17:58:50 RAM 2001/3964MB (lfb 9x4MB) SWAP 53/1982MB (cached 0MB) IRAM 0/252kB(lfb 252kB) CPU [24%@307,16%@307,11%@307,17%@307] EMC_FREQ 14%@204 GR3D_FREQ 0%@153 APE 25 PLL@26.5C CPU@27.5C PMIC@50C GPU@27.5C AO@33C thermal@27.75C POM_5V_IN 1686/1811 POM_5V_GPU 39/50 POM_5V_CPU 392/418
2025-03-10 17:58:51 RAM 2014/3964MB (lfb 7x4MB) SWAP 53/1982MB (cached 0MB) IRAM 0/252kB(lfb 252kB) CPU [26%@614,20%@614,14%@614,15%@614] EMC_FREQ 1%@1600 GR3D_FREQ 99%@76 APE 25 PLL@26.5C CPU@28.5C PMIC@50C GPU@27.5C AO@33C thermal@28.25C POM_5V_IN 2260/1867 POM_5V_GPU 194/68 POM_5V_CPU 506/429
2025-03-10 17:58:52 RAM 2014/3964MB (lfb 7x4MB) SWAP 53/1982MB (cached 0MB) IRAM 0/252kB(lfb 252kB) CPU [12%@102,11%@204,6%@204,5%@204] EMC_FREQ 12%@204 GR3D_FREQ 0%@76 APE 25 PLL@26C CPU@27.5C PMIC@50C GPU@28C AO@33C thermal@27.75C POM_5V_IN 1064/1778 POM_5V_GPU 0/60 POM_5V_CPU 197/403
2025-03-10 17:58:53 RAM 2009/3964MB (lfb 9x4MB) SWAP 53/1982MB (cached 0MB) IRAM 0/252kB(lfb 252kB) CPU [24%@1479,15%@1479,13%@1479,12%@1479] EMC_FREQ 1%@1600 GR3D_FREQ 0%@153 APE 25 PLL@26.5C CPU@28C PMIC@50C GPU@27.5C AO@33.5C thermal@28C POM_5V_IN 2221/1822 POM_5V_GPU 38/58 POM_5V_CPU 701/433
2025-03-10 17:58:54 RAM 2020/3964MB (lfb 7x4MB) SWAP 53/1982MB (cached 0MB) IRAM 0/252kB(lfb 252kB) CPU [22%@307,25%@307,11%@204,13%@204] EMC_FREQ 13%@204 GR3D_FREQ 0%@153 APE 25 PLL@26.5C CPU@28C PMIC@50C GPU@27.5C AO@33.5C thermal@28C POM_5V_IN 1569/1799 POM_5V_GPU 39/56 POM_5V_CPU 275/419
2025-03-10 17:58:55 RAM 2013/3964MB (lfb 8x4MB) SWAP 53/1982MB (cached 0MB) IRAM 0/252kB(lfb 252kB) CPU [13%@204,21%@204,19%@204,8%@204] EMC_FREQ 13%@204 GR3D_FREQ 0%@153 APE 25 PLL@26.5C CPU@28C PMIC@50C GPU@27.5C AO@33.5C thermal@27.75C POM_5V_IN 1686/1789 POM_5V_GPU 78/58 POM_5V_CPU 391/416
2025-03-10 17:58:56 RAM 2027/3964MB (lfb 6x4MB) SWAP 53/1982MB (cached 0MB) IRAM 0/252kB(lfb 252kB) CPU [18%@518,20%@518,16%@518,13%@518] EMC_FREQ 1%@1600 GR3D_FREQ 0%@153 APE 25 PLL@26.5C CPU@28C PMIC@50C GPU@27.5C AO@33.5C thermal@28C POM_5V_IN 1955/1802 POM_5V_GPU 39/56 POM_5V_CPU 546/426
2025-03-10 17:58:57 RAM 2030/3964MB (lfb 6x4MB) SWAP 53/1982MB (cached 0MB) IRAM 0/252kB(lfb 252kB) CPU [28%@1479,19%@1479,22%@1479,22%@1479] EMC_FREQ 2%@1600 GR3D_FREQ 0%@153 APE 25 PLL@27C CPU@28C PMIC@50C GPU@27.5C AO@33.5C thermal@27.75C POM_5V_IN 2563/1856 POM_5V_GPU 155/63 POM_5V_CPU 932/462
2025-03-10 17:58:58 RAM 2019/3964MB (lfb 8x4MB) SWAP 53/1982MB (cached 0MB) IRAM 0/252kB(lfb 252kB) CPU [24%@1479,23%@1479,21%@1479,22%@1479] EMC_FREQ 1%@1600 GR3D_FREQ 0%@153 APE 25 PLL@26.5C CPU@28.5C PMIC@50C GPU@27.5C AO@33.5C thermal@27.75C POM_5V_IN 2069/1871 POM_5V_GPU 39/62 POM_5V_CPU 624/473
2025-03-10 17:58:59 RAM 2031/3964MB (lfb 6x4MB) SWAP 53/1982MB (cached 0MB) IRAM 0/252kB(lfb 252kB) CPU [23%@403,23%@403,20%@403,18%@614] EMC_FREQ 1%@1600 GR3D_FREQ 0%@153 APE 25 PLL@26.5C CPU@28C PMIC@50C GPU@27.5C AO@33.5C thermal@28C POM_5V_IN 1801/1866 POM_5V_GPU 39/60 POM_5V_CPU 509/475
2025-03-10 17:59:00 RAM 2018/3964MB (lfb 8x4MB) SWAP 53/1982MB (cached 0MB) IRAM 0/252kB(lfb 252kB) CPU [26%@1428,26%@1428,24%@1428,20%@1428] EMC_FREQ 2%@1600 GR3D_FREQ 98%@460 APE 25 PLL@26.5C CPU@28.5C PMIC@50C GPU@27.5C AO@33.5C thermal@28C POM_5V_IN 3053/1936 POM_5V_GPU 347/77 POM_5V_CPU 1043/509
2025-03-10 17:59:01 RAM 2029/3964MB (lfb 7x4MB) SWAP 53/1982MB (cached 0MB) IRAM 0/252kB(lfb 252kB) CPU [23%@825,22%@825,23%@825,25%@825] EMC_FREQ 2%@1600 GR3D_FREQ 0%@230 APE 25 PLL@27C CPU@28.5C PMIC@50C GPU@27.5C AO@33.5C thermal@28C POM_5V_IN 2563/1971 POM_5V_GPU 77/77 POM_5V_CPU 971/534
2025-03-10 17:59:02 RAM 2032/3964MB (lfb 7x4MB) SWAP 53/1982MB (cached 0MB) IRAM 0/252kB(lfb 252kB) CPU [28%@710,23%@710,20%@710,25%@710] EMC_FREQ 1%@1600 GR3D_FREQ 0%@230 APE 25 PLL@27C CPU@28C PMIC@50C GPU@27.5C AO@33C thermal@27.75C POM_5V_IN 2108/1978 POM_5V_GPU 39/75 POM_5V_CPU 663/541
2025-03-10 17:59:03 RAM 2026/3964MB (lfb 8x4MB) SWAP 53/1982MB (cached 0MB) IRAM 0/252kB(lfb 252kB) CPU [26%@403,23%@403,22%@403,18%@403] EMC_FREQ 1%@1600 GR3D_FREQ 0%@230 APE 25 PLL@26.5C CPU@28.5C PMIC@50C GPU@27.5C AO@33.5C thermal@28C POM_5V_IN 1876/1973 POM_5V_GPU 78/75 POM_5V_CPU 430/536
2025-03-10 17:59:04 RAM 2038/3964MB (lfb 6x4MB) SWAP 53/1982MB (cached 0MB) IRAM 0/252kB(lfb 252kB) CPU [27%@403,23%@403,24%@403,25%@403] EMC_FREQ 1%@1600 GR3D_FREQ 0%@230 APE 25 PLL@26.5C CPU@28.5C PMIC@50C GPU@27.5C AO@33.5C thermal@28C POM_5V_IN 1916/1970 POM_5V_GPU 39/73 POM_5V_CPU 430/530
2025-03-10 17:59:05 RAM 2026/3964MB (lfb 8x4MB) SWAP 53/1982MB (cached 0MB) IRAM 0/252kB(lfb 252kB) CPU [22%@403,23%@403,24%@403,23%@403] EMC_FREQ 1%@1600 GR3D_FREQ 0%@230 APE 25 PLL@27C CPU@28C PMIC@50C GPU@27.5C AO@33.5C thermal@28C POM_5V_IN 1840/1964 POM_5V_GPU 39/72 POM_5V_CPU 430/526
2025-03-10 17:59:06 RAM 2028/3964MB (lfb 8x4MB) SWAP 53/1982MB (cached 0MB) IRAM 0/252kB(lfb 252kB) CPU [25%@307,23%@307,23%@307,21%@307] EMC_FREQ 12%@204 GR3D_FREQ 0%@153 APE 25 PLL@26.5C CPU@28C PMIC@50C GPU@27.5C AO@33.5C thermal@28.25C POM_5V_IN 1490/1944 POM_5V_GPU 39/70 POM_5V_CPU 470/523
2025-03-10 17:59:07 RAM 2052/3964MB (lfb 5x4MB) SWAP 53/1982MB (cached 0MB) IRAM 0/252kB(lfb 252kB) CPU [30%@1479,30%@1479,26%@1479,32%@1479] EMC_FREQ 1%@1600 GR3D_FREQ 0%@153 APE 25 PLL@27.5C CPU@29.5C PMIC@50C GPU@28C AO@33.5C thermal@28C POM_5V_IN 3313/2001 POM_5V_GPU 38/69 POM_5V_CPU 1810/577
2025-03-10 17:59:08 RAM 2030/3964MB (lfb 8x4MB) SWAP 53/1982MB (cached 0MB) IRAM 0/252kB(lfb 252kB) CPU [27%@1479,27%@1479,22%@1479,24%@1479] EMC_FREQ 1%@1600 GR3D_FREQ 0%@153 APE 25 PLL@26.5C CPU@28.5C PMIC@50C GPU@28C AO@33C thermal@28.25C POM_5V_IN 2030/2002 POM_5V_GPU 39/68 POM_5V_CPU 663/580
2025-03-10 17:59:09 RAM 2044/3964MB (lfb 6x4MB) SWAP 53/1982MB (cached 0MB) IRAM 0/252kB(lfb 252kB) CPU [29%@1479,35%@1479,26%@1479,29%@1479] EMC_FREQ 1%@1600 GR3D_FREQ 0%@153 APE 25 PLL@27.5C CPU@28C PMIC@50C GPU@28C AO@33.5C thermal@28.25C POM_5V_IN 2676/2028 POM_5V_GPU 38/67 POM_5V_CPU 1279/607
2025-03-10 17:59:10 RAM 2043/3964MB (lfb 6x4MB) SWAP 53/1982MB (cached 0MB) IRAM 0/252kB(lfb 252kB) CPU [34%@1036,31%@1036,33%@1036,32%@1036] EMC_FREQ 1%@1600 GR3D_FREQ 0%@153 APE 25 PLL@26.5C CPU@29C PMIC@50C GPU@28C AO@33.5C thermal@28.25C POM_5V_IN 2563/2047 POM_5V_GPU 77/67 POM_5V_CPU 1087/625
2025-03-10 17:59:11 RAM 2029/3964MB (lfb 8x4MB) SWAP 53/1982MB (cached 0MB) IRAM 0/252kB(lfb 252kB) CPU [26%@1479,23%@1479,22%@1479,27%@1479] EMC_FREQ 1%@1600 GR3D_FREQ 0%@76 APE 25 PLL@27C CPU@28.5C PMIC@50C GPU@29C AO@34C thermal@28.5C POM_5V_IN 2221/2054 POM_5V_GPU 0/65 POM_5V_CPU 818/632
2025-03-10 17:59:12 RAM 2042/3964MB (lfb 6x4MB) SWAP 53/1982MB (cached 0MB) IRAM 0/252kB(lfb 252kB) CPU [25%@710,23%@710,25%@710,25%@710] EMC_FREQ 1%@1600 GR3D_FREQ 0%@76 APE 25 PLL@27C CPU@28.5C PMIC@50C GPU@28C AO@33.5C thermal@28.25C POM_5V_IN 2108/2055 POM_5V_GPU 39/64 POM_5V_CPU 663/633
2025-03-10 17:59:13 RAM 2031/3964MB (lfb 8x4MB) SWAP 53/1982MB (cached 0MB) IRAM 0/252kB(lfb 252kB) CPU [32%@1326,27%@1326,24%@1326,30%@1326] EMC_FREQ 1%@1600 GR3D_FREQ 0%@76 APE 25 PLL@27.5C CPU@28.5C PMIC@50C GPU@27.5C AO@34C thermal@28.5C POM_5V_IN 2602/2074 POM_5V_GPU 38/63 POM_5V_CPU 1048/647
2025-03-10 17:59:14 RAM 2044/3964MB (lfb 6x4MB) SWAP 53/1982MB (cached 0MB) IRAM 0/252kB(lfb 252kB) CPU [29%@1428,35%@1428,35%@1428,36%@1428] EMC_FREQ 1%@1600 GR3D_FREQ 93%@76 APE 25 PLL@27.5C CPU@28.5C PMIC@50C GPU@28C AO@34C thermal@28.5C POM_5V_IN 2831/2098 POM_5V_GPU 155/66 POM_5V_CPU 1124/662
2025-03-10 17:59:15 RAM 2044/3964MB (lfb 6x4MB) SWAP 53/1982MB (cached 0MB) IRAM 0/252kB(lfb 252kB) CPU [32%@1036,37%@1036,33%@1036,35%@1036] EMC_FREQ 1%@1600 GR3D_FREQ 0%@76 APE 25 PLL@27.5C CPU@28.5C PMIC@50C GPU@28C AO@33.5C thermal@28.25C POM_5V_IN 2373/2107 POM_5V_GPU 38/65 POM_5V_CPU 856/668
2025-03-10 17:59:16 RAM 1960/3964MB (lfb 14x4MB) SWAP 53/1982MB (cached 0MB) IRAM 0/252kB(lfb 252kB) CPU [37%@1479,29%@1479,33%@1479,29%@1479] EMC_FREQ 2%@1600 GR3D_FREQ 85%@76 APE 25 PLL@27.5C CPU@29C PMIC@50C GPU@28C AO@33.5C thermal@28.25C POM_5V_IN 3390/2146 POM_5V_GPU 154/68 POM_5V_CPU 1541/695
2025-03-10 17:59:17 RAM 1958/3964MB (lfb 14x4MB) SWAP 53/1982MB (cached 0MB) IRAM 0/252kB(lfb 252kB) CPU [20%@204,11%@204,12%@204,15%@204] EMC_FREQ 15%@204 GR3D_FREQ 0%@76 APE 25 PLL@26.5C CPU@28C PMIC@50C GPU@28.5C AO@33.5C thermal@28.25C POM_5V_IN 1220/2118 POM_5V_GPU 0/66 POM_5V_CPU 236/681
2025-03-10 17:59:18 RAM 1970/3964MB (lfb 14x4MB) SWAP 53/1982MB (cached 0MB) IRAM 0/252kB(lfb 252kB) CPU [20%@204,14%@204,17%@204,13%@204] EMC_FREQ 15%@204 GR3D_FREQ 0%@153 APE 25 PLL@26.5C CPU@28C PMIC@50C GPU@27.5C AO@33.5C thermal@27.75C POM_5V_IN 1259/2094 POM_5V_GPU 39/65 POM_5V_CPU 196/667
2025-03-10 17:59:19 RAM 1959/3964MB (lfb 14x4MB) SWAP 53/1982MB (cached 0MB) IRAM 0/252kB(lfb 252kB) CPU [16%@102,5%@204,7%@204,9%@204] EMC_FREQ 12%@204 GR3D_FREQ 0%@153 APE 25 PLL@26.5C CPU@28C PMIC@50C GPU@27.5C AO@33.5C thermal@28C POM_5V_IN 1143/2067 POM_5V_GPU 39/64 POM_5V_CPU 157/653
2025-03-10 17:59:20 RAM 1958/3964MB (lfb 14x4MB) SWAP 53/1982MB (cached 0MB) IRAM 0/252kB(lfb 252kB) CPU [17%@204,9%@204,5%@204,8%@204] EMC_FREQ 11%@204 GR3D_FREQ 0%@153 APE 25 PLL@26.5C CPU@28C PMIC@50C GPU@27.5C AO@33C thermal@28C POM_5V_IN 1298/2047 POM_5V_GPU 78/64 POM_5V_CPU 196/641
2025-03-10 17:59:21 RAM 1970/3964MB (lfb 13x4MB) SWAP 53/1982MB (cached 0MB) IRAM 0/252kB(lfb 252kB) CPU [13%@710,8%@710,6%@710,8%@710] EMC_FREQ 1%@1600 GR3D_FREQ 0%@153 APE 25 PLL@27C CPU@28C PMIC@50C GPU@28C AO@33.5C thermal@28C POM_5V_IN 2030/2046 POM_5V_GPU 39/64 POM_5V_CPU 585/639
2025-03-10 17:59:22 RAM 1958/3964MB (lfb 14x4MB) SWAP 53/1982MB (cached 0MB) IRAM 0/252kB(lfb 252kB) CPU [21%@204,6%@204,5%@204,7%@204] EMC_FREQ 1%@1600 GR3D_FREQ 0%@384 APE 25 PLL@26.5C CPU@28C PMIC@50C GPU@28C AO@33.5C thermal@28.5C POM_5V_IN 2182/2050 POM_5V_GPU 156/66 POM_5V_CPU 194/628
2025-03-10 17:59:23 RAM 1969/3964MB (lfb 14x4MB) SWAP 53/1982MB (cached 0MB) IRAM 0/252kB(lfb 252kB) CPU [17%@1479,11%@1479,7%@1479,8%@1479] EMC_FREQ 9%@204 GR3D_FREQ 0%@76 APE 25 PLL@26.5C CPU@28C PMIC@50C GPU@27.5C AO@33.5C thermal@27.75C POM_5V_IN 1220/2029 POM_5V_GPU 78/66 POM_5V_CPU 236/618
2025-03-10 17:59:24 RAM 1959/3964MB (lfb 14x4MB) SWAP 53/1982MB (cached 0MB) IRAM 0/252kB(lfb 252kB) CPU [12%@102,8%@102,6%@102,6%@102] EMC_FREQ 8%@204 GR3D_FREQ 0%@76 APE 25 PLL@26.5C CPU@28C PMIC@50C GPU@28C AO@33C thermal@28C POM_5V_IN 1103/2006 POM_5V_GPU 39/66 POM_5V_CPU 196/608
2025-03-10 17:59:25 RAM 1959/3964MB (lfb 14x4MB) SWAP 53/1982MB (cached 0MB) IRAM 0/252kB(lfb 252kB) CPU [18%@102,5%@204,9%@204,6%@204] EMC_FREQ 8%@204 GR3D_FREQ 0%@153 APE 25 PLL@26.5C CPU@27.5C PMIC@50C GPU@28C AO@33.5C thermal@28C POM_5V_IN 1143/1986 POM_5V_GPU 39/65 POM_5V_CPU 197/598
2025-03-10 17:59:26 RAM 1968/3964MB (lfb 14x4MB) SWAP 53/1982MB (cached 0MB) IRAM 0/252kB(lfb 252kB) CPU [16%@204,10%@204,6%@204,11%@204] EMC_FREQ 8%@204 GR3D_FREQ 0%@153 APE 25 PLL@26.5C CPU@28C PMIC@50C GPU@27.5C AO@33.5C thermal@28C POM_5V_IN 1453/1973 POM_5V_GPU 39/64 POM_5V_CPU 196/589
2025-03-10 17:59:27 RAM 1958/3964MB (lfb 14x4MB) SWAP 53/1982MB (cached 0MB) IRAM 0/252kB(lfb 252kB) CPU [14%@204,17%@204,11%@204,7%@204] EMC_FREQ 1%@1600 GR3D_FREQ 0%@153 APE 25 PLL@26.5C CPU@28C PMIC@50C GPU@28C AO@33.5C thermal@28C POM_5V_IN 2069/1975 POM_5V_GPU 39/64 POM_5V_CPU 234/580
2025-03-10 17:59:28 RAM 1959/3964MB (lfb 14x4MB) SWAP 53/1982MB (cached 0MB) IRAM 0/252kB(lfb 252kB) CPU [17%@307,17%@307,15%@307,20%@307] EMC_FREQ 10%@204 GR3D_FREQ 0%@153 APE 25 PLL@27C CPU@28C PMIC@50C GPU@27.5C AO@33C thermal@28C POM_5V_IN 1298/1960 POM_5V_GPU 39/63 POM_5V_CPU 236/573
2025-03-10 17:59:29 RAM 1968/3964MB (lfb 14x4MB) SWAP 53/1982MB (cached 0MB) IRAM 0/252kB(lfb 252kB) CPU [21%@710,8%@710,10%@710,7%@710] EMC_FREQ 1%@1600 GR3D_FREQ 0%@76 APE 25 PLL@27C CPU@28C PMIC@50C GPU@27.5C AO@33.5C thermal@27.75C POM_5V_IN 1375/1948 POM_5V_GPU 78/64 POM_5V_CPU 314/567
2025-03-10 17:59:30 RAM 1958/3964MB (lfb 14x4MB) SWAP 53/1982MB (cached 0MB) IRAM 0/252kB(lfb 252kB) CPU [12%@307,7%@307,5%@307,9%@204] EMC_FREQ 8%@204 GR3D_FREQ 0%@76 APE 25 PLL@26.5C CPU@27.5C PMIC@50C GPU@28.5C AO@33.5C thermal@28C POM_5V_IN 1103/1930 POM_5V_GPU 0/62 POM_5V_CPU 197/559
2025-03-10 17:59:31 RAM 1958/3964MB (lfb 14x4MB) SWAP 53/1982MB (cached 0MB) IRAM 0/252kB(lfb 252kB) CPU [15%@204,9%@204,7%@204,10%@204] EMC_FREQ 1%@1600 GR3D_FREQ 0%@76 APE 25 PLL@26.5C CPU@28C PMIC@50C GPU@27.5C AO@33.5C thermal@27.75C POM_5V_IN 1259/1916 POM_5V_GPU 39/62 POM_5V_CPU 196/552
2025-03-10 17:59:32 RAM 1968/3964MB (lfb 14x4MB) SWAP 53/1982MB (cached 0MB) IRAM 0/252kB(lfb 252kB) CPU [17%@307,7%@307,8%@307,12%@307] EMC_FREQ 9%@204 GR3D_FREQ 0%@76 APE 25 PLL@27C CPU@28C PMIC@50C GPU@27.5C AO@33.5C thermal@27.75C POM_5V_IN 1414/1905 POM_5V_GPU 39/61 POM_5V_CPU 235/545
2025-03-10 17:59:33 RAM 1960/3964MB (lfb 14x4MB) SWAP 53/1982MB (cached 0MB) IRAM 0/252kB(lfb 252kB) CPU [15%@102,8%@102,10%@102,7%@102] EMC_FREQ 9%@204 GR3D_FREQ 0%@76 APE 25 PLL@26.5C CPU@28C PMIC@50C GPU@27.5C AO@33.5C thermal@28C POM_5V_IN 1298/1893 POM_5V_GPU 118/62 POM_5V_CPU 196/538
2025-03-10 17:59:34 RAM 1959/3964MB (lfb 14x4MB) SWAP 53/1982MB (cached 0MB) IRAM 0/252kB(lfb 252kB) CPU [13%@307,11%@307,9%@307,7%@307] EMC_FREQ 8%@204 GR3D_FREQ 0%@76 APE 25 PLL@27C CPU@28C PMIC@50C GPU@27.5C AO@33.5C thermal@27.75C POM_5V_IN 1220/1880 POM_5V_GPU 39/62 POM_5V_CPU 196/532
2025-03-10 17:59:35 RAM 1972/3964MB (lfb 13x4MB) SWAP 53/1982MB (cached 0MB) IRAM 0/252kB(lfb 252kB) CPU [14%@403,4%@403,11%@403,7%@403] EMC_FREQ 1%@1600 GR3D_FREQ 0%@153 APE 25 PLL@27C CPU@28C PMIC@50C GPU@27.5C AO@33.5C thermal@27.75C POM_5V_IN 2147/1885 POM_5V_GPU 156/64 POM_5V_CPU 546/532
2025-03-10 17:59:36 RAM 1958/3964MB (lfb 14x4MB) SWAP 53/1982MB (cached 0MB) IRAM 0/252kB(lfb 252kB) CPU [11%@102,5%@102,7%@204,4%@204] EMC_FREQ 7%@204 GR3D_FREQ 0%@76 APE 25 PLL@26.5C CPU@28C PMIC@50C GPU@28.5C AO@33.5C thermal@27.75C POM_5V_IN 1064/1870 POM_5V_GPU 0/62 POM_5V_CPU 157/525
2025-03-10 17:59:37 RAM 1970/3964MB (lfb 13x4MB) SWAP 53/1982MB (cached 0MB) IRAM 0/252kB(lfb 252kB) CPU [13%@102,8%@102,8%@102,7%@102] EMC_FREQ 7%@204 GR3D_FREQ 0%@153 APE 25 PLL@26.5C CPU@28C PMIC@50C GPU@27.5C AO@33C thermal@28.25C POM_5V_IN 1143/1856 POM_5V_GPU 39/62 POM_5V_CPU 157/518
2025-03-10 17:59:38 RAM 1960/3964MB (lfb 14x4MB) SWAP 53/1982MB (cached 0MB) IRAM 0/252kB(lfb 252kB) CPU [22%@204,14%@204,19%@204,12%@204] EMC_FREQ 9%@204 GR3D_FREQ 0%@153 APE 25 PLL@26.5C CPU@28C PMIC@50C GPU@27.5C AO@33.5C thermal@27.75C POM_5V_IN 1180/1844 POM_5V_GPU 39/62 POM_5V_CPU 157/511
2025-03-10 17:59:39 RAM 1959/3964MB (lfb 14x4MB) SWAP 53/1982MB (cached 0MB) IRAM 0/252kB(lfb 252kB) CPU [17%@102,10%@204,12%@204,8%@204] EMC_FREQ 9%@204 GR3D_FREQ 0%@153 APE 25 PLL@26.5C CPU@28C PMIC@50C GPU@27.5C AO@33C thermal@27.75C POM_5V_IN 1143/1831 POM_5V_GPU 39/61 POM_5V_CPU 157/505
2025-03-10 17:59:40 RAM 1968/3964MB (lfb 14x4MB) SWAP 53/1982MB (cached 0MB) IRAM 0/252kB(lfb 252kB) CPU [13%@102,9%@102,8%@102,4%@102] EMC_FREQ 9%@204 GR3D_FREQ 0%@153 APE 25 PLL@26.5C CPU@28C PMIC@50C GPU@28C AO@33.5C thermal@27.75C POM_5V_IN 1143/1819 POM_5V_GPU 39/61 POM_5V_CPU 196/500
2025-03-10 17:59:41 RAM 1958/3964MB (lfb 14x4MB) SWAP 53/1982MB (cached 0MB) IRAM 0/252kB(lfb 252kB) CPU [10%@102,9%@102,2%@204,4%@204] EMC_FREQ 8%@204 GR3D_FREQ 0%@76 APE 25 PLL@26.5C CPU@27.5C PMIC@50C GPU@27.5C AO@33C thermal@27.5C POM_5V_IN 1143/1808 POM_5V_GPU 39/60 POM_5V_CPU 157/494
2025-03-10 17:59:42 RAM 1957/3964MB (lfb 14x4MB) SWAP 53/1982MB (cached 0MB) IRAM 0/252kB(lfb 252kB) CPU [14%@204,12%@204,8%@204,10%@204] EMC_FREQ 8%@204 GR3D_FREQ 88%@76 APE 25 PLL@26.5C CPU@28C PMIC@50C GPU@27.5C AO@33.5C thermal@27.75C POM_5V_IN 1530/1803 POM_5V_GPU 156/62 POM_5V_CPU 274/490
2025-03-10 17:59:43 RAM 1962/3964MB (lfb 15x4MB) SWAP 53/1982MB (cached 0MB) IRAM 0/252kB(lfb 252kB) CPU [13%@102,10%@204,4%@204,9%@204] EMC_FREQ 8%@204 GR3D_FREQ 0%@153 APE 25 PLL@26.5C CPU@28C PMIC@50C GPU@28C AO@33.5C thermal@27.75C POM_5V_IN 1143/1792 POM_5V_GPU 39/62 POM_5V_CPU 197/485
2025-03-10 17:59:44 RAM 1950/3964MB (lfb 17x4MB) SWAP 53/1982MB (cached 0MB) IRAM 0/252kB(lfb 252kB) CPU [16%@204,7%@204,5%@204,7%@204] EMC_FREQ 7%@204 GR3D_FREQ 0%@153 APE 25 PLL@26.5C CPU@28C PMIC@50C GPU@27.5C AO@33.5C thermal@28C POM_5V_IN 1103/1781 POM_5V_GPU 39/61 POM_5V_CPU 197/480
2025-03-10 17:59:45 RAM 1949/3964MB (lfb 17x4MB) SWAP 53/1982MB (cached 0MB) IRAM 0/252kB(lfb 252kB) CPU [18%@102,11%@102,7%@102,6%@204] EMC_FREQ 8%@204 GR3D_FREQ 0%@153 APE 25 PLL@26.5C CPU@27.5C PMIC@50C GPU@27.5C AO@33.5C thermal@27.5C POM_5V_IN 1143/1770 POM_5V_GPU 39/61 POM_5V_CPU 197/476
2025-03-10 17:59:46 RAM 1959/3964MB (lfb 15x4MB) SWAP 53/1982MB (cached 0MB) IRAM 0/252kB(lfb 252kB) CPU [13%@102,9%@204,5%@204,8%@204] EMC_FREQ 8%@204 GR3D_FREQ 0%@153 APE 25 PLL@27C CPU@28C PMIC@50C GPU@27.5C AO@33.5C thermal@28C POM_5V_IN 1298/1763 POM_5V_GPU 78/61 POM_5V_CPU 236/472
