2025-03-10 18:16:37 RAM 1997/3964MB (lfb 7x4MB) SWAP 53/1982MB (cached 0MB) IRAM 0/252kB(lfb 252kB) CPU [42%@1036,38%@1036,32%@1036,35%@1036] EMC_FREQ 3%@1600 GR3D_FREQ 0%@153 APE 25 PLL@27C CPU@28.5C PMIC@50C GPU@28C AO@33.5C thermal@29C POM_5V_IN 2108/2108 POM_5V_GPU 39/39 POM_5V_CPU 546/546
2025-03-10 18:16:38 RAM 1996/3964MB (lfb 8x4MB) SWAP 53/1982MB (cached 0MB) IRAM 0/252kB(lfb 252kB) CPU [27%@518,20%@518,15%@518,14%@518] EMC_FREQ 2%@1600 GR3D_FREQ 0%@153 APE 25 PLL@27C CPU@28C PMIC@50C GPU@28C AO@33.5C thermal@28.25C POM_5V_IN 2108/2108 POM_5V_GPU 39/39 POM_5V_CPU 546/546
2025-03-10 18:16:39 RAM 2010/3964MB (lfb 5x4MB) SWAP 53/1982MB (cached 0MB) IRAM 0/252kB(lfb 252kB) CPU [26%@1479,18%@1479,14%@1479,15%@1479] EMC_FREQ 2%@1600 GR3D_FREQ 0%@153 APE 25 PLL@27C CPU@28.5C PMIC@50C GPU@27.5C AO@33.5C thermal@28.25C POM_5V_IN 2069/2095 POM_5V_GPU 39/39 POM_5V_CPU 468/520
2025-03-10 18:16:40 RAM 2012/3964MB (lfb 5x4MB) SWAP 53/1982MB (cached 0MB) IRAM 0/252kB(lfb 252kB) CPU [26%@403,16%@518,10%@518,14%@518] EMC_FREQ 18%@204 GR3D_FREQ 0%@153 APE 25 PLL@27C CPU@28C PMIC@50C GPU@28C AO@33.5C thermal@28C POM_5V_IN 2033/2079 POM_5V_GPU 117/58 POM_5V_CPU 430/497
2025-03-10 18:16:41 RAM 2017/3964MB (lfb 5x4MB) SWAP 53/1982MB (cached 0MB) IRAM 0/252kB(lfb 252kB) CPU [32%@1479,18%@1479,18%@1479,19%@1479] EMC_FREQ 2%@1600 GR3D_FREQ 0%@153 APE 25 PLL@27.5C CPU@29C PMIC@50C GPU@28C AO@34C thermal@28C POM_5V_IN 3203/2304 POM_5V_GPU 38/54 POM_5V_CPU 1620/722
2025-03-10 18:16:43 RAM 2010/3964MB (lfb 6x4MB) SWAP 53/1982MB (cached 0MB) IRAM 0/252kB(lfb 252kB) CPU [22%@403,25%@403,12%@403,12%@403] EMC_FREQ 2%@1600 GR3D_FREQ 0%@153 APE 25 PLL@27C CPU@28C PMIC@50C GPU@28C AO@33.5C thermal@27.75C POM_5V_IN 1876/2232 POM_5V_GPU 78/58 POM_5V_CPU 351/660
2025-03-10 18:16:44 RAM 2001/3964MB (lfb 8x4MB) SWAP 53/1982MB (cached 0MB) IRAM 0/252kB(lfb 252kB) CPU [24%@204,22%@204,18%@204,13%@204] EMC_FREQ 15%@204 GR3D_FREQ 0%@153 APE 25 PLL@27C CPU@28C PMIC@50C GPU@28C AO@33.5C thermal@28C POM_5V_IN 1375/2110 POM_5V_GPU 39/55 POM_5V_CPU 313/610
2025-03-10 18:16:45 RAM 2013/3964MB (lfb 6x4MB) SWAP 53/1982MB (cached 0MB) IRAM 0/252kB(lfb 252kB) CPU [24%@1479,20%@1479,13%@1479,11%@1479] EMC_FREQ 2%@1600 GR3D_FREQ 0%@153 APE 25 PLL@27C CPU@28C PMIC@50C GPU@28C AO@33.5C thermal@28.25C POM_5V_IN 1569/2042 POM_5V_GPU 39/53 POM_5V_CPU 313/573
2025-03-10 18:16:46 RAM 2013/3964MB (lfb 6x4MB) SWAP 53/1982MB (cached 0MB) IRAM 0/252kB(lfb 252kB) CPU [14%@204,12%@204,11%@204,13%@204] EMC_FREQ 13%@204 GR3D_FREQ 0%@153 APE 25 PLL@26.5C CPU@28C PMIC@50C GPU@27.5C AO@33.5C thermal@27.75C POM_5V_IN 1180/1946 POM_5V_GPU 39/51 POM_5V_CPU 196/531
2025-03-10 18:16:47 RAM 2008/3964MB (lfb 6x4MB) SWAP 53/1982MB (cached 0MB) IRAM 0/252kB(lfb 252kB) CPU [19%@204,13%@204,9%@204,9%@204] EMC_FREQ 1%@1600 GR3D_FREQ 0%@153 APE 25 PLL@26.5C CPU@28.5C PMIC@50C GPU@27.5C AO@33.5C thermal@27.75C POM_5V_IN 1955/1947 POM_5V_GPU 78/54 POM_5V_CPU 234/501
2025-03-10 18:16:48 RAM 2024/3964MB (lfb 5x4MB) SWAP 53/1982MB (cached 0MB) IRAM 0/252kB(lfb 252kB) CPU [25%@518,15%@518,14%@518,14%@518] EMC_FREQ 1%@1600 GR3D_FREQ 0%@153 APE 25 PLL@27C CPU@28.5C PMIC@50C GPU@27.5C AO@33.5C thermal@28C POM_5V_IN 2299/1979 POM_5V_GPU 38/53 POM_5V_CPU 818/530
2025-03-10 18:16:49 RAM 2014/3964MB (lfb 6x4MB) SWAP 53/1982MB (cached 0MB) IRAM 0/252kB(lfb 252kB) CPU [21%@518,12%@518,17%@518,14%@518] EMC_FREQ 1%@1600 GR3D_FREQ 0%@153 APE 25 PLL@27C CPU@28C PMIC@50C GPU@28C AO@33.5C thermal@28C POM_5V_IN 1994/1980 POM_5V_GPU 78/55 POM_5V_CPU 430/522
2025-03-10 18:16:50 RAM 2027/3964MB (lfb 5x4MB) SWAP 53/1982MB (cached 0MB) IRAM 0/252kB(lfb 252kB) CPU [11%@403,11%@403,27%@403,6%@403] EMC_FREQ 1%@1600 GR3D_FREQ 0%@153 APE 25 PLL@27C CPU@28.5C PMIC@50C GPU@28C AO@33.5C thermal@28C POM_5V_IN 2069/1987 POM_5V_GPU 39/53 POM_5V_CPU 507/520
2025-03-10 18:16:51 RAM 2030/3964MB (lfb 5x4MB) SWAP 53/1982MB (cached 0MB) IRAM 0/252kB(lfb 252kB) CPU [23%@307,23%@307,13%@307,13%@307] EMC_FREQ 13%@204 GR3D_FREQ 0%@153 APE 25 PLL@27C CPU@28C PMIC@50C GPU@28C AO@33.5C thermal@28.25C POM_5V_IN 1916/1982 POM_5V_GPU 39/52 POM_5V_CPU 391/511
2025-03-10 18:16:52 RAM 2024/3964MB (lfb 6x4MB) SWAP 53/1982MB (cached 0MB) IRAM 0/252kB(lfb 252kB) CPU [18%@1479,14%@1479,18%@1479,23%@1479] EMC_FREQ 1%@1600 GR3D_FREQ 0%@153 APE 25 PLL@27.5C CPU@28.5C PMIC@50C GPU@28C AO@33.5C thermal@28C POM_5V_IN 2412/2011 POM_5V_GPU 38/51 POM_5V_CPU 893/537
2025-03-10 18:16:53 RAM 2032/3964MB (lfb 5x4MB) SWAP 53/1982MB (cached 0MB) IRAM 0/252kB(lfb 252kB) CPU [28%@1479,31%@1479,30%@1479,32%@1479] EMC_FREQ 2%@1600 GR3D_FREQ 0%@153 APE 25 PLL@27C CPU@29C PMIC@50C GPU@28C AO@34C thermal@28.25C POM_5V_IN 2373/2033 POM_5V_GPU 38/50 POM_5V_CPU 856/557
2025-03-10 18:16:54 RAM 2023/3964MB (lfb 6x4MB) SWAP 53/1982MB (cached 0MB) IRAM 0/252kB(lfb 252kB) CPU [26%@1479,19%@1479,20%@1479,20%@1479] EMC_FREQ 1%@1600 GR3D_FREQ 0%@153 APE 25 PLL@27.5C CPU@29C PMIC@50C GPU@28C AO@33.5C thermal@28C POM_5V_IN 2490/2060 POM_5V_GPU 38/50 POM_5V_CPU 972/581
2025-03-10 18:16:55 RAM 2032/3964MB (lfb 5x4MB) SWAP 53/1982MB (cached 0MB) IRAM 0/252kB(lfb 252kB) CPU [24%@1479,22%@1479,22%@1479,25%@1479] EMC_FREQ 1%@1600 GR3D_FREQ 0%@153 APE 25 PLL@27.5C CPU@29.5C PMIC@50C GPU@28C AO@33.5C thermal@28.5C POM_5V_IN 2865/2105 POM_5V_GPU 38/49 POM_5V_CPU 1355/624
2025-03-10 18:16:56 RAM 2034/3964MB (lfb 5x4MB) SWAP 53/1982MB (cached 0MB) IRAM 0/252kB(lfb 252kB) CPU [26%@614,23%@614,20%@614,22%@614] EMC_FREQ 1%@1600 GR3D_FREQ 0%@153 APE 25 PLL@27.5C CPU@28.5C PMIC@50C GPU@28C AO@33.5C thermal@28.25C POM_5V_IN 2069/2103 POM_5V_GPU 39/48 POM_5V_CPU 663/626
2025-03-10 18:16:57 RAM 2027/3964MB (lfb 6x4MB) SWAP 53/1982MB (cached 0MB) IRAM 0/252kB(lfb 252kB) CPU [25%@403,18%@403,17%@403,21%@403] EMC_FREQ 1%@1600 GR3D_FREQ 0%@153 APE 25 PLL@27.5C CPU@28.5C PMIC@50C GPU@28C AO@34C thermal@28.25C POM_5V_IN 1994/2097 POM_5V_GPU 39/48 POM_5V_CPU 508/620
2025-03-10 18:16:58 RAM 2041/3964MB (lfb 5x4MB) SWAP 53/1982MB (cached 0MB) IRAM 0/252kB(lfb 252kB) CPU [24%@710,23%@710,22%@710,26%@710] EMC_FREQ 1%@1600 GR3D_FREQ 0%@153 APE 25 PLL@27.5C CPU@28.5C PMIC@50C GPU@28C AO@33.5C thermal@28.25C POM_5V_IN 2299/2107 POM_5V_GPU 38/47 POM_5V_CPU 740/626
2025-03-10 18:16:59 RAM 2040/3964MB (lfb 5x4MB) SWAP 53/1982MB (cached 0MB) IRAM 0/252kB(lfb 252kB) CPU [27%@518,23%@518,24%@518,20%@518] EMC_FREQ 1%@1600 GR3D_FREQ 0%@153 APE 25 PLL@27C CPU@28.5C PMIC@50C GPU@28C AO@34C thermal@28C POM_5V_IN 2108/2107 POM_5V_GPU 39/47 POM_5V_CPU 585/624
2025-03-10 18:17:00 RAM 2029/3964MB (lfb 6x4MB) SWAP 53/1982MB (cached 0MB) IRAM 0/252kB(lfb 252kB) CPU [29%@1036,23%@1036,22%@1036,29%@1036] EMC_FREQ 1%@1600 GR3D_FREQ 46%@153 APE 25 PLL@28C CPU@29C PMIC@50C GPU@28.5C AO@34C thermal@28.25C POM_5V_IN 3015/2146 POM_5V_GPU 309/58 POM_5V_CPU 1006/640
2025-03-10 18:17:01 RAM 2046/3964MB (lfb 5x4MB) SWAP 53/1982MB (cached 0MB) IRAM 0/252kB(lfb 252kB) CPU [31%@1479,39%@1479,38%@1479,36%@1479] EMC_FREQ 1%@1600 GR3D_FREQ 0%@153 APE 25 PLL@28C CPU@29C PMIC@50C GPU@28C AO@34.5C thermal@28.25C POM_5V_IN 2865/2176 POM_5V_GPU 38/58 POM_5V_CPU 1277/667
2025-03-10 18:17:02 RAM 2034/3964MB (lfb 6x4MB) SWAP 53/1982MB (cached 0MB) IRAM 0/252kB(lfb 252kB) CPU [29%@307,29%@307,36%@307,27%@307] EMC_FREQ 15%@204 GR3D_FREQ 86%@153 APE 25 PLL@27.5C CPU@28.5C PMIC@50C GPU@28C AO@34C thermal@28.25C POM_5V_IN 2108/2174 POM_5V_GPU 156/61 POM_5V_CPU 430/657
2025-03-10 18:17:03 RAM 2046/3964MB (lfb 5x4MB) SWAP 53/1982MB (cached 0MB) IRAM 0/252kB(lfb 252kB) CPU [42%@921,39%@921,41%@921,45%@921] EMC_FREQ 2%@1600 GR3D_FREQ 0%@153 APE 25 PLL@27C CPU@28.5C PMIC@50C GPU@28C AO@34C thermal@29C POM_5V_IN 2182/2174 POM_5V_GPU 38/61 POM_5V_CPU 779/662
2025-03-10 18:17:04 RAM 2046/3964MB (lfb 5x4MB) SWAP 53/1982MB (cached 0MB) IRAM 0/252kB(lfb 252kB) CPU [29%@1479,26%@1479,23%@1479,28%@1479] EMC_FREQ 1%@1600 GR3D_FREQ 0%@153 APE 25 PLL@27C CPU@28.5C PMIC@50C GPU@28C AO@34C thermal@28.25C POM_5V_IN 2108/2171 POM_5V_GPU 38/60 POM_5V_CPU 740/665
2025-03-10 18:17:05 RAM 2034/3964MB (lfb 6x4MB) SWAP 53/1982MB (cached 0MB) IRAM 0/252kB(lfb 252kB) CPU [26%@1479,21%@1479,24%@1479,25%@1479] EMC_FREQ 1%@1600 GR3D_FREQ 0%@153 APE 25 PLL@27.5C CPU@29C PMIC@50C GPU@28C AO@34C thermal@28.25C POM_5V_IN 2221/2173 POM_5V_GPU 38/59 POM_5V_CPU 818/670
2025-03-10 18:17:06 RAM 2044/3964MB (lfb 5x4MB) SWAP 53/1982MB (cached 0MB) IRAM 0/252kB(lfb 252kB) CPU [27%@1479,23%@1479,25%@1479,25%@1479] EMC_FREQ 1%@1600 GR3D_FREQ 0%@153 APE 25 PLL@27.5C CPU@29C PMIC@50C GPU@28.5C AO@34C thermal@28.25C POM_5V_IN 2525/2185 POM_5V_GPU 116/61 POM_5V_CPU 972/681
2025-03-10 18:17:07 RAM 2035/3964MB (lfb 6x4MB) SWAP 53/1982MB (cached 0MB) IRAM 0/252kB(lfb 252kB) CPU [34%@1479,32%@1479,30%@1479,29%@1479] EMC_FREQ 1%@1600 GR3D_FREQ 0%@153 APE 25 PLL@28C CPU@28.5C PMIC@50C GPU@28C AO@34C thermal@28.25C POM_5V_IN 2826/2207 POM_5V_GPU 38/60 POM_5V_CPU 1432/706
2025-03-10 18:17:08 RAM 2047/3964MB (lfb 5x4MB) SWAP 53/1982MB (cached 0MB) IRAM 0/252kB(lfb 252kB) CPU [37%@1479,35%@1479,42%@1479,39%@1479] EMC_FREQ 1%@1600 GR3D_FREQ 0%@153 APE 25 PLL@28C CPU@29.5C PMIC@50C GPU@28.5C AO@34.5C thermal@28.75C POM_5V_IN 3164/2238 POM_5V_GPU 77/61 POM_5V_CPU 1546/733
2025-03-10 18:17:09 RAM 2047/3964MB (lfb 5x4MB) SWAP 53/1982MB (cached 0MB) IRAM 0/252kB(lfb 252kB) CPU [34%@921,31%@921,32%@921,29%@921] EMC_FREQ 1%@1600 GR3D_FREQ 0%@76 APE 25 PLL@27.5C CPU@28.5C PMIC@50C GPU@28C AO@34C thermal@29C POM_5V_IN 2525/2246 POM_5V_GPU 38/60 POM_5V_CPU 817/736
2025-03-10 18:17:10 RAM 1962/3964MB (lfb 11x4MB) SWAP 53/1982MB (cached 0MB) IRAM 0/252kB(lfb 252kB) CPU [25%@204,20%@204,24%@204,22%@204] EMC_FREQ 16%@204 GR3D_FREQ 0%@153 APE 25 PLL@27C CPU@28.5C PMIC@50C GPU@28C AO@34C thermal@28.75C POM_5V_IN 1143/2213 POM_5V_GPU 39/59 POM_5V_CPU 157/718
2025-03-10 18:17:11 RAM 1962/3964MB (lfb 11x4MB) SWAP 53/1982MB (cached 0MB) IRAM 0/252kB(lfb 252kB) CPU [15%@204,7%@204,12%@204,8%@204] EMC_FREQ 14%@204 GR3D_FREQ 0%@153 APE 25 PLL@27C CPU@28.5C PMIC@50C GPU@28C AO@34C thermal@28.5C POM_5V_IN 1375/2188 POM_5V_GPU 39/59 POM_5V_CPU 275/705
2025-03-10 18:17:12 RAM 1968/3964MB (lfb 11x4MB) SWAP 53/1982MB (cached 0MB) IRAM 0/252kB(lfb 252kB) CPU [16%@1224,6%@1224,6%@1224,3%@1224] EMC_FREQ 1%@1600 GR3D_FREQ 0%@153 APE 25 PLL@27C CPU@28.5C PMIC@50C GPU@28C AO@34C thermal@28.25C POM_5V_IN 1493/2168 POM_5V_GPU 78/59 POM_5V_CPU 353/695
2025-03-10 18:17:13 RAM 1964/3964MB (lfb 11x4MB) SWAP 53/1982MB (cached 0MB) IRAM 0/252kB(lfb 252kB) CPU [23%@102,10%@204,15%@204,15%@204] EMC_FREQ 13%@204 GR3D_FREQ 0%@153 APE 25 PLL@27C CPU@28.5C PMIC@50C GPU@28.5C AO@34C thermal@28.5C POM_5V_IN 1259/2143 POM_5V_GPU 39/59 POM_5V_CPU 196/681
2025-03-10 18:17:14 RAM 1977/3964MB (lfb 10x4MB) SWAP 53/1982MB (cached 0MB) IRAM 0/252kB(lfb 252kB) CPU [16%@204,7%@204,7%@204,10%@204] EMC_FREQ 12%@204 GR3D_FREQ 0%@153 APE 25 PLL@27C CPU@28.5C PMIC@50C GPU@28C AO@33.5C thermal@28.5C POM_5V_IN 1180/2117 POM_5V_GPU 78/59 POM_5V_CPU 196/668
2025-03-10 18:17:15 RAM 1963/3964MB (lfb 11x4MB) SWAP 53/1982MB (cached 0MB) IRAM 0/252kB(lfb 252kB) CPU [13%@204,6%@307,8%@307,6%@307] EMC_FREQ 9%@204 GR3D_FREQ 0%@153 APE 25 PLL@27C CPU@28C PMIC@50C GPU@28C AO@33.5C thermal@28.25C POM_5V_IN 1182/2093 POM_5V_GPU 39/59 POM_5V_CPU 197/655
2025-03-10 18:17:16 RAM 1962/3964MB (lfb 11x4MB) SWAP 53/1982MB (cached 0MB) IRAM 0/252kB(lfb 252kB) CPU [15%@102,13%@102,7%@102,10%@102] EMC_FREQ 9%@204 GR3D_FREQ 0%@153 APE 25 PLL@27C CPU@28C PMIC@50C GPU@28C AO@34C thermal@28C POM_5V_IN 1143/2068 POM_5V_GPU 39/58 POM_5V_CPU 157/643
2025-03-10 18:17:17 RAM 1972/3964MB (lfb 11x4MB) SWAP 53/1982MB (cached 0MB) IRAM 0/252kB(lfb 252kB) CPU [14%@204,7%@204,4%@204,7%@204] EMC_FREQ 9%@204 GR3D_FREQ 0%@230 APE 25 PLL@26.5C CPU@28C PMIC@50C GPU@28C AO@34C thermal@28.25C POM_5V_IN 1143/2045 POM_5V_GPU 39/58 POM_5V_CPU 197/632
2025-03-10 18:17:18 RAM 1964/3964MB (lfb 11x4MB) SWAP 53/1982MB (cached 0MB) IRAM 0/252kB(lfb 252kB) CPU [13%@204,9%@204,13%@307,10%@307] EMC_FREQ 9%@204 GR3D_FREQ 0%@230 APE 25 PLL@27C CPU@28C PMIC@50C GPU@28.5C AO@33.5C thermal@28.25C POM_5V_IN 1180/2024 POM_5V_GPU 39/57 POM_5V_CPU 236/622
2025-03-10 18:17:19 RAM 1964/3964MB (lfb 11x4MB) SWAP 53/1982MB (cached 0MB) IRAM 0/252kB(lfb 252kB) CPU [13%@403,10%@403,9%@403,12%@403] EMC_FREQ 1%@1600 GR3D_FREQ 8%@230 APE 25 PLL@27C CPU@28.5C PMIC@50C GPU@28C AO@34C thermal@28.25C POM_5V_IN 1530/2012 POM_5V_GPU 157/59 POM_5V_CPU 235/613
2025-03-10 18:17:20 RAM 1974/3964MB (lfb 11x4MB) SWAP 53/1982MB (cached 0MB) IRAM 0/252kB(lfb 252kB) CPU [16%@204,7%@204,8%@204,12%@204] EMC_FREQ 9%@204 GR3D_FREQ 0%@230 APE 25 PLL@27C CPU@28.5C PMIC@50C GPU@28C AO@34C thermal@28C POM_5V_IN 1298/1996 POM_5V_GPU 39/59 POM_5V_CPU 236/604
2025-03-10 18:17:21 RAM 1963/3964MB (lfb 11x4MB) SWAP 53/1982MB (cached 0MB) IRAM 0/252kB(lfb 252kB) CPU [14%@204,8%@204,8%@204,8%@204] EMC_FREQ 8%@204 GR3D_FREQ 99%@76 APE 25 PLL@26.5C CPU@28.5C PMIC@50C GPU@28C AO@34C thermal@28.25C POM_5V_IN 1493/1984 POM_5V_GPU 157/61 POM_5V_CPU 235/595
2025-03-10 18:17:22 RAM 1962/3964MB (lfb 11x4MB) SWAP 53/1982MB (cached 0MB) IRAM 0/252kB(lfb 252kB) CPU [13%@102,6%@102,10%@102,9%@102] EMC_FREQ 8%@204 GR3D_FREQ 0%@153 APE 25 PLL@27C CPU@28C PMIC@50C GPU@27.5C AO@34C thermal@28.25C POM_5V_IN 1180/1966 POM_5V_GPU 39/61 POM_5V_CPU 196/587
2025-03-10 18:17:23 RAM 1975/3964MB (lfb 11x4MB) SWAP 53/1982MB (cached 0MB) IRAM 0/252kB(lfb 252kB) CPU [17%@307,9%@307,21%@307,18%@307] EMC_FREQ 1%@1600 GR3D_FREQ 0%@230 APE 25 PLL@27C CPU@28.5C PMIC@50C GPU@28C AO@34C thermal@28.5C POM_5V_IN 1840/1963 POM_5V_GPU 39/60 POM_5V_CPU 430/583
2025-03-10 18:17:24 RAM 1964/3964MB (lfb 11x4MB) SWAP 53/1982MB (cached 0MB) IRAM 0/252kB(lfb 252kB) CPU [14%@204,11%@204,9%@204,13%@204] EMC_FREQ 9%@204 GR3D_FREQ 0%@230 APE 25 PLL@26.5C CPU@28.5C PMIC@50C GPU@28C AO@34C thermal@28.25C POM_5V_IN 1103/1945 POM_5V_GPU 39/60 POM_5V_CPU 157/574
2025-03-10 18:17:25 RAM 1964/3964MB (lfb 11x4MB) SWAP 53/1982MB (cached 0MB) IRAM 0/252kB(lfb 252kB) CPU [14%@204,11%@204,12%@204,7%@204] EMC_FREQ 9%@204 GR3D_FREQ 0%@230 APE 25 PLL@27C CPU@28C PMIC@50C GPU@28C AO@33.5C thermal@28.25C POM_5V_IN 1180/1929 POM_5V_GPU 78/60 POM_5V_CPU 196/566
2025-03-10 18:17:26 RAM 1963/3964MB (lfb 11x4MB) SWAP 53/1982MB (cached 0MB) IRAM 0/252kB(lfb 252kB) CPU [13%@102,4%@102,6%@102,9%@102] EMC_FREQ 8%@204 GR3D_FREQ 0%@76 APE 25 PLL@27C CPU@28C PMIC@50C GPU@27.5C AO@33.5C thermal@28.25C POM_5V_IN 1103/1912 POM_5V_GPU 39/60 POM_5V_CPU 196/559
2025-03-10 18:17:27 RAM 1963/3964MB (lfb 11x4MB) SWAP 53/1982MB (cached 0MB) IRAM 0/252kB(lfb 252kB) CPU [10%@204,7%@204,7%@204,9%@204] EMC_FREQ 8%@204 GR3D_FREQ 0%@384 APE 25 PLL@27C CPU@28C PMIC@50C GPU@28C AO@34C thermal@28.5C POM_5V_IN 1182/1898 POM_5V_GPU 78/60 POM_5V_CPU 157/551
2025-03-10 18:17:28 RAM 1975/3964MB (lfb 11x4MB) SWAP 53/1982MB (cached 0MB) IRAM 0/252kB(lfb 252kB) CPU [13%@710,9%@710,13%@710,12%@710] EMC_FREQ 1%@1600 GR3D_FREQ 0%@153 APE 25 PLL@26.5C CPU@28.5C PMIC@50C GPU@28C AO@33.5C thermal@28C POM_5V_IN 1259/1885 POM_5V_GPU 78/60 POM_5V_CPU 196/544
2025-03-10 18:17:29 RAM 1964/3964MB (lfb 11x4MB) SWAP 53/1982MB (cached 0MB) IRAM 0/252kB(lfb 252kB) CPU [10%@102,5%@102,5%@102,7%@102] EMC_FREQ 7%@204 GR3D_FREQ 0%@153 APE 25 PLL@27C CPU@28.5C PMIC@50C GPU@28C AO@34C thermal@28C POM_5V_IN 1103/1870 POM_5V_GPU 39/60 POM_5V_CPU 157/536
2025-03-10 18:17:30 RAM 1963/3964MB (lfb 11x4MB) SWAP 53/1982MB (cached 0MB) IRAM 0/252kB(lfb 252kB) CPU [16%@102,8%@102,7%@204,8%@204] EMC_FREQ 8%@204 GR3D_FREQ 0%@153 APE 25 PLL@27C CPU@28C PMIC@50C GPU@28C AO@33.5C thermal@28C POM_5V_IN 1103/1856 POM_5V_GPU 39/60 POM_5V_CPU 157/529
2025-03-10 18:17:31 RAM 1976/3964MB (lfb 10x4MB) SWAP 53/1982MB (cached 0MB) IRAM 0/252kB(lfb 252kB) CPU [12%@102,7%@102,11%@204,6%@204] EMC_FREQ 8%@204 GR3D_FREQ 0%@153 APE 25 PLL@26.5C CPU@28C PMIC@50C GPU@28C AO@33.5C thermal@28.25C POM_5V_IN 1103/1842 POM_5V_GPU 39/59 POM_5V_CPU 157/522
2025-03-10 18:17:32 RAM 1963/3964MB (lfb 11x4MB) SWAP 53/1982MB (cached 0MB) IRAM 0/252kB(lfb 252kB) CPU [12%@307,8%@307,6%@307,5%@307] EMC_FREQ 8%@204 GR3D_FREQ 0%@76 APE 25 PLL@26.5C CPU@28C PMIC@50C GPU@28.5C AO@33.5C thermal@28.25C POM_5V_IN 1375/1833 POM_5V_GPU 157/61 POM_5V_CPU 196/516
2025-03-10 18:17:33 RAM 1965/3964MB (lfb 11x4MB) SWAP 53/1982MB (cached 0MB) IRAM 0/252kB(lfb 252kB) CPU [22%@204,15%@204,11%@204,19%@204] EMC_FREQ 10%@204 GR3D_FREQ 0%@76 APE 25 PLL@27C CPU@28.5C PMIC@50C GPU@28C AO@33.5C thermal@28C POM_5V_IN 1143/1821 POM_5V_GPU 39/61 POM_5V_CPU 197/510
2025-03-10 18:17:34 RAM 1974/3964MB (lfb 11x4MB) SWAP 53/1982MB (cached 0MB) IRAM 0/252kB(lfb 252kB) CPU [18%@204,8%@204,6%@204,10%@204] EMC_FREQ 10%@204 GR3D_FREQ 0%@384 APE 25 PLL@26.5C CPU@28.5C PMIC@50C GPU@28C AO@33.5C thermal@28.25C POM_5V_IN 1336/1812 POM_5V_GPU 78/61 POM_5V_CPU 275/506
2025-03-10 18:17:35 RAM 1964/3964MB (lfb 11x4MB) SWAP 53/1982MB (cached 0MB) IRAM 0/252kB(lfb 252kB) CPU [13%@204,5%@204,4%@204,6%@204] EMC_FREQ 8%@204 GR3D_FREQ 0%@153 APE 25 PLL@26.5C CPU@28C PMIC@50C GPU@28C AO@33.5C thermal@28.25C POM_5V_IN 1143/1801 POM_5V_GPU 39/60 POM_5V_CPU 197/501
2025-03-10 18:17:36 RAM 1964/3964MB (lfb 11x4MB) SWAP 53/1982MB (cached 0MB) IRAM 0/252kB(lfb 252kB) CPU [14%@204,6%@204,7%@204,10%@204] EMC_FREQ 8%@204 GR3D_FREQ 0%@153 APE 25 PLL@26.5C CPU@28.5C PMIC@50C GPU@28C AO@33.5C thermal@28.25C POM_5V_IN 1180/1790 POM_5V_GPU 39/60 POM_5V_CPU 196/496
2025-03-10 18:17:37 RAM 1974/3964MB (lfb 11x4MB) SWAP 53/1982MB (cached 0MB) IRAM 0/252kB(lfb 252kB) CPU [12%@710,9%@710,8%@710,11%@710] EMC_FREQ 1%@1600 GR3D_FREQ 0%@153 APE 25 PLL@27C CPU@28.5C PMIC@50C GPU@28C AO@34C thermal@28C POM_5V_IN 2069/1795 POM_5V_GPU 39/60 POM_5V_CPU 585/497
2025-03-10 18:17:38 RAM 1958/3964MB (lfb 13x4MB) SWAP 53/1982MB (cached 0MB) IRAM 0/252kB(lfb 252kB) CPU [18%@102,11%@102,6%@102,11%@102] EMC_FREQ 8%@204 GR3D_FREQ 0%@153 APE 25 PLL@26.5C CPU@28C PMIC@50C GPU@28C AO@34C thermal@28.25C POM_5V_IN 1180/1785 POM_5V_GPU 39/59 POM_5V_CPU 157/492
2025-03-10 18:17:39 RAM 1973/3964MB (lfb 11x4MB) SWAP 53/1982MB (cached 0MB) IRAM 0/252kB(lfb 252kB) CPU [15%@204,7%@204,8%@204,6%@204] EMC_FREQ 8%@204 GR3D_FREQ 0%@153 APE 25 PLL@26.5C CPU@28.5C PMIC@50C GPU@28C AO@33.5C thermal@28C POM_5V_IN 1143/1774 POM_5V_GPU 39/59 POM_5V_CPU 196/487
