2025-03-10 17:51:40 RAM 1991/3964MB (lfb 11x4MB) SWAP 53/1982MB (cached 0MB) IRAM 0/252kB(lfb 252kB) CPU [22%@307,24%@307,20%@307,9%@307] EMC_FREQ 23%@204 GR3D_FREQ 0%@153 APE 25 PLL@26C CPU@28C PMIC@50C GPU@27.5C AO@32.5C thermal@27.75C POM_5V_IN 1762/1762 POM_5V_GPU 39/39 POM_5V_CPU 352/352
2025-03-10 17:51:41 RAM 1986/3964MB (lfb 12x4MB) SWAP 53/1982MB (cached 0MB) IRAM 0/252kB(lfb 252kB) CPU [14%@307,25%@307,19%@307,15%@307] EMC_FREQ 2%@1600 GR3D_FREQ 0%@76 APE 25 PLL@25.5C CPU@28C PMIC@50C GPU@27.5C AO@32.5C thermal@28C POM_5V_IN 1723/1742 POM_5V_GPU 78/58 POM_5V_CPU 468/410
2025-03-10 17:51:42 RAM 2001/3964MB (lfb 9x4MB) SWAP 53/1982MB (cached 0MB) IRAM 0/252kB(lfb 252kB) CPU [17%@1479,19%@1479,13%@1479,21%@1479] EMC_FREQ 2%@1600 GR3D_FREQ 0%@76 APE 25 PLL@26C CPU@28C PMIC@50C GPU@27.5C AO@33C thermal@28C POM_5V_IN 1798/1761 POM_5V_GPU 78/65 POM_5V_CPU 818/546
2025-03-10 17:51:43 RAM 2002/3964MB (lfb 9x4MB) SWAP 53/1982MB (cached 0MB) IRAM 0/252kB(lfb 252kB) CPU [16%@1479,17%@1479,19%@1479,12%@1479] EMC_FREQ 1%@1600 GR3D_FREQ 0%@76 APE 25 PLL@25.5C CPU@28C PMIC@50C GPU@27.5C AO@33C thermal@27.75C POM_5V_IN 1490/1693 POM_5V_GPU 0/48 POM_5V_CPU 548/546
2025-03-10 17:51:44 RAM 1986/3964MB (lfb 12x4MB) SWAP 53/1982MB (cached 0MB) IRAM 0/252kB(lfb 252kB) CPU [23%@1479,24%@1479,19%@1479,19%@1479] EMC_FREQ 2%@1600 GR3D_FREQ 0%@153 APE 25 PLL@26C CPU@28C PMIC@50C GPU@28C AO@33C thermal@27.75C POM_5V_IN 1916/1737 POM_5V_GPU 39/46 POM_5V_CPU 585/554
2025-03-10 17:51:45 RAM 2004/3964MB (lfb 9x4MB) SWAP 53/1982MB (cached 0MB) IRAM 0/252kB(lfb 252kB) CPU [18%@825,16%@825,26%@825,15%@825] EMC_FREQ 2%@1600 GR3D_FREQ 0%@153 APE 25 PLL@26.5C CPU@28.5C PMIC@50C GPU@27.5C AO@33C thermal@27.75C POM_5V_IN 1991/1780 POM_5V_GPU 39/45 POM_5V_CPU 507/546
2025-03-10 17:51:46 RAM 1991/3964MB (lfb 12x4MB) SWAP 53/1982MB (cached 0MB) IRAM 0/252kB(lfb 252kB) CPU [17%@1479,18%@1479,26%@1479,16%@1479] EMC_FREQ 1%@1600 GR3D_FREQ 52%@153 APE 25 PLL@26C CPU@28.5C PMIC@50C GPU@27.5C AO@33.5C thermal@27.75C POM_5V_IN 2108/1826 POM_5V_GPU 156/61 POM_5V_CPU 585/551
2025-03-10 17:51:47 RAM 2005/3964MB (lfb 9x4MB) SWAP 53/1982MB (cached 0MB) IRAM 0/252kB(lfb 252kB) CPU [20%@825,16%@825,17%@825,19%@825] EMC_FREQ 1%@1600 GR3D_FREQ 0%@153 APE 25 PLL@26C CPU@28C PMIC@50C GPU@27.5C AO@33C thermal@27.75C POM_5V_IN 1608/1799 POM_5V_GPU 39/58 POM_5V_CPU 391/531
2025-03-10 17:51:48 RAM 2005/3964MB (lfb 9x4MB) SWAP 53/1982MB (cached 0MB) IRAM 0/252kB(lfb 252kB) CPU [12%@204,10%@204,10%@204,9%@204] EMC_FREQ 11%@204 GR3D_FREQ 99%@384 APE 25 PLL@26C CPU@28C PMIC@50C GPU@27.5C AO@33C thermal@27.75C POM_5V_IN 1569/1773 POM_5V_GPU 156/69 POM_5V_CPU 469/524
2025-03-10 17:51:49 RAM 1990/3964MB (lfb 12x4MB) SWAP 53/1982MB (cached 0MB) IRAM 0/252kB(lfb 252kB) CPU [15%@1479,13%@1479,8%@1479,10%@1479] EMC_FREQ 1%@1600 GR3D_FREQ 0%@76 APE 25 PLL@25.5C CPU@27.5C PMIC@50C GPU@27.5C AO@33C thermal@28C POM_5V_IN 1916/1788 POM_5V_GPU 0/62 POM_5V_CPU 858/558
2025-03-10 17:51:50 RAM 2003/3964MB (lfb 9x4MB) SWAP 53/1982MB (cached 0MB) IRAM 0/252kB(lfb 252kB) CPU [23%@1479,12%@1479,15%@1479,9%@1479] EMC_FREQ 1%@1600 GR3D_FREQ 0%@153 APE 25 PLL@26C CPU@28.5C PMIC@50C GPU@27.5C AO@33.5C thermal@27.75C POM_5V_IN 2069/1813 POM_5V_GPU 39/60 POM_5V_CPU 896/588
2025-03-10 17:51:51 RAM 1994/3964MB (lfb 10x4MB) SWAP 53/1982MB (cached 0MB) IRAM 0/252kB(lfb 252kB) CPU [19%@1479,13%@1479,23%@1479,15%@1479] EMC_FREQ 1%@1600 GR3D_FREQ 0%@153 APE 25 PLL@26.5C CPU@28.5C PMIC@50C GPU@27.5C AO@33C thermal@27.75C POM_5V_IN 2221/1847 POM_5V_GPU 38/58 POM_5V_CPU 856/611
2025-03-10 17:51:52 RAM 2009/3964MB (lfb 8x4MB) SWAP 53/1982MB (cached 0MB) IRAM 0/252kB(lfb 252kB) CPU [9%@1479,18%@1479,27%@1479,13%@1479] EMC_FREQ 1%@1600 GR3D_FREQ 0%@153 APE 25 PLL@26C CPU@28C PMIC@50C GPU@27.5C AO@33.5C thermal@27.75C POM_5V_IN 2412/1891 POM_5V_GPU 77/59 POM_5V_CPU 739/620
2025-03-10 17:51:53 RAM 2015/3964MB (lfb 8x4MB) SWAP 53/1982MB (cached 0MB) IRAM 0/252kB(lfb 252kB) CPU [21%@825,8%@825,21%@825,19%@825] EMC_FREQ 1%@1600 GR3D_FREQ 0%@153 APE 25 PLL@26.5C CPU@28C PMIC@50C GPU@27.5C AO@33C thermal@28C POM_5V_IN 2412/1928 POM_5V_GPU 38/58 POM_5V_CPU 739/629
2025-03-10 17:51:54 RAM 2002/3964MB (lfb 10x4MB) SWAP 53/1982MB (cached 0MB) IRAM 0/252kB(lfb 252kB) CPU [27%@1479,28%@1479,22%@1479,26%@1479] EMC_FREQ 2%@1600 GR3D_FREQ 0%@76 APE 25 PLL@27C CPU@28.5C PMIC@50C GPU@27.5C AO@33C thermal@28C POM_5V_IN 2981/1998 POM_5V_GPU 116/62 POM_5V_CPU 1200/667
2025-03-10 17:51:55 RAM 2012/3964MB (lfb 9x4MB) SWAP 53/1982MB (cached 0MB) IRAM 0/252kB(lfb 252kB) CPU [25%@921,24%@921,19%@921,21%@921] EMC_FREQ 2%@1600 GR3D_FREQ 0%@76 APE 25 PLL@26.5C CPU@28C PMIC@50C GPU@28.5C AO@33.5C thermal@28.25C POM_5V_IN 2182/2009 POM_5V_GPU 0/58 POM_5V_CPU 701/669
2025-03-10 17:51:56 RAM 2002/3964MB (lfb 10x4MB) SWAP 53/1982MB (cached 0MB) IRAM 0/252kB(lfb 252kB) CPU [23%@614,20%@614,19%@614,20%@614] EMC_FREQ 1%@1600 GR3D_FREQ 0%@76 APE 25 PLL@26.5C CPU@27.5C PMIC@50C GPU@27.5C AO@33C thermal@28.25C POM_5V_IN 2182/2020 POM_5V_GPU 38/57 POM_5V_CPU 702/671
2025-03-10 17:51:57 RAM 2013/3964MB (lfb 9x4MB) SWAP 53/1982MB (cached 0MB) IRAM 0/252kB(lfb 252kB) CPU [26%@1428,25%@1428,23%@1428,22%@1428] EMC_FREQ 1%@1600 GR3D_FREQ 0%@76 APE 25 PLL@27C CPU@28C PMIC@50C GPU@27.5C AO@33C thermal@27.75C POM_5V_IN 2641/2054 POM_5V_GPU 38/56 POM_5V_CPU 1010/690
2025-03-10 17:51:58 RAM 2013/3964MB (lfb 9x4MB) SWAP 53/1982MB (cached 0MB) IRAM 0/252kB(lfb 252kB) CPU [21%@614,19%@614,25%@614,20%@614] EMC_FREQ 1%@1600 GR3D_FREQ 0%@76 APE 25 PLL@26.5C CPU@27.5C PMIC@50C GPU@27.5C AO@33.5C thermal@28C POM_5V_IN 2260/2065 POM_5V_GPU 77/57 POM_5V_CPU 662/688
2025-03-10 17:51:59 RAM 2004/3964MB (lfb 10x4MB) SWAP 53/1982MB (cached 0MB) IRAM 0/252kB(lfb 252kB) CPU [21%@825,23%@825,21%@825,23%@825] EMC_FREQ 1%@1600 GR3D_FREQ 0%@76 APE 25 PLL@26C CPU@28C PMIC@50C GPU@27.5C AO@33.5C thermal@27.5C POM_5V_IN 2186/2071 POM_5V_GPU 39/56 POM_5V_CPU 624/685
2025-03-10 17:52:00 RAM 2016/3964MB (lfb 9x4MB) SWAP 53/1982MB (cached 0MB) IRAM 0/252kB(lfb 252kB) CPU [26%@825,22%@825,30%@825,25%@825] EMC_FREQ 2%@1600 GR3D_FREQ 0%@153 APE 25 PLL@26.5C CPU@28C PMIC@50C GPU@28C AO@33.5C thermal@28C POM_5V_IN 2373/2085 POM_5V_GPU 116/59 POM_5V_CPU 701/686
2025-03-10 17:52:01 RAM 2018/3964MB (lfb 9x4MB) SWAP 53/1982MB (cached 0MB) IRAM 0/252kB(lfb 252kB) CPU [26%@1428,26%@1428,19%@1428,20%@1428] EMC_FREQ 1%@1600 GR3D_FREQ 0%@76 APE 25 PLL@26.5C CPU@28C PMIC@50C GPU@28.5C AO@33.5C thermal@28C POM_5V_IN 2373/2098 POM_5V_GPU 0/56 POM_5V_CPU 972/699
2025-03-10 17:52:02 RAM 2006/3964MB (lfb 10x4MB) SWAP 53/1982MB (cached 0MB) IRAM 0/252kB(lfb 252kB) CPU [28%@825,26%@825,24%@825,23%@825] EMC_FREQ 1%@1600 GR3D_FREQ 0%@76 APE 25 PLL@27C CPU@28C PMIC@50C GPU@29C AO@33.5C thermal@27.75C POM_5V_IN 2147/2100 POM_5V_GPU 38/55 POM_5V_CPU 779/702
2025-03-10 17:52:03 RAM 2016/3964MB (lfb 9x4MB) SWAP 53/1982MB (cached 0MB) IRAM 0/252kB(lfb 252kB) CPU [22%@1479,26%@1479,28%@1479,23%@1479] EMC_FREQ 1%@1600 GR3D_FREQ 0%@153 APE 25 PLL@26.5C CPU@28C PMIC@50C GPU@27.5C AO@33.5C thermal@28C POM_5V_IN 2373/2112 POM_5V_GPU 38/54 POM_5V_CPU 933/712
2025-03-10 17:52:04 RAM 2011/3964MB (lfb 10x4MB) SWAP 53/1982MB (cached 0MB) IRAM 0/252kB(lfb 252kB) CPU [39%@1479,32%@1479,32%@1479,32%@1479] EMC_FREQ 2%@1600 GR3D_FREQ 0%@153 APE 25 PLL@26.5C CPU@29C PMIC@50C GPU@28C AO@33.5C thermal@28C POM_5V_IN 2792/2139 POM_5V_GPU 77/55 POM_5V_CPU 1202/731
2025-03-10 17:52:05 RAM 2023/3964MB (lfb 9x4MB) SWAP 53/1982MB (cached 0MB) IRAM 0/252kB(lfb 252kB) CPU [24%@1479,25%@1479,24%@1479,26%@1479] EMC_FREQ 1%@1600 GR3D_FREQ 0%@153 APE 25 PLL@27C CPU@28C PMIC@50C GPU@28C AO@33.5C thermal@28C POM_5V_IN 2792/2164 POM_5V_GPU 38/55 POM_5V_CPU 1241/751
2025-03-10 17:52:06 RAM 2022/3964MB (lfb 9x4MB) SWAP 53/1982MB (cached 0MB) IRAM 0/252kB(lfb 252kB) CPU [27%@1479,32%@1479,27%@1479,31%@1479] EMC_FREQ 1%@1600 GR3D_FREQ 0%@153 APE 25 PLL@26.5C CPU@28C PMIC@50C GPU@28C AO@33.5C thermal@28C POM_5V_IN 2942/2193 POM_5V_GPU 77/55 POM_5V_CPU 1393/775
2025-03-10 17:52:07 RAM 2011/3964MB (lfb 10x4MB) SWAP 53/1982MB (cached 0MB) IRAM 0/252kB(lfb 252kB) CPU [24%@518,24%@518,24%@518,21%@518] EMC_FREQ 1%@1600 GR3D_FREQ 0%@76 APE 25 PLL@26.5C CPU@28C PMIC@50C GPU@28.5C AO@33.5C thermal@28.5C POM_5V_IN 2186/2193 POM_5V_GPU 0/53 POM_5V_CPU 702/772
2025-03-10 17:52:08 RAM 2021/3964MB (lfb 9x4MB) SWAP 53/1982MB (cached 0MB) IRAM 0/252kB(lfb 252kB) CPU [24%@1224,21%@1224,25%@1224,26%@1224] EMC_FREQ 1%@1600 GR3D_FREQ 0%@76 APE 25 PLL@26.5C CPU@28C PMIC@50C GPU@28.5C AO@33C thermal@28.25C POM_5V_IN 2338/2198 POM_5V_GPU 38/53 POM_5V_CPU 779/772
2025-03-10 17:52:09 RAM 2013/3964MB (lfb 10x4MB) SWAP 53/1982MB (cached 0MB) IRAM 0/252kB(lfb 252kB) CPU [27%@1132,26%@1132,25%@1132,25%@1132] EMC_FREQ 1%@1600 GR3D_FREQ 0%@153 APE 25 PLL@27C CPU@28.5C PMIC@50C GPU@28C AO@33.5C thermal@28.25C POM_5V_IN 2299/2201 POM_5V_GPU 38/52 POM_5V_CPU 779/773
2025-03-10 17:52:10 RAM 1957/3964MB (lfb 15x4MB) SWAP 53/1982MB (cached 0MB) IRAM 0/252kB(lfb 252kB) CPU [35%@710,33%@710,27%@710,28%@710] EMC_FREQ 2%@1600 GR3D_FREQ 0%@153 APE 25 PLL@27C CPU@28C PMIC@50C GPU@28C AO@33.5C thermal@28C POM_5V_IN 2299/2204 POM_5V_GPU 77/53 POM_5V_CPU 662/769
2025-03-10 17:52:11 RAM 1946/3964MB (lfb 15x4MB) SWAP 53/1982MB (cached 0MB) IRAM 0/252kB(lfb 252kB) CPU [14%@204,12%@204,7%@204,6%@204] EMC_FREQ 14%@204 GR3D_FREQ 0%@153 APE 25 PLL@26.5C CPU@28.5C PMIC@50C GPU@28C AO@33C thermal@28C POM_5V_IN 1490/2182 POM_5V_GPU 78/54 POM_5V_CPU 353/756
2025-03-10 17:52:12 RAM 1946/3964MB (lfb 15x4MB) SWAP 53/1982MB (cached 0MB) IRAM 0/252kB(lfb 252kB) CPU [11%@403,9%@403,7%@403,10%@403] EMC_FREQ 12%@204 GR3D_FREQ 0%@153 APE 25 PLL@26C CPU@28.5C PMIC@50C GPU@27.5C AO@33C thermal@28.25C POM_5V_IN 1493/2161 POM_5V_GPU 78/55 POM_5V_CPU 392/745
2025-03-10 17:52:13 RAM 1953/3964MB (lfb 15x4MB) SWAP 53/1982MB (cached 0MB) IRAM 0/252kB(lfb 252kB) CPU [10%@1326,8%@1326,6%@1326,7%@1326] EMC_FREQ 1%@1600 GR3D_FREQ 0%@76 APE 25 PLL@26C CPU@28C PMIC@50C GPU@27.5C AO@33C thermal@27.75C POM_5V_IN 1608/2145 POM_5V_GPU 78/55 POM_5V_CPU 586/740
2025-03-10 17:52:14 RAM 1948/3964MB (lfb 15x4MB) SWAP 53/1982MB (cached 0MB) IRAM 0/252kB(lfb 252kB) CPU [20%@710,16%@710,14%@710,12%@710] EMC_FREQ 1%@1600 GR3D_FREQ 0%@153 APE 25 PLL@26.5C CPU@28C PMIC@50C GPU@28C AO@33.5C thermal@28.25C POM_5V_IN 1336/2121 POM_5V_GPU 39/55 POM_5V_CPU 353/729
2025-03-10 17:52:15 RAM 1959/3964MB (lfb 15x4MB) SWAP 53/1982MB (cached 0MB) IRAM 0/252kB(lfb 252kB) CPU [15%@307,7%@307,14%@307,6%@307] EMC_FREQ 11%@204 GR3D_FREQ 0%@153 APE 25 PLL@26.5C CPU@28C PMIC@50C GPU@27.5C AO@33C thermal@27.5C POM_5V_IN 1336/2100 POM_5V_GPU 39/54 POM_5V_CPU 353/719
2025-03-10 17:52:16 RAM 1947/3964MB (lfb 15x4MB) SWAP 53/1982MB (cached 0MB) IRAM 0/252kB(lfb 252kB) CPU [12%@307,8%@307,7%@307,7%@307] EMC_FREQ 9%@204 GR3D_FREQ 0%@153 APE 25 PLL@26C CPU@28.5C PMIC@50C GPU@28C AO@33C thermal@27.75C POM_5V_IN 1180/2075 POM_5V_GPU 39/54 POM_5V_CPU 314/708
2025-03-10 17:52:17 RAM 1947/3964MB (lfb 15x4MB) SWAP 53/1982MB (cached 0MB) IRAM 0/252kB(lfb 252kB) CPU [15%@204,10%@204,11%@204,6%@204] EMC_FREQ 9%@204 GR3D_FREQ 0%@153 APE 25 PLL@26.5C CPU@28.5C PMIC@50C GPU@27.5C AO@33C thermal@27.75C POM_5V_IN 1414/2057 POM_5V_GPU 156/57 POM_5V_CPU 353/698
2025-03-10 17:52:18 RAM 1956/3964MB (lfb 15x4MB) SWAP 53/1982MB (cached 0MB) IRAM 0/252kB(lfb 252kB) CPU [10%@204,7%@204,7%@204,5%@204] EMC_FREQ 8%@204 GR3D_FREQ 0%@153 APE 25 PLL@26C CPU@28.5C PMIC@50C GPU@27.5C AO@33C thermal@28C POM_5V_IN 1218/2036 POM_5V_GPU 39/56 POM_5V_CPU 392/691
2025-03-10 17:52:19 RAM 1948/3964MB (lfb 15x4MB) SWAP 53/1982MB (cached 0MB) IRAM 0/252kB(lfb 252kB) CPU [17%@307,5%@307,7%@307,8%@307] EMC_FREQ 8%@204 GR3D_FREQ 0%@76 APE 25 PLL@26C CPU@28.5C PMIC@50C GPU@27.5C AO@33C thermal@27.75C POM_5V_IN 1375/2019 POM_5V_GPU 156/59 POM_5V_CPU 391/683
2025-03-10 17:52:20 RAM 1948/3964MB (lfb 15x4MB) SWAP 53/1982MB (cached 0MB) IRAM 0/252kB(lfb 252kB) CPU [13%@307,5%@307,6%@307,10%@307] EMC_FREQ 7%@204 GR3D_FREQ 0%@153 APE 25 PLL@26C CPU@28C PMIC@50C GPU@27.5C AO@32.5C thermal@27.75C POM_5V_IN 1296/2002 POM_5V_GPU 39/58 POM_5V_CPU 353/675
2025-03-10 17:52:21 RAM 1959/3964MB (lfb 15x4MB) SWAP 53/1982MB (cached 0MB) IRAM 0/252kB(lfb 252kB) CPU [9%@307,10%@307,9%@307,8%@307] EMC_FREQ 8%@204 GR3D_FREQ 0%@153 APE 25 PLL@26.5C CPU@28C PMIC@50C GPU@27.5C AO@32.5C thermal@28C POM_5V_IN 1493/1990 POM_5V_GPU 39/58 POM_5V_CPU 430/669
2025-03-10 17:52:22 RAM 1947/3964MB (lfb 15x4MB) SWAP 53/1982MB (cached 0MB) IRAM 0/252kB(lfb 252kB) CPU [13%@204,8%@204,7%@204,8%@204] EMC_FREQ 7%@204 GR3D_FREQ 0%@153 APE 25 PLL@26.5C CPU@28C PMIC@50C GPU@27.5C AO@33C thermal@28C POM_5V_IN 1180/1971 POM_5V_GPU 39/57 POM_5V_CPU 314/661
2025-03-10 17:52:23 RAM 1947/3964MB (lfb 15x4MB) SWAP 53/1982MB (cached 0MB) IRAM 0/252kB(lfb 252kB) CPU [14%@614,9%@614,5%@614,10%@614] EMC_FREQ 1%@1600 GR3D_FREQ 0%@153 APE 25 PLL@26C CPU@28C PMIC@50C GPU@27.5C AO@33.5C thermal@27.75C POM_5V_IN 1336/1956 POM_5V_GPU 39/57 POM_5V_CPU 392/655
2025-03-10 17:52:24 RAM 1951/3964MB (lfb 15x4MB) SWAP 53/1982MB (cached 0MB) IRAM 0/252kB(lfb 252kB) CPU [18%@307,12%@307,11%@307,12%@307] EMC_FREQ 9%@204 GR3D_FREQ 0%@153 APE 25 PLL@26C CPU@28C PMIC@50C GPU@27.5C AO@33C thermal@27.75C POM_5V_IN 1336/1942 POM_5V_GPU 39/56 POM_5V_CPU 470/651
2025-03-10 17:52:25 RAM 1948/3964MB (lfb 15x4MB) SWAP 53/1982MB (cached 0MB) IRAM 0/252kB(lfb 252kB) CPU [14%@307,7%@307,5%@307,6%@307] EMC_FREQ 9%@204 GR3D_FREQ 0%@76 APE 25 PLL@26C CPU@28C PMIC@50C GPU@27.5C AO@33C thermal@27.75C POM_5V_IN 1180/1926 POM_5V_GPU 78/57 POM_5V_CPU 314/643
2025-03-10 17:52:26 RAM 1959/3964MB (lfb 15x4MB) SWAP 53/1982MB (cached 0MB) IRAM 0/252kB(lfb 252kB) CPU [13%@307,5%@307,9%@307,6%@307] EMC_FREQ 8%@204 GR3D_FREQ 0%@153 APE 25 PLL@26C CPU@28.5C PMIC@50C GPU@27.5C AO@33C thermal@28C POM_5V_IN 1180/1910 POM_5V_GPU 78/57 POM_5V_CPU 392/638
2025-03-10 17:52:27 RAM 1947/3964MB (lfb 15x4MB) SWAP 53/1982MB (cached 0MB) IRAM 0/252kB(lfb 252kB) CPU [7%@204,6%@204,6%@307,7%@307] EMC_FREQ 7%@204 GR3D_FREQ 0%@153 APE 25 PLL@26C CPU@28.5C PMIC@50C GPU@27.5C AO@33C thermal@27.75C POM_5V_IN 1141/1894 POM_5V_GPU 39/57 POM_5V_CPU 314/631
2025-03-10 17:52:28 RAM 1947/3964MB (lfb 15x4MB) SWAP 53/1982MB (cached 0MB) IRAM 0/252kB(lfb 252kB) CPU [14%@204,10%@204,8%@204,10%@204] EMC_FREQ 8%@204 GR3D_FREQ 0%@153 APE 25 PLL@26C CPU@28.5C PMIC@50C GPU@27.5C AO@33C thermal@27.75C POM_5V_IN 1141/1879 POM_5V_GPU 39/56 POM_5V_CPU 314/625
2025-03-10 17:52:29 RAM 1960/3964MB (lfb 15x4MB) SWAP 53/1982MB (cached 0MB) IRAM 0/252kB(lfb 252kB) CPU [11%@307,8%@307,9%@307,8%@307] EMC_FREQ 8%@204 GR3D_FREQ 0%@153 APE 25 PLL@26C CPU@28.5C PMIC@50C GPU@28C AO@33C thermal@28C POM_5V_IN 1180/1865 POM_5V_GPU 39/56 POM_5V_CPU 314/618
2025-03-10 17:52:30 RAM 1948/3964MB (lfb 15x4MB) SWAP 53/1982MB (cached 0MB) IRAM 0/252kB(lfb 252kB) CPU [11%@204,7%@204,7%@307,10%@307] EMC_FREQ 8%@204 GR3D_FREQ 73%@76 APE 25 PLL@26C CPU@28.5C PMIC@50C GPU@27.5C AO@32.5C thermal@27.75C POM_5V_IN 1530/1858 POM_5V_GPU 156/58 POM_5V_CPU 352/613
2025-03-10 17:52:31 RAM 1947/3964MB (lfb 15x4MB) SWAP 53/1982MB (cached 0MB) IRAM 0/252kB(lfb 252kB) CPU [14%@307,8%@307,8%@307,8%@307] EMC_FREQ 8%@204 GR3D_FREQ 0%@153 APE 25 PLL@26C CPU@28.5C PMIC@50C GPU@27.5C AO@33C thermal@27.75C POM_5V_IN 1220/1846 POM_5V_GPU 39/58 POM_5V_CPU 314/607
2025-03-10 17:52:32 RAM 1961/3964MB (lfb 14x4MB) SWAP 53/1982MB (cached 0MB) IRAM 0/252kB(lfb 252kB) CPU [22%@403,13%@403,8%@403,6%@403] EMC_FREQ 8%@204 GR3D_FREQ 0%@76 APE 25 PLL@26C CPU@28C PMIC@50C GPU@27.5C AO@32.5C thermal@27.75C POM_5V_IN 1955/1848 POM_5V_GPU 156/60 POM_5V_CPU 468/605
2025-03-10 17:52:33 RAM 1947/3964MB (lfb 15x4MB) SWAP 53/1982MB (cached 0MB) IRAM 0/252kB(lfb 252kB) CPU [9%@204,7%@204,6%@204,6%@204] EMC_FREQ 7%@204 GR3D_FREQ 0%@153 APE 25 PLL@26C CPU@28C PMIC@50C GPU@27.5C AO@33C thermal@27.75C POM_5V_IN 1141/1835 POM_5V_GPU 39/59 POM_5V_CPU 314/599
2025-03-10 17:52:34 RAM 1950/3964MB (lfb 15x4MB) SWAP 53/1982MB (cached 0MB) IRAM 0/252kB(lfb 252kB) CPU [17%@614,15%@614,12%@614,20%@614] EMC_FREQ 1%@1600 GR3D_FREQ 0%@153 APE 25 PLL@26C CPU@28C PMIC@50C GPU@27.5C AO@33C thermal@27.5C POM_5V_IN 1762/1833 POM_5V_GPU 39/59 POM_5V_CPU 508/598
2025-03-10 17:52:35 RAM 1957/3964MB (lfb 15x4MB) SWAP 53/1982MB (cached 0MB) IRAM 0/252kB(lfb 252kB) CPU [9%@1428,7%@1428,9%@1428,8%@1428] EMC_FREQ 1%@1600 GR3D_FREQ 0%@153 APE 25 PLL@26C CPU@28.5C PMIC@50C GPU@27.5C AO@33C thermal@27.5C POM_5V_IN 1490/1827 POM_5V_GPU 39/58 POM_5V_CPU 548/597
2025-03-10 17:52:36 RAM 1948/3964MB (lfb 15x4MB) SWAP 53/1982MB (cached 0MB) IRAM 0/252kB(lfb 252kB) CPU [14%@307,7%@307,6%@307,9%@307] EMC_FREQ 9%@204 GR3D_FREQ 0%@153 APE 25 PLL@26C CPU@28C PMIC@50C GPU@27.5C AO@33C thermal@27.5C POM_5V_IN 1259/1817 POM_5V_GPU 78/59 POM_5V_CPU 314/592
2025-03-10 17:52:37 RAM 1958/3964MB (lfb 15x4MB) SWAP 53/1982MB (cached 0MB) IRAM 0/252kB(lfb 252kB) CPU [10%@307,9%@307,6%@307,11%@307] EMC_FREQ 8%@204 GR3D_FREQ 0%@384 APE 25 PLL@26C CPU@28C PMIC@50C GPU@27.5C AO@33C thermal@27.25C POM_5V_IN 1180/1806 POM_5V_GPU 39/58 POM_5V_CPU 314/587
2025-03-10 17:52:38 RAM 1948/3964MB (lfb 15x4MB) SWAP 53/1982MB (cached 0MB) IRAM 0/252kB(lfb 252kB) CPU [11%@307,9%@307,8%@307,7%@307] EMC_FREQ 8%@204 GR3D_FREQ 0%@76 APE 25 PLL@26C CPU@28C PMIC@50C GPU@27C AO@33C thermal@27.75C POM_5V_IN 1220/1796 POM_5V_GPU 78/59 POM_5V_CPU 314/582
2025-03-10 17:52:39 RAM 1942/3964MB (lfb 17x4MB) SWAP 53/1982MB (cached 0MB) IRAM 0/252kB(lfb 252kB) CPU [15%@204,9%@307,7%@307,10%@307] EMC_FREQ 7%@204 GR3D_FREQ 0%@76 APE 25 PLL@26C CPU@27.5C PMIC@50C GPU@27.5C AO@33C thermal@27.75C POM_5V_IN 1141/1785 POM_5V_GPU 39/58 POM_5V_CPU 314/578
2025-03-10 17:52:41 RAM 1953/3964MB (lfb 16x4MB) SWAP 53/1982MB (cached 0MB) IRAM 0/252kB(lfb 252kB) CPU [12%@204,6%@204,5%@307,10%@307] EMC_FREQ 8%@204 GR3D_FREQ 0%@153 APE 25 PLL@26C CPU@28C PMIC@50C GPU@27C AO@33C thermal@27.75C POM_5V_IN 1180/1775 POM_5V_GPU 39/58 POM_5V_CPU 314/574
2025-03-10 17:52:42 RAM 1941/3964MB (lfb 17x4MB) SWAP 53/1982MB (cached 0MB) IRAM 0/252kB(lfb 252kB) CPU [17%@1479,10%@1479,8%@1479,8%@1479] EMC_FREQ 0%@1600 GR3D_FREQ 0%@153 APE 25 PLL@26C CPU@28.5C PMIC@50C GPU@27C AO@33C thermal@27.5C POM_5V_IN 2030/1780 POM_5V_GPU 38/58 POM_5V_CPU 974/580
