2025-03-10 17:47:13 RAM 1987/3964MB (lfb 12x4MB) SWAP 53/1982MB (cached 0MB) IRAM 0/252kB(lfb 252kB) CPU [24%@1479,19%@1479,15%@1479,16%@1479] EMC_FREQ 3%@1600 GR3D_FREQ 0%@153 APE 25 PLL@25.5C CPU@27.5C PMIC@50C GPU@27C AO@32.5C thermal@26.75C POM_5V_IN 2108/2108 POM_5V_GPU 39/39 POM_5V_CPU 702/702
2025-03-10 17:47:14 RAM 1980/3964MB (lfb 12x4MB) SWAP 53/1982MB (cached 0MB) IRAM 0/252kB(lfb 252kB) CPU [27%@710,18%@710,14%@710,13%@710] EMC_FREQ 2%@1600 GR3D_FREQ 0%@153 APE 25 PLL@26C CPU@27C PMIC@50C GPU@27C AO@32.5C thermal@27.25C POM_5V_IN 2147/2127 POM_5V_GPU 78/58 POM_5V_CPU 624/663
2025-03-10 17:47:15 RAM 2001/3964MB (lfb 9x4MB) SWAP 53/1982MB (cached 0MB) IRAM 0/252kB(lfb 252kB) CPU [20%@1479,25%@1479,12%@1479,19%@1479] EMC_FREQ 2%@1600 GR3D_FREQ 0%@153 APE 25 PLL@26C CPU@28C PMIC@50C GPU@27C AO@32.5C thermal@27.25C POM_5V_IN 2792/2349 POM_5V_GPU 38/51 POM_5V_CPU 1279/868
2025-03-10 17:47:16 RAM 1994/3964MB (lfb 11x4MB) SWAP 53/1982MB (cached 0MB) IRAM 0/252kB(lfb 252kB) CPU [22%@710,20%@710,21%@710,21%@710] EMC_FREQ 2%@1600 GR3D_FREQ 0%@153 APE 25 PLL@25.5C CPU@27.5C PMIC@50C GPU@27C AO@32.5C thermal@27.75C POM_5V_IN 1837/2221 POM_5V_GPU 39/48 POM_5V_CPU 430/758
2025-03-10 17:47:17 RAM 1977/3964MB (lfb 12x4MB) SWAP 53/1982MB (cached 0MB) IRAM 0/252kB(lfb 252kB) CPU [14%@1479,25%@1479,7%@1479,16%@1479] EMC_FREQ 2%@1600 GR3D_FREQ 0%@153 APE 25 PLL@25.5C CPU@27.5C PMIC@50C GPU@26.5C AO@32.5C thermal@27.25C POM_5V_IN 1876/2152 POM_5V_GPU 39/46 POM_5V_CPU 508/708
2025-03-10 17:47:18 RAM 1990/3964MB (lfb 11x4MB) SWAP 53/1982MB (cached 0MB) IRAM 0/252kB(lfb 252kB) CPU [23%@1428,21%@1428,17%@1428,17%@1428] EMC_FREQ 1%@1600 GR3D_FREQ 0%@153 APE 25 PLL@25.5C CPU@27.5C PMIC@50C GPU@27C AO@32.5C thermal@27.25C POM_5V_IN 2069/2138 POM_5V_GPU 39/45 POM_5V_CPU 585/688
2025-03-10 17:47:19 RAM 1982/3964MB (lfb 12x4MB) SWAP 53/1982MB (cached 0MB) IRAM 0/252kB(lfb 252kB) CPU [22%@403,24%@614,11%@614,22%@614] EMC_FREQ 14%@204 GR3D_FREQ 0%@153 APE 25 PLL@26C CPU@28C PMIC@50C GPU@27C AO@32.5C thermal@27.25C POM_5V_IN 1916/2106 POM_5V_GPU 39/44 POM_5V_CPU 507/662
2025-03-10 17:47:20 RAM 1991/3964MB (lfb 11x4MB) SWAP 53/1982MB (cached 0MB) IRAM 0/252kB(lfb 252kB) CPU [13%@518,17%@518,15%@518,9%@518] EMC_FREQ 13%@204 GR3D_FREQ 0%@153 APE 25 PLL@26C CPU@27.5C PMIC@50C GPU@27C AO@32.5C thermal@27.25C POM_5V_IN 1336/2010 POM_5V_GPU 39/43 POM_5V_CPU 353/623
2025-03-10 17:47:21 RAM 1991/3964MB (lfb 11x4MB) SWAP 53/1982MB (cached 0MB) IRAM 0/252kB(lfb 252kB) CPU [17%@614,10%@614,11%@614,7%@614] EMC_FREQ 1%@1600 GR3D_FREQ 0%@153 APE 25 PLL@25.5C CPU@27.5C PMIC@50C GPU@27C AO@32.5C thermal@27.25C POM_5V_IN 1298/1931 POM_5V_GPU 78/47 POM_5V_CPU 430/602
2025-03-10 17:47:22 RAM 1983/3964MB (lfb 12x4MB) SWAP 53/1982MB (cached 0MB) IRAM 0/252kB(lfb 252kB) CPU [16%@1224,13%@1224,9%@1224,9%@1224] EMC_FREQ 1%@1600 GR3D_FREQ 0%@153 APE 25 PLL@25.5C CPU@27C PMIC@50C GPU@27C AO@32.5C thermal@27C POM_5V_IN 1837/1921 POM_5V_GPU 39/46 POM_5V_CPU 624/604
2025-03-10 17:47:23 RAM 1999/3964MB (lfb 10x4MB) SWAP 53/1982MB (cached 0MB) IRAM 0/252kB(lfb 252kB) CPU [22%@1479,16%@1479,15%@1479,17%@1479] EMC_FREQ 1%@1600 GR3D_FREQ 85%@76 APE 25 PLL@26C CPU@28C PMIC@50C GPU@27C AO@32.5C thermal@27C POM_5V_IN 2373/1962 POM_5V_GPU 155/56 POM_5V_CPU 778/620
2025-03-10 17:47:24 RAM 1990/3964MB (lfb 12x4MB) SWAP 53/1982MB (cached 0MB) IRAM 0/252kB(lfb 252kB) CPU [19%@1479,26%@1479,11%@1479,6%@1479] EMC_FREQ 1%@1600 GR3D_FREQ 0%@76 APE 25 PLL@26.5C CPU@27C PMIC@50C GPU@28.5C AO@32.5C thermal@27.5C POM_5V_IN 2260/1987 POM_5V_GPU 0/51 POM_5V_CPU 779/633
2025-03-10 17:47:25 RAM 2002/3964MB (lfb 11x4MB) SWAP 53/1982MB (cached 0MB) IRAM 0/252kB(lfb 252kB) CPU [14%@1479,14%@1479,25%@1479,16%@1479] EMC_FREQ 1%@1600 GR3D_FREQ 0%@153 APE 25 PLL@26C CPU@27.5C PMIC@50C GPU@27C AO@32.5C thermal@27.5C POM_5V_IN 2451/2023 POM_5V_GPU 38/50 POM_5V_CPU 739/641
2025-03-10 17:47:26 RAM 2004/3964MB (lfb 11x4MB) SWAP 53/1982MB (cached 0MB) IRAM 0/252kB(lfb 252kB) CPU [21%@1479,25%@1479,30%@1479,25%@1479] EMC_FREQ 2%@1600 GR3D_FREQ 0%@153 APE 25 PLL@26C CPU@27.5C PMIC@50C GPU@27C AO@32.5C thermal@27C POM_5V_IN 2108/2029 POM_5V_GPU 39/49 POM_5V_CPU 702/645
2025-03-10 17:47:27 RAM 1994/3964MB (lfb 12x4MB) SWAP 53/1982MB (cached 0MB) IRAM 0/252kB(lfb 252kB) CPU [19%@1036,26%@1036,21%@1036,18%@1036] EMC_FREQ 2%@1600 GR3D_FREQ 0%@153 APE 25 PLL@26.5C CPU@27.5C PMIC@50C GPU@27C AO@33C thermal@27C POM_5V_IN 2412/2054 POM_5V_GPU 155/56 POM_5V_CPU 700/649
2025-03-10 17:47:28 RAM 2008/3964MB (lfb 10x4MB) SWAP 53/1982MB (cached 0MB) IRAM 0/252kB(lfb 252kB) CPU [23%@1479,26%@1479,24%@1479,24%@1479] EMC_FREQ 1%@1600 GR3D_FREQ 0%@153 APE 25 PLL@26C CPU@28C PMIC@50C GPU@27C AO@32.5C thermal@27.25C POM_5V_IN 1955/2048 POM_5V_GPU 39/55 POM_5V_CPU 508/640
2025-03-10 17:47:29 RAM 1996/3964MB (lfb 12x4MB) SWAP 53/1982MB (cached 0MB) IRAM 0/252kB(lfb 252kB) CPU [21%@1224,26%@1224,20%@1224,19%@1224] EMC_FREQ 1%@1600 GR3D_FREQ 87%@384 APE 25 PLL@26C CPU@27.5C PMIC@50C GPU@27C AO@32.5C thermal@27C POM_5V_IN 2334/2065 POM_5V_GPU 194/63 POM_5V_CPU 623/639
2025-03-10 17:47:30 RAM 2004/3964MB (lfb 12x4MB) SWAP 53/1982MB (cached 0MB) IRAM 0/252kB(lfb 252kB) CPU [24%@921,23%@921,21%@921,20%@921] EMC_FREQ 1%@1600 GR3D_FREQ 0%@76 APE 25 PLL@26C CPU@27.5C PMIC@50C GPU@28C AO@32.5C thermal@27.25C POM_5V_IN 1801/2050 POM_5V_GPU 0/60 POM_5V_CPU 586/636
2025-03-10 17:47:31 RAM 2015/3964MB (lfb 10x4MB) SWAP 53/1982MB (cached 0MB) IRAM 0/252kB(lfb 252kB) CPU [22%@825,23%@825,22%@825,20%@825] EMC_FREQ 1%@1600 GR3D_FREQ 0%@153 APE 25 PLL@26C CPU@27.5C PMIC@50C GPU@27C AO@32.5C thermal@27C POM_5V_IN 1801/2037 POM_5V_GPU 39/59 POM_5V_CPU 430/625
2025-03-10 17:47:32 RAM 2003/3964MB (lfb 12x4MB) SWAP 53/1982MB (cached 0MB) IRAM 0/252kB(lfb 252kB) CPU [24%@403,27%@403,24%@403,25%@403] EMC_FREQ 12%@204 GR3D_FREQ 0%@153 APE 25 PLL@26C CPU@27.5C PMIC@50C GPU@27C AO@32.5C thermal@27.25C POM_5V_IN 1645/2017 POM_5V_GPU 39/58 POM_5V_CPU 1048/646
2025-03-10 17:47:33 RAM 2014/3964MB (lfb 11x4MB) SWAP 53/1982MB (cached 0MB) IRAM 0/252kB(lfb 252kB) CPU [25%@1479,24%@1479,22%@1479,19%@1479] EMC_FREQ 1%@1600 GR3D_FREQ 0%@153 APE 25 PLL@26.5C CPU@28C PMIC@50C GPU@27C AO@33C thermal@27.25C POM_5V_IN 2260/2029 POM_5V_GPU 77/59 POM_5V_CPU 779/653
2025-03-10 17:47:34 RAM 2013/3964MB (lfb 11x4MB) SWAP 53/1982MB (cached 0MB) IRAM 0/252kB(lfb 252kB) CPU [22%@825,19%@825,20%@825,22%@825] EMC_FREQ 1%@1600 GR3D_FREQ 0%@153 APE 25 PLL@26C CPU@27.5C PMIC@50C GPU@27C AO@32.5C thermal@27.25C POM_5V_IN 2108/2032 POM_5V_GPU 39/58 POM_5V_CPU 663/653
2025-03-10 17:47:35 RAM 2002/3964MB (lfb 12x4MB) SWAP 53/1982MB (cached 0MB) IRAM 0/252kB(lfb 252kB) CPU [26%@1479,27%@1479,21%@1479,21%@1479] EMC_FREQ 1%@1600 GR3D_FREQ 0%@76 APE 25 PLL@26.5C CPU@28C PMIC@50C GPU@27C AO@33C thermal@27.25C POM_5V_IN 2641/2059 POM_5V_GPU 116/60 POM_5V_CPU 1048/670
2025-03-10 17:47:36 RAM 2014/3964MB (lfb 10x4MB) SWAP 53/1982MB (cached 0MB) IRAM 0/252kB(lfb 252kB) CPU [38%@1132,34%@1132,37%@1132,36%@1132] EMC_FREQ 1%@1600 GR3D_FREQ 0%@76 APE 25 PLL@26.5C CPU@27.5C PMIC@50C GPU@28.5C AO@33C thermal@27.25C POM_5V_IN 2451/2075 POM_5V_GPU 0/58 POM_5V_CPU 933/681
2025-03-10 17:47:37 RAM 2008/3964MB (lfb 12x4MB) SWAP 53/1982MB (cached 0MB) IRAM 0/252kB(lfb 252kB) CPU [26%@1479,27%@1479,24%@1479,23%@1479] EMC_FREQ 1%@1600 GR3D_FREQ 0%@153 APE 25 PLL@26.5C CPU@28C PMIC@50C GPU@27.5C AO@32.5C thermal@27.5C POM_5V_IN 2714/2101 POM_5V_GPU 38/57 POM_5V_CPU 1124/699
2025-03-10 17:47:38 RAM 2020/3964MB (lfb 10x4MB) SWAP 53/1982MB (cached 0MB) IRAM 0/252kB(lfb 252kB) CPU [36%@1479,35%@1479,32%@1479,33%@1479] EMC_FREQ 1%@1600 GR3D_FREQ 0%@153 APE 25 PLL@27C CPU@28.5C PMIC@50C GPU@27.5C AO@32.5C thermal@28C POM_5V_IN 2981/2135 POM_5V_GPU 38/56 POM_5V_CPU 1432/727
2025-03-10 17:47:39 RAM 2019/3964MB (lfb 10x4MB) SWAP 53/1982MB (cached 0MB) IRAM 0/252kB(lfb 252kB) CPU [27%@1479,29%@1479,26%@1479,24%@1479] EMC_FREQ 1%@1600 GR3D_FREQ 0%@153 APE 25 PLL@26.5C CPU@28C PMIC@50C GPU@27.5C AO@32.5C thermal@28C POM_5V_IN 2338/2142 POM_5V_GPU 77/57 POM_5V_CPU 857/732
2025-03-10 17:47:40 RAM 2007/3964MB (lfb 12x4MB) SWAP 53/1982MB (cached 0MB) IRAM 0/252kB(lfb 252kB) CPU [25%@307,22%@307,20%@307,22%@307] EMC_FREQ 12%@204 GR3D_FREQ 0%@153 APE 25 PLL@26C CPU@27.5C PMIC@50C GPU@27.5C AO@33C thermal@27.25C POM_5V_IN 1837/2131 POM_5V_GPU 39/56 POM_5V_CPU 470/722
2025-03-10 17:47:41 RAM 2020/3964MB (lfb 10x4MB) SWAP 53/1982MB (cached 0MB) IRAM 0/252kB(lfb 252kB) CPU [23%@403,30%@403,22%@403,23%@403] EMC_FREQ 13%@204 GR3D_FREQ 0%@153 APE 25 PLL@26C CPU@28C PMIC@50C GPU@27.5C AO@33C thermal@27.5C POM_5V_IN 1952/2125 POM_5V_GPU 78/57 POM_5V_CPU 662/720
2025-03-10 17:47:42 RAM 2009/3964MB (lfb 12x4MB) SWAP 53/1982MB (cached 0MB) IRAM 0/252kB(lfb 252kB) CPU [32%@1479,31%@1479,29%@1479,28%@1479] EMC_FREQ 1%@1600 GR3D_FREQ 0%@76 APE 25 PLL@26C CPU@27.5C PMIC@50C GPU@28C AO@32.5C thermal@27.75C POM_5V_IN 2525/2138 POM_5V_GPU 0/55 POM_5V_CPU 1204/736
2025-03-10 17:47:43 RAM 2020/3964MB (lfb 11x4MB) SWAP 53/1982MB (cached 0MB) IRAM 0/252kB(lfb 252kB) CPU [35%@1479,35%@1479,34%@1479,34%@1479] EMC_FREQ 1%@1600 GR3D_FREQ 0%@76 APE 25 PLL@26.5C CPU@28C PMIC@50C GPU@27.5C AO@33.5C thermal@28C POM_5V_IN 2792/2159 POM_5V_GPU 38/55 POM_5V_CPU 1318/755
2025-03-10 17:47:44 RAM 2019/3964MB (lfb 11x4MB) SWAP 53/1982MB (cached 0MB) IRAM 0/252kB(lfb 252kB) CPU [34%@1479,32%@1479,35%@1479,34%@1479] EMC_FREQ 1%@1600 GR3D_FREQ 0%@76 APE 25 PLL@26.5C CPU@28C PMIC@50C GPU@27.5C AO@33C thermal@28C POM_5V_IN 2865/2181 POM_5V_GPU 38/54 POM_5V_CPU 1316/773
2025-03-10 17:47:45 RAM 1942/3964MB (lfb 18x4MB) SWAP 53/1982MB (cached 0MB) IRAM 0/252kB(lfb 252kB) CPU [33%@307,28%@307,28%@307,24%@307] EMC_FREQ 16%@204 GR3D_FREQ 0%@153 APE 25 PLL@26.5C CPU@28C PMIC@50C GPU@27.5C AO@33C thermal@28C POM_5V_IN 1569/2163 POM_5V_GPU 39/54 POM_5V_CPU 314/759
2025-03-10 17:47:46 RAM 1942/3964MB (lfb 18x4MB) SWAP 53/1982MB (cached 0MB) IRAM 0/252kB(lfb 252kB) CPU [17%@825,20%@825,14%@825,16%@825] EMC_FREQ 2%@1600 GR3D_FREQ 90%@153 APE 25 PLL@26C CPU@28C PMIC@50C GPU@27C AO@33C thermal@27.75C POM_5V_IN 1723/2150 POM_5V_GPU 195/58 POM_5V_CPU 391/748
2025-03-10 17:47:47 RAM 1954/3964MB (lfb 17x4MB) SWAP 53/1982MB (cached 0MB) IRAM 0/252kB(lfb 252kB) CPU [11%@403,12%@307,7%@307,9%@307] EMC_FREQ 13%@204 GR3D_FREQ 0%@153 APE 25 PLL@26C CPU@27.5C PMIC@50C GPU@27C AO@32.5C thermal@27.25C POM_5V_IN 1647/2135 POM_5V_GPU 39/57 POM_5V_CPU 353/737
2025-03-10 17:47:48 RAM 1943/3964MB (lfb 18x4MB) SWAP 53/1982MB (cached 0MB) IRAM 0/252kB(lfb 252kB) CPU [15%@307,12%@307,7%@307,7%@307] EMC_FREQ 11%@204 GR3D_FREQ 41%@76 APE 25 PLL@26C CPU@27.5C PMIC@50C GPU@27C AO@32.5C thermal@27.5C POM_5V_IN 1686/2123 POM_5V_GPU 156/60 POM_5V_CPU 274/724
2025-03-10 17:47:49 RAM 1943/3964MB (lfb 18x4MB) SWAP 53/1982MB (cached 0MB) IRAM 0/252kB(lfb 252kB) CPU [18%@204,6%@204,8%@204,5%@204] EMC_FREQ 10%@204 GR3D_FREQ 0%@153 APE 25 PLL@26C CPU@27.5C PMIC@50C GPU@27C AO@32.5C thermal@27.5C POM_5V_IN 1414/2104 POM_5V_GPU 39/59 POM_5V_CPU 275/712
2025-03-10 17:47:50 RAM 1949/3964MB (lfb 17x4MB) SWAP 53/1982MB (cached 0MB) IRAM 0/252kB(lfb 252kB) CPU [14%@710,14%@710,6%@710,9%@710] EMC_FREQ 1%@1600 GR3D_FREQ 0%@153 APE 25 PLL@26C CPU@27.5C PMIC@50C GPU@27.5C AO@32.5C thermal@27C POM_5V_IN 2182/2106 POM_5V_GPU 38/59 POM_5V_CPU 389/703
2025-03-10 17:47:51 RAM 1942/3964MB (lfb 18x4MB) SWAP 53/1982MB (cached 0MB) IRAM 0/252kB(lfb 252kB) CPU [13%@204,12%@204,9%@204,8%@204] EMC_FREQ 9%@204 GR3D_FREQ 0%@153 APE 25 PLL@26C CPU@27.5C PMIC@50C GPU@27C AO@32.5C thermal@27.25C POM_5V_IN 1259/2084 POM_5V_GPU 39/58 POM_5V_CPU 275/692
2025-03-10 17:47:52 RAM 1957/3964MB (lfb 16x4MB) SWAP 53/1982MB (cached 0MB) IRAM 0/252kB(lfb 252kB) CPU [17%@204,6%@204,8%@204,9%@204] EMC_FREQ 9%@204 GR3D_FREQ 0%@153 APE 25 PLL@26C CPU@27.5C PMIC@50C GPU@27.5C AO@33C thermal@27.75C POM_5V_IN 1220/2063 POM_5V_GPU 78/59 POM_5V_CPU 236/681
2025-03-10 17:47:53 RAM 1944/3964MB (lfb 18x4MB) SWAP 53/1982MB (cached 0MB) IRAM 0/252kB(lfb 252kB) CPU [14%@204,6%@204,3%@204,4%@204] EMC_FREQ 8%@204 GR3D_FREQ 0%@76 APE 25 PLL@25.5C CPU@27.5C PMIC@50C GPU@27.5C AO@32.5C thermal@27.5C POM_5V_IN 1141/2040 POM_5V_GPU 39/58 POM_5V_CPU 196/669
2025-03-10 17:47:54 RAM 1943/3964MB (lfb 18x4MB) SWAP 53/1982MB (cached 0MB) IRAM 0/252kB(lfb 252kB) CPU [15%@307,6%@307,9%@307,5%@307] EMC_FREQ 8%@204 GR3D_FREQ 0%@153 APE 25 PLL@26C CPU@27.5C PMIC@50C GPU@27.5C AO@32.5C thermal@27.75C POM_5V_IN 1220/2020 POM_5V_GPU 78/59 POM_5V_CPU 236/659
2025-03-10 17:47:55 RAM 1959/3964MB (lfb 16x4MB) SWAP 53/1982MB (cached 0MB) IRAM 0/252kB(lfb 252kB) CPU [16%@1479,13%@1479,9%@1479,9%@1479] EMC_FREQ 1%@1600 GR3D_FREQ 0%@76 APE 25 PLL@26C CPU@28C PMIC@50C GPU@27C AO@32.5C thermal@27.75C POM_5V_IN 2412/2030 POM_5V_GPU 38/58 POM_5V_CPU 699/659
2025-03-10 17:47:56 RAM 1943/3964MB (lfb 18x4MB) SWAP 53/1982MB (cached 0MB) IRAM 0/252kB(lfb 252kB) CPU [17%@102,13%@102,14%@102,8%@102] EMC_FREQ 10%@204 GR3D_FREQ 0%@76 APE 25 PLL@26C CPU@27C PMIC@50C GPU@28C AO@32.5C thermal@27.75C POM_5V_IN 1103/2009 POM_5V_GPU 0/57 POM_5V_CPU 236/650
2025-03-10 17:47:57 RAM 1944/3964MB (lfb 18x4MB) SWAP 53/1982MB (cached 0MB) IRAM 0/252kB(lfb 252kB) CPU [13%@102,14%@204,6%@204,9%@204] EMC_FREQ 9%@204 GR3D_FREQ 0%@153 APE 25 PLL@26C CPU@27C PMIC@50C GPU@27.5C AO@32.5C thermal@27.75C POM_5V_IN 1143/1989 POM_5V_GPU 39/56 POM_5V_CPU 236/641
2025-03-10 17:47:58 RAM 1953/3964MB (lfb 17x4MB) SWAP 53/1982MB (cached 0MB) IRAM 0/252kB(lfb 252kB) CPU [15%@102,7%@102,12%@204,8%@204] EMC_FREQ 9%@204 GR3D_FREQ 0%@153 APE 25 PLL@25.5C CPU@27C PMIC@50C GPU@27C AO@32.5C thermal@27C POM_5V_IN 1143/1971 POM_5V_GPU 39/56 POM_5V_CPU 275/633
2025-03-10 17:47:59 RAM 1943/3964MB (lfb 18x4MB) SWAP 53/1982MB (cached 0MB) IRAM 0/252kB(lfb 252kB) CPU [13%@518,6%@518,8%@518,8%@518] EMC_FREQ 1%@1600 GR3D_FREQ 0%@153 APE 25 PLL@26C CPU@27.5C PMIC@50C GPU@27C AO@33C thermal@27.25C POM_5V_IN 1375/1958 POM_5V_GPU 78/56 POM_5V_CPU 353/627
2025-03-10 17:48:00 RAM 1943/3964MB (lfb 18x4MB) SWAP 53/1982MB (cached 0MB) IRAM 0/252kB(lfb 252kB) CPU [14%@921,15%@921,10%@921,7%@921] EMC_FREQ 1%@1600 GR3D_FREQ 0%@230 APE 25 PLL@26C CPU@28C PMIC@50C GPU@27C AO@32.5C thermal@27.25C POM_5V_IN 1686/1952 POM_5V_GPU 39/56 POM_5V_CPU 430/623
2025-03-10 17:48:01 RAM 1955/3964MB (lfb 16x4MB) SWAP 53/1982MB (cached 0MB) IRAM 0/252kB(lfb 252kB) CPU [14%@518,6%@518,6%@518,13%@518] EMC_FREQ 1%@1600 GR3D_FREQ 0%@153 APE 25 PLL@26.5C CPU@27.5C PMIC@50C GPU@27C AO@32.5C thermal@27C POM_5V_IN 2069/1955 POM_5V_GPU 156/58 POM_5V_CPU 507/620
2025-03-10 17:48:02 RAM 1945/3964MB (lfb 18x4MB) SWAP 53/1982MB (cached 0MB) IRAM 0/252kB(lfb 252kB) CPU [11%@204,8%@204,8%@204,7%@204] EMC_FREQ 9%@204 GR3D_FREQ 0%@153 APE 25 PLL@26C CPU@27.5C PMIC@50C GPU@27C AO@33C thermal@26.75C POM_5V_IN 1493/1946 POM_5V_GPU 39/58 POM_5V_CPU 314/614
2025-03-10 17:48:03 RAM 1944/3964MB (lfb 18x4MB) SWAP 53/1982MB (cached 0MB) IRAM 0/252kB(lfb 252kB) CPU [11%@307,11%@307,5%@307,9%@307] EMC_FREQ 9%@204 GR3D_FREQ 0%@153 APE 25 PLL@26C CPU@27.5C PMIC@50C GPU@26.5C AO@32.5C thermal@27.25C POM_5V_IN 1530/1937 POM_5V_GPU 39/57 POM_5V_CPU 314/608
2025-03-10 17:48:04 RAM 1950/3964MB (lfb 17x4MB) SWAP 53/1982MB (cached 0MB) IRAM 0/252kB(lfb 252kB) CPU [16%@1326,9%@1326,5%@1326,7%@1326] EMC_FREQ 1%@1600 GR3D_FREQ 0%@153 APE 25 PLL@26C CPU@27C PMIC@50C GPU@27C AO@32.5C thermal@27.25C POM_5V_IN 1645/1932 POM_5V_GPU 39/57 POM_5V_CPU 470/606
2025-03-10 17:48:05 RAM 1943/3964MB (lfb 18x4MB) SWAP 53/1982MB (cached 0MB) IRAM 0/252kB(lfb 252kB) CPU [13%@204,11%@204,9%@204,7%@204] EMC_FREQ 1%@1600 GR3D_FREQ 0%@153 APE 25 PLL@26C CPU@27C PMIC@50C GPU@27C AO@32.5C thermal@27.25C POM_5V_IN 1530/1924 POM_5V_GPU 78/57 POM_5V_CPU 274/599
2025-03-10 17:48:06 RAM 1955/3964MB (lfb 15x4MB) SWAP 53/1982MB (cached 0MB) IRAM 0/252kB(lfb 252kB) CPU [16%@204,13%@204,12%@204,13%@204] EMC_FREQ 10%@204 GR3D_FREQ 0%@153 APE 25 PLL@26C CPU@27.5C PMIC@50C GPU@27C AO@32.5C thermal@27.25C POM_5V_IN 1259/1912 POM_5V_GPU 39/57 POM_5V_CPU 236/593
2025-03-10 17:48:07 RAM 1945/3964MB (lfb 18x4MB) SWAP 53/1982MB (cached 0MB) IRAM 0/252kB(lfb 252kB) CPU [16%@102,9%@102,9%@204,7%@204] EMC_FREQ 9%@204 GR3D_FREQ 0%@153 APE 25 PLL@26C CPU@27C PMIC@50C GPU@27C AO@32.5C thermal@27C POM_5V_IN 1220/1899 POM_5V_GPU 39/57 POM_5V_CPU 196/585
2025-03-10 17:48:09 RAM 1944/3964MB (lfb 18x4MB) SWAP 53/1982MB (cached 0MB) IRAM 0/252kB(lfb 252kB) CPU [14%@403,12%@403,6%@403,11%@403] EMC_FREQ 8%@204 GR3D_FREQ 97%@153 APE 25 PLL@25.5C CPU@27.5C PMIC@50C GPU@27C AO@32.5C thermal@27C POM_5V_IN 1530/1893 POM_5V_GPU 156/58 POM_5V_CPU 274/580
2025-03-10 17:48:10 RAM 1955/3964MB (lfb 16x4MB) SWAP 53/1982MB (cached 0MB) IRAM 0/252kB(lfb 252kB) CPU [12%@204,11%@204,4%@204,8%@307] EMC_FREQ 8%@204 GR3D_FREQ 0%@153 APE 25 PLL@26C CPU@27C PMIC@50C GPU@27C AO@32.5C thermal@27.25C POM_5V_IN 1180/1880 POM_5V_GPU 39/58 POM_5V_CPU 236/574
2025-03-10 17:48:11 RAM 1943/3964MB (lfb 18x4MB) SWAP 53/1982MB (cached 0MB) IRAM 0/252kB(lfb 252kB) CPU [12%@204,14%@204,4%@204,6%@204] EMC_FREQ 8%@204 GR3D_FREQ 0%@153 APE 25 PLL@26C CPU@27C PMIC@50C GPU@27C AO@32.5C thermal@27.5C POM_5V_IN 1143/1867 POM_5V_GPU 39/58 POM_5V_CPU 197/567
2025-03-10 17:48:12 RAM 1936/3964MB (lfb 19x4MB) SWAP 53/1982MB (cached 0MB) IRAM 0/252kB(lfb 252kB) CPU [12%@204,17%@204,7%@204,9%@204] EMC_FREQ 8%@204 GR3D_FREQ 0%@153 APE 25 PLL@25.5C CPU@27C PMIC@50C GPU@27C AO@32.5C thermal@27C POM_5V_IN 1103/1855 POM_5V_GPU 39/57 POM_5V_CPU 196/561
2025-03-10 17:48:13 RAM 1947/3964MB (lfb 18x4MB) SWAP 53/1982MB (cached 0MB) IRAM 0/252kB(lfb 252kB) CPU [18%@204,11%@204,5%@204,7%@204] EMC_FREQ 9%@204 GR3D_FREQ 0%@153 APE 25 PLL@26C CPU@27.5C PMIC@50C GPU@27C AO@33C thermal@27.25C POM_5V_IN 1180/1843 POM_5V_GPU 78/58 POM_5V_CPU 236/555
2025-03-10 17:48:14 RAM 1937/3964MB (lfb 19x4MB) SWAP 53/1982MB (cached 0MB) IRAM 0/252kB(lfb 252kB) CPU [12%@204,9%@307,7%@307,4%@307] EMC_FREQ 7%@204 GR3D_FREQ 0%@153 APE 25 PLL@25.5C CPU@27C PMIC@50C GPU@27C AO@32.5C thermal@27.25C POM_5V_IN 1103/1831 POM_5V_GPU 39/57 POM_5V_CPU 236/550
2025-03-10 17:48:15 RAM 1936/3964MB (lfb 19x4MB) SWAP 53/1982MB (cached 0MB) IRAM 0/252kB(lfb 252kB) CPU [12%@204,9%@204,3%@204,11%@204] EMC_FREQ 8%@204 GR3D_FREQ 0%@153 APE 25 PLL@26C CPU@27.5C PMIC@50C GPU@27C AO@33C thermal@27.25C POM_5V_IN 1143/1820 POM_5V_GPU 39/57 POM_5V_CPU 196/545
2025-03-10 17:48:16 RAM 1946/3964MB (lfb 18x4MB) SWAP 53/1982MB (cached 0MB) IRAM 0/252kB(lfb 252kB) CPU [17%@204,8%@204,8%@204,5%@204] EMC_FREQ 8%@204 GR3D_FREQ 60%@153 APE 25 PLL@26C CPU@27.5C PMIC@50C GPU@27.5C AO@32.5C thermal@27.25C POM_5V_IN 1686/1818 POM_5V_GPU 156/59 POM_5V_CPU 313/541
2025-03-10 17:48:17 RAM 1937/3964MB (lfb 19x4MB) SWAP 53/1982MB (cached 0MB) IRAM 0/252kB(lfb 252kB) CPU [17%@102,16%@204,10%@204,12%@204] EMC_FREQ 9%@204 GR3D_FREQ 0%@153 APE 25 PLL@25.5C CPU@27.5C PMIC@50C GPU@27C AO@33C thermal@27.5C POM_5V_IN 1103/1807 POM_5V_GPU 39/58 POM_5V_CPU 196/535
2025-03-10 17:48:18 RAM 1937/3964MB (lfb 19x4MB) SWAP 53/1982MB (cached 0MB) IRAM 0/252kB(lfb 252kB) CPU [10%@204,17%@204,11%@204,5%@204] EMC_FREQ 9%@204 GR3D_FREQ 0%@230 APE 25 PLL@25.5C CPU@27.5C PMIC@50C GPU@27C AO@32.5C thermal@27C POM_5V_IN 1182/1797 POM_5V_GPU 39/58 POM_5V_CPU 236/531
2025-03-10 17:48:19 RAM 1946/3964MB (lfb 18x4MB) SWAP 53/1982MB (cached 0MB) IRAM 0/252kB(lfb 252kB) CPU [13%@403,11%@403,11%@403,9%@403] EMC_FREQ 1%@1600 GR3D_FREQ 0%@230 APE 25 PLL@26C CPU@27C PMIC@50C GPU@27.5C AO@33C thermal@27.25C POM_5V_IN 1876/1798 POM_5V_GPU 39/58 POM_5V_CPU 430/529
2025-03-10 17:48:20 RAM 1936/3964MB (lfb 19x4MB) SWAP 53/1982MB (cached 0MB) IRAM 0/252kB(lfb 252kB) CPU [9%@204,10%@204,4%@204,8%@204] EMC_FREQ 8%@204 GR3D_FREQ 0%@230 APE 25 PLL@25.5C CPU@27C PMIC@50C GPU@27C AO@33C thermal@27C POM_5V_IN 1143/1788 POM_5V_GPU 39/58 POM_5V_CPU 236/525
2025-03-10 17:48:21 RAM 1936/3964MB (lfb 19x4MB) SWAP 53/1982MB (cached 0MB) IRAM 0/252kB(lfb 252kB) CPU [12%@204,8%@204,6%@307,8%@307] EMC_FREQ 7%@204 GR3D_FREQ 0%@153 APE 25 PLL@25.5C CPU@27C PMIC@50C GPU@27C AO@32.5C thermal@26.75C POM_5V_IN 1220/1780 POM_5V_GPU 39/57 POM_5V_CPU 314/522
2025-03-10 17:48:22 RAM 1944/3964MB (lfb 18x4MB) SWAP 53/1982MB (cached 0MB) IRAM 0/252kB(lfb 252kB) CPU [12%@307,7%@307,7%@307,7%@307] EMC_FREQ 7%@204 GR3D_FREQ 0%@230 APE 25 PLL@26C CPU@27.5C PMIC@50C GPU@27.5C AO@32.5C thermal@26.75C POM_5V_IN 1801/1780 POM_5V_GPU 78/58 POM_5V_CPU 469/521
2025-03-10 17:48:23 RAM 1937/3964MB (lfb 19x4MB) SWAP 53/1982MB (cached 0MB) IRAM 0/252kB(lfb 252kB) CPU [15%@307,6%@307,7%@307,7%@307] EMC_FREQ 7%@204 GR3D_FREQ 69%@230 APE 25 PLL@26C CPU@27.5C PMIC@50C GPU@27.5C AO@32.5C thermal@27.5C POM_5V_IN 1608/1778 POM_5V_GPU 156/59 POM_5V_CPU 274/517
2025-03-10 17:48:24 RAM 1946/3964MB (lfb 18x4MB) SWAP 53/1982MB (cached 0MB) IRAM 0/252kB(lfb 252kB) CPU [14%@204,7%@204,7%@204,7%@204] EMC_FREQ 7%@204 GR3D_FREQ 0%@230 APE 25 PLL@26C CPU@27.5C PMIC@50C GPU@27C AO@32.5C thermal@27C POM_5V_IN 1220/1770 POM_5V_GPU 39/59 POM_5V_CPU 236/514
2025-03-10 17:48:25 RAM 1936/3964MB (lfb 19x4MB) SWAP 53/1982MB (cached 0MB) IRAM 0/252kB(lfb 252kB) CPU [10%@204,5%@204,5%@204,2%@204] EMC_FREQ 7%@204 GR3D_FREQ 0%@230 APE 25 PLL@25.5C CPU@27.5C PMIC@50C GPU@27C AO@32.5C thermal@27.25C POM_5V_IN 1103/1761 POM_5V_GPU 39/58 POM_5V_CPU 236/510
2025-03-10 17:48:26 RAM 1936/3964MB (lfb 19x4MB) SWAP 53/1982MB (cached 0MB) IRAM 0/252kB(lfb 252kB) CPU [13%@307,9%@307,11%@307,7%@307] EMC_FREQ 7%@204 GR3D_FREQ 0%@230 APE 25 PLL@26C CPU@27C PMIC@50C GPU@27.5C AO@32.5C thermal@27.25C POM_5V_IN 1141/1752 POM_5V_GPU 39/58 POM_5V_CPU 196/505
2025-03-10 17:48:27 RAM 1947/3964MB (lfb 18x4MB) SWAP 53/1982MB (cached 0MB) IRAM 0/252kB(lfb 252kB) CPU [23%@102,11%@102,13%@102,13%@102] EMC_FREQ 10%@204 GR3D_FREQ 0%@230 APE 25 PLL@25.5C CPU@27.5C PMIC@50C GPU@27C AO@32.5C thermal@27.75C POM_5V_IN 1180/1745 POM_5V_GPU 78/58 POM_5V_CPU 196/501
2025-03-10 17:48:28 RAM 1937/3964MB (lfb 19x4MB) SWAP 53/1982MB (cached 0MB) IRAM 0/252kB(lfb 252kB) CPU [15%@204,5%@204,6%@204,12%@204] EMC_FREQ 8%@204 GR3D_FREQ 0%@230 APE 25 PLL@25C CPU@27C PMIC@50C GPU@27C AO@32.5C thermal@27.25C POM_5V_IN 1143/1737 POM_5V_GPU 39/58 POM_5V_CPU 196/497
2025-03-10 17:48:29 RAM 1936/3964MB (lfb 19x4MB) SWAP 53/1982MB (cached 0MB) IRAM 0/252kB(lfb 252kB) CPU [13%@204,7%@204,10%@204,7%@204] EMC_FREQ 8%@204 GR3D_FREQ 0%@230 APE 25 PLL@25.5C CPU@27C PMIC@50C GPU@27.5C AO@32.5C thermal@27.5C POM_5V_IN 1143/1729 POM_5V_GPU 39/58 POM_5V_CPU 196/493
2025-03-10 17:48:30 RAM 1948/3964MB (lfb 17x4MB) SWAP 53/1982MB (cached 0MB) IRAM 0/252kB(lfb 252kB) CPU [9%@1428,8%@1428,5%@1428,8%@1428] EMC_FREQ 1%@1600 GR3D_FREQ 0%@76 APE 25 PLL@25.5C CPU@27.5C PMIC@50C GPU@27.5C AO@32.5C thermal@27.25C POM_5V_IN 1259/1723 POM_5V_GPU 39/58 POM_5V_CPU 353/491
2025-03-10 17:48:31 RAM 1936/3964MB (lfb 19x4MB) SWAP 53/1982MB (cached 0MB) IRAM 0/252kB(lfb 252kB) CPU [13%@102,8%@102,10%@102,2%@102] EMC_FREQ 7%@204 GR3D_FREQ 0%@76 APE 25 PLL@25.5C CPU@27C PMIC@50C GPU@27.5C AO@33C thermal@27.25C POM_5V_IN 1143/1715 POM_5V_GPU 0/57 POM_5V_CPU 197/488
2025-03-10 17:48:32 RAM 1937/3964MB (lfb 19x4MB) SWAP 53/1982MB (cached 0MB) IRAM 0/252kB(lfb 252kB) CPU [19%@204,9%@204,4%@204,10%@204] EMC_FREQ 8%@204 GR3D_FREQ 0%@76 APE 25 PLL@25.5C CPU@27C PMIC@50C GPU@27.5C AO@32.5C thermal@27.25C POM_5V_IN 1143/1708 POM_5V_GPU 39/57 POM_5V_CPU 196/484
2025-03-10 17:48:33 RAM 1947/3964MB (lfb 17x4MB) SWAP 53/1982MB (cached 0MB) IRAM 0/252kB(lfb 252kB) CPU [15%@204,8%@204,8%@204,4%@204] EMC_FREQ 8%@204 GR3D_FREQ 0%@76 APE 25 PLL@25.5C CPU@27.5C PMIC@50C GPU@27C AO@32.5C thermal@27.25C POM_5V_IN 1414/1704 POM_5V_GPU 39/56 POM_5V_CPU 314/482
2025-03-10 17:48:34 RAM 1935/3964MB (lfb 19x4MB) SWAP 53/1982MB (cached 0MB) IRAM 0/252kB(lfb 252kB) CPU [14%@102,7%@204,7%@204,2%@204] EMC_FREQ 8%@204 GR3D_FREQ 0%@76 APE 25 PLL@25.5C CPU@27.5C PMIC@50C GPU@26.5C AO@32.5C thermal@27C POM_5V_IN 1220/1698 POM_5V_GPU 78/57 POM_5V_CPU 196/478
2025-03-10 17:48:35 RAM 1934/3964MB (lfb 19x4MB) SWAP 53/1982MB (cached 0MB) IRAM 0/252kB(lfb 252kB) CPU [12%@204,5%@204,6%@204,8%@204] EMC_FREQ 7%@204 GR3D_FREQ 0%@76 APE 25 PLL@25.5C CPU@27.5C PMIC@50C GPU@27C AO@32.5C thermal@27C POM_5V_IN 1298/1693 POM_5V_GPU 39/56 POM_5V_CPU 275/476
2025-03-10 17:48:36 RAM 1943/3964MB (lfb 18x4MB) SWAP 53/1982MB (cached 0MB) IRAM 0/252kB(lfb 252kB) CPU [12%@1479,7%@1479,7%@1479,2%@1479] EMC_FREQ 0%@1600 GR3D_FREQ 0%@153 APE 25 PLL@26C CPU@28C PMIC@50C GPU@27.5C AO@32.5C thermal@27.25C POM_5V_IN 1608/1692 POM_5V_GPU 117/57 POM_5V_CPU 509/476
2025-03-10 17:48:37 RAM 1937/3964MB (lfb 19x4MB) SWAP 53/1982MB (cached 0MB) IRAM 0/252kB(lfb 252kB) CPU [17%@204,12%@204,17%@204,9%@204] EMC_FREQ 9%@204 GR3D_FREQ 0%@153 APE 25 PLL@25.5C CPU@27.5C PMIC@50C GPU@27C AO@32.5C thermal@27.5C POM_5V_IN 1103/1685 POM_5V_GPU 39/57 POM_5V_CPU 197/473
2025-03-10 17:48:38 RAM 1949/3964MB (lfb 17x4MB) SWAP 53/1982MB (cached 0MB) IRAM 0/252kB(lfb 252kB) CPU [14%@1428,8%@1428,11%@1428,8%@1428] EMC_FREQ 9%@204 GR3D_FREQ 0%@76 APE 25 PLL@25.5C CPU@27.5C PMIC@50C GPU@27C AO@32.5C thermal@27.25C POM_5V_IN 1336/1681 POM_5V_GPU 78/57 POM_5V_CPU 353/471
2025-03-10 17:48:39 RAM 1935/3964MB (lfb 19x4MB) SWAP 53/1982MB (cached 0MB) IRAM 0/252kB(lfb 252kB) CPU [15%@204,4%@204,5%@204,6%@204] EMC_FREQ 8%@204 GR3D_FREQ 0%@76 APE 25 PLL@25.5C CPU@27.5C PMIC@50C GPU@27.5C AO@32.5C thermal@27.25C POM_5V_IN 1103/1674 POM_5V_GPU 39/57 POM_5V_CPU 236/469
2025-03-10 17:48:40 RAM 1935/3964MB (lfb 19x4MB) SWAP 53/1982MB (cached 0MB) IRAM 0/252kB(lfb 252kB) CPU [14%@204,9%@307,6%@307,5%@307] EMC_FREQ 8%@204 GR3D_FREQ 0%@76 APE 25 PLL@26C CPU@28C PMIC@50C GPU@27C AO@32.5C thermal@27.5C POM_5V_IN 1141/1668 POM_5V_GPU 39/57 POM_5V_CPU 236/466
2025-03-10 17:48:41 RAM 1944/3964MB (lfb 18x4MB) SWAP 53/1982MB (cached 0MB) IRAM 0/252kB(lfb 252kB) CPU [16%@307,7%@307,9%@307,5%@307] EMC_FREQ 8%@204 GR3D_FREQ 0%@153 APE 25 PLL@26C CPU@27.5C PMIC@50C GPU@27C AO@32.5C thermal@27.25C POM_5V_IN 1453/1666 POM_5V_GPU 117/57 POM_5V_CPU 274/464
2025-03-10 17:48:43 RAM 1936/3964MB (lfb 19x4MB) SWAP 53/1982MB (cached 0MB) IRAM 0/252kB(lfb 252kB) CPU [15%@204,6%@204,9%@204,3%@204] EMC_FREQ 7%@204 GR3D_FREQ 0%@153 APE 25 PLL@26C CPU@27C PMIC@50C GPU@27.5C AO@32.5C thermal@27.25C POM_5V_IN 1141/1660 POM_5V_GPU 39/57 POM_5V_CPU 236/461
2025-03-10 17:48:44 RAM 1936/3964MB (lfb 19x4MB) SWAP 53/1982MB (cached 0MB) IRAM 0/252kB(lfb 252kB) CPU [21%@204,5%@204,7%@204,7%@204] EMC_FREQ 8%@204 GR3D_FREQ 0%@76 APE 25 PLL@26C CPU@27C PMIC@50C GPU@27C AO@32.5C thermal@27.25C POM_5V_IN 1298/1656 POM_5V_GPU 117/58 POM_5V_CPU 235/459
2025-03-10 17:48:45 RAM 1946/3964MB (lfb 17x4MB) SWAP 53/1982MB (cached 0MB) IRAM 0/252kB(lfb 252kB) CPU [14%@204,3%@204,10%@204,4%@204] EMC_FREQ 7%@204 GR3D_FREQ 0%@76 APE 25 PLL@26C CPU@27C PMIC@50C GPU@28C AO@33C thermal@27.5C POM_5V_IN 1064/1649 POM_5V_GPU 0/57 POM_5V_CPU 236/456
2025-03-10 17:48:46 RAM 1935/3964MB (lfb 19x4MB) SWAP 53/1982MB (cached 0MB) IRAM 0/252kB(lfb 252kB) CPU [14%@204,6%@204,7%@204,7%@204] EMC_FREQ 7%@204 GR3D_FREQ 0%@76 APE 25 PLL@25.5C CPU@27.5C PMIC@50C GPU@27C AO@32.5C thermal@27.5C POM_5V_IN 1103/1643 POM_5V_GPU 39/57 POM_5V_CPU 236/454
2025-03-10 17:48:47 RAM 1935/3964MB (lfb 19x4MB) SWAP 53/1982MB (cached 0MB) IRAM 0/252kB(lfb 252kB) CPU [14%@204,6%@204,8%@204,6%@204] EMC_FREQ 7%@204 GR3D_FREQ 0%@76 APE 25 PLL@26C CPU@27.5C PMIC@50C GPU@27.5C AO@32.5C thermal@27.25C POM_5V_IN 1220/1639 POM_5V_GPU 39/57 POM_5V_CPU 236/451
2025-03-10 17:48:48 RAM 1947/3964MB (lfb 18x4MB) SWAP 53/1982MB (cached 0MB) IRAM 0/252kB(lfb 252kB) CPU [20%@307,13%@307,13%@307,15%@307] EMC_FREQ 10%@204 GR3D_FREQ 0%@153 APE 25 PLL@25.5C CPU@27C PMIC@50C GPU@27C AO@32.5C thermal@27.25C POM_5V_IN 1336/1636 POM_5V_GPU 39/57 POM_5V_CPU 275/450
