2025-03-10 18:04:51 RAM 1982/3964MB (lfb 9x4MB) SWAP 53/1982MB (cached 0MB) IRAM 0/252kB(lfb 252kB) CPU [39%@1479,48%@1479,39%@1479,44%@1479] EMC_FREQ 3%@1600 GR3D_FREQ 0%@153 APE 25 PLL@27.5C CPU@29.5C PMIC@50C GPU@28.5C AO@34.5C thermal@29.25C POM_5V_IN 2525/2525 POM_5V_GPU 38/38 POM_5V_CPU 932/932
2025-03-10 18:04:52 RAM 1976/3964MB (lfb 10x4MB) SWAP 53/1982MB (cached 0MB) IRAM 0/252kB(lfb 252kB) CPU [15%@710,17%@710,26%@710,10%@710] EMC_FREQ 3%@1600 GR3D_FREQ 0%@153 APE 25 PLL@27.5C CPU@29C PMIC@50C GPU@28C AO@34C thermal@28.75C POM_5V_IN 2069/2297 POM_5V_GPU 117/77 POM_5V_CPU 546/739
2025-03-10 18:04:53 RAM 1994/3964MB (lfb 7x4MB) SWAP 53/1982MB (cached 0MB) IRAM 0/252kB(lfb 252kB) CPU [29%@1479,11%@1479,14%@1479,16%@1479] EMC_FREQ 2%@1600 GR3D_FREQ 0%@153 APE 25 PLL@27.5C CPU@29C PMIC@50C GPU@28.5C AO@34C thermal@29C POM_5V_IN 2069/2221 POM_5V_GPU 39/64 POM_5V_CPU 663/713
2025-03-10 18:04:54 RAM 1996/3964MB (lfb 7x4MB) SWAP 53/1982MB (cached 0MB) IRAM 0/252kB(lfb 252kB) CPU [32%@307,10%@307,12%@307,15%@307] EMC_FREQ 18%@204 GR3D_FREQ 0%@153 APE 25 PLL@27C CPU@29C PMIC@50C GPU@28C AO@34C thermal@28.5C POM_5V_IN 1876/2134 POM_5V_GPU 39/58 POM_5V_CPU 352/623
2025-03-10 18:04:55 RAM 1986/3964MB (lfb 9x4MB) SWAP 53/1982MB (cached 0MB) IRAM 0/252kB(lfb 252kB) CPU [30%@307,15%@307,18%@307,13%@307] EMC_FREQ 16%@204 GR3D_FREQ 0%@153 APE 25 PLL@27C CPU@29C PMIC@50C GPU@28C AO@34C thermal@28.75C POM_5V_IN 1608/2029 POM_5V_GPU 39/54 POM_5V_CPU 313/561
2025-03-10 18:04:56 RAM 2000/3964MB (lfb 7x4MB) SWAP 53/1982MB (cached 0MB) IRAM 0/252kB(lfb 252kB) CPU [34%@825,13%@710,6%@710,18%@710] EMC_FREQ 16%@204 GR3D_FREQ 0%@153 APE 25 PLL@27.5C CPU@28.5C PMIC@50C GPU@28.5C AO@34C thermal@29C POM_5V_IN 1955/2017 POM_5V_GPU 78/58 POM_5V_CPU 430/539
2025-03-10 18:04:57 RAM 1988/3964MB (lfb 9x4MB) SWAP 53/1982MB (cached 0MB) IRAM 0/252kB(lfb 252kB) CPU [21%@204,19%@204,11%@204,20%@204] EMC_FREQ 14%@204 GR3D_FREQ 0%@153 APE 25 PLL@27.5C CPU@29C PMIC@50C GPU@28.5C AO@34.5C thermal@28.75C POM_5V_IN 1414/1930 POM_5V_GPU 39/55 POM_5V_CPU 392/518
2025-03-10 18:04:58 RAM 1999/3964MB (lfb 8x4MB) SWAP 53/1982MB (cached 0MB) IRAM 0/252kB(lfb 252kB) CPU [22%@1479,17%@1479,19%@1479,20%@1479] EMC_FREQ 1%@1600 GR3D_FREQ 0%@153 APE 25 PLL@27C CPU@28.5C PMIC@50C GPU@28.5C AO@34C thermal@28.75C POM_5V_IN 1991/1938 POM_5V_GPU 78/58 POM_5V_CPU 702/541
2025-03-10 18:04:59 RAM 2000/3964MB (lfb 8x4MB) SWAP 53/1982MB (cached 0MB) IRAM 0/252kB(lfb 252kB) CPU [16%@204,16%@204,9%@204,22%@204] EMC_FREQ 13%@204 GR3D_FREQ 0%@76 APE 25 PLL@27C CPU@28.5C PMIC@50C GPU@29C AO@34C thermal@28.75C POM_5V_IN 1414/1880 POM_5V_GPU 39/56 POM_5V_CPU 275/511
2025-03-10 18:05:00 RAM 2008/3964MB (lfb 6x4MB) SWAP 53/1982MB (cached 0MB) IRAM 0/252kB(lfb 252kB) CPU [20%@1479,22%@1479,13%@1479,13%@1479] EMC_FREQ 2%@1600 GR3D_FREQ 0%@153 APE 25 PLL@27.5C CPU@29.5C PMIC@50C GPU@28.5C AO@34.5C thermal@28.75C POM_5V_IN 3053/1997 POM_5V_GPU 38/54 POM_5V_CPU 1584/618
2025-03-10 18:05:01 RAM 2008/3964MB (lfb 7x4MB) SWAP 53/1982MB (cached 0MB) IRAM 0/252kB(lfb 252kB) CPU [25%@518,14%@518,12%@518,22%@518] EMC_FREQ 2%@1600 GR3D_FREQ 0%@153 APE 25 PLL@27C CPU@28.5C PMIC@50C GPU@28.5C AO@34C thermal@28.75C POM_5V_IN 2030/2000 POM_5V_GPU 39/53 POM_5V_CPU 508/608
2025-03-10 18:05:02 RAM 1995/3964MB (lfb 8x4MB) SWAP 53/1982MB (cached 0MB) IRAM 0/252kB(lfb 252kB) CPU [21%@518,16%@518,19%@518,14%@518] EMC_FREQ 2%@1600 GR3D_FREQ 0%@153 APE 25 PLL@27.5C CPU@29C PMIC@50C GPU@28.5C AO@34C thermal@28.5C POM_5V_IN 1762/1980 POM_5V_GPU 39/51 POM_5V_CPU 352/587
2025-03-10 18:05:03 RAM 2009/3964MB (lfb 7x4MB) SWAP 53/1982MB (cached 0MB) IRAM 0/252kB(lfb 252kB) CPU [22%@1224,16%@1224,9%@1224,19%@1224] EMC_FREQ 15%@204 GR3D_FREQ 0%@153 APE 25 PLL@27.5C CPU@29C PMIC@50C GPU@28C AO@34C thermal@28.25C POM_5V_IN 1991/1981 POM_5V_GPU 39/50 POM_5V_CPU 547/584
2025-03-10 18:05:04 RAM 2013/3964MB (lfb 7x4MB) SWAP 53/1982MB (cached 0MB) IRAM 0/252kB(lfb 252kB) CPU [12%@307,7%@307,18%@307,25%@307] EMC_FREQ 14%@204 GR3D_FREQ 0%@153 APE 25 PLL@27.5C CPU@28.5C PMIC@50C GPU@28.5C AO@34C thermal@28.25C POM_5V_IN 1647/1957 POM_5V_GPU 39/50 POM_5V_CPU 392/570
2025-03-10 18:05:05 RAM 2006/3964MB (lfb 8x4MB) SWAP 53/1982MB (cached 0MB) IRAM 0/252kB(lfb 252kB) CPU [23%@518,19%@518,17%@518,22%@518] EMC_FREQ 14%@204 GR3D_FREQ 0%@153 APE 25 PLL@27.5C CPU@29C PMIC@50C GPU@28.5C AO@34C thermal@28.75C POM_5V_IN 1684/1939 POM_5V_GPU 78/51 POM_5V_CPU 391/558
2025-03-10 18:05:06 RAM 2017/3964MB (lfb 7x4MB) SWAP 53/1982MB (cached 0MB) IRAM 0/252kB(lfb 252kB) CPU [23%@403,20%@403,24%@403,22%@403] EMC_FREQ 14%@204 GR3D_FREQ 0%@153 APE 25 PLL@27C CPU@28.5C PMIC@50C GPU@28.5C AO@34.5C thermal@29C POM_5V_IN 1645/1920 POM_5V_GPU 39/51 POM_5V_CPU 430/550
2025-03-10 18:05:07 RAM 2006/3964MB (lfb 8x4MB) SWAP 53/1982MB (cached 0MB) IRAM 0/252kB(lfb 252kB) CPU [23%@1479,21%@1479,21%@1479,21%@1479] EMC_FREQ 1%@1600 GR3D_FREQ 0%@153 APE 25 PLL@27.5C CPU@28.5C PMIC@50C GPU@28C AO@34.5C thermal@28.75C POM_5V_IN 1955/1922 POM_5V_GPU 39/50 POM_5V_CPU 780/564
2025-03-10 18:05:08 RAM 2015/3964MB (lfb 7x4MB) SWAP 53/1982MB (cached 0MB) IRAM 0/252kB(lfb 252kB) CPU [26%@1479,20%@1479,21%@1479,23%@1479] EMC_FREQ 1%@1600 GR3D_FREQ 0%@153 APE 25 PLL@28C CPU@29.5C PMIC@50C GPU@28.5C AO@34.5C thermal@28.5C POM_5V_IN 2904/1977 POM_5V_GPU 38/49 POM_5V_CPU 1355/608
2025-03-10 18:05:09 RAM 2016/3964MB (lfb 7x4MB) SWAP 53/1982MB (cached 0MB) IRAM 0/252kB(lfb 252kB) CPU [23%@1479,21%@1479,22%@1479,21%@1479] EMC_FREQ 1%@1600 GR3D_FREQ 60%@153 APE 25 PLL@27.5C CPU@29.5C PMIC@50C GPU@28.5C AO@34C thermal@29C POM_5V_IN 2529/2006 POM_5V_GPU 194/57 POM_5V_CPU 894/623
2025-03-10 18:05:10 RAM 2008/3964MB (lfb 8x4MB) SWAP 53/1982MB (cached 0MB) IRAM 0/252kB(lfb 252kB) CPU [27%@614,20%@614,23%@614,20%@614] EMC_FREQ 1%@1600 GR3D_FREQ 0%@153 APE 25 PLL@28C CPU@29C PMIC@50C GPU@28.5C AO@34.5C thermal@28.75C POM_5V_IN 2030/2007 POM_5V_GPU 39/56 POM_5V_CPU 625/623
2025-03-10 18:05:11 RAM 2019/3964MB (lfb 7x4MB) SWAP 53/1982MB (cached 0MB) IRAM 0/252kB(lfb 252kB) CPU [34%@825,30%@825,30%@825,29%@825] EMC_FREQ 2%@1600 GR3D_FREQ 19%@153 APE 25 PLL@27.5C CPU@29.5C PMIC@50C GPU@28.5C AO@34.5C thermal@28.75C POM_5V_IN 2525/2032 POM_5V_GPU 155/61 POM_5V_CPU 932/637
2025-03-10 18:05:12 RAM 2018/3964MB (lfb 7x4MB) SWAP 53/1982MB (cached 0MB) IRAM 0/252kB(lfb 252kB) CPU [25%@614,22%@614,22%@614,24%@614] EMC_FREQ 1%@1600 GR3D_FREQ 0%@153 APE 25 PLL@28C CPU@29C PMIC@50C GPU@28.5C AO@34.5C thermal@29C POM_5V_IN 2069/2033 POM_5V_GPU 39/60 POM_5V_CPU 585/635
2025-03-10 18:05:13 RAM 2007/3964MB (lfb 8x4MB) SWAP 53/1982MB (cached 0MB) IRAM 0/252kB(lfb 252kB) CPU [33%@1132,26%@1132,27%@1132,27%@1132] EMC_FREQ 1%@1600 GR3D_FREQ 0%@153 APE 25 PLL@27.5C CPU@29C PMIC@50C GPU@29C AO@34.5C thermal@28.75C POM_5V_IN 2373/2048 POM_5V_GPU 38/59 POM_5V_CPU 857/645
2025-03-10 18:05:14 RAM 2022/3964MB (lfb 7x4MB) SWAP 53/1982MB (cached 0MB) IRAM 0/252kB(lfb 252kB) CPU [28%@403,26%@403,28%@403,26%@403] EMC_FREQ 1%@1600 GR3D_FREQ 0%@153 APE 25 PLL@27.5C CPU@29.5C PMIC@50C GPU@28.5C AO@34.5C thermal@28.75C POM_5V_IN 1955/2044 POM_5V_GPU 39/58 POM_5V_CPU 508/639
2025-03-10 18:05:15 RAM 2014/3964MB (lfb 8x4MB) SWAP 53/1982MB (cached 0MB) IRAM 0/252kB(lfb 252kB) CPU [24%@204,20%@204,17%@204,21%@204] EMC_FREQ 13%@204 GR3D_FREQ 0%@153 APE 25 PLL@27.5C CPU@29C PMIC@50C GPU@28.5C AO@34.5C thermal@28.75C POM_5V_IN 1530/2024 POM_5V_GPU 117/60 POM_5V_CPU 314/626
2025-03-10 18:05:16 RAM 2026/3964MB (lfb 7x4MB) SWAP 53/1982MB (cached 0MB) IRAM 0/252kB(lfb 252kB) CPU [25%@307,24%@307,22%@307,24%@307] EMC_FREQ 13%@204 GR3D_FREQ 0%@153 APE 25 PLL@27.5C CPU@29C PMIC@50C GPU@28C AO@34.5C thermal@28.5C POM_5V_IN 1681/2010 POM_5V_GPU 39/59 POM_5V_CPU 702/629
2025-03-10 18:05:17 RAM 2025/3964MB (lfb 7x4MB) SWAP 53/1982MB (cached 0MB) IRAM 0/252kB(lfb 252kB) CPU [28%@1479,27%@1479,28%@1479,26%@1479] EMC_FREQ 1%@1600 GR3D_FREQ 0%@153 APE 25 PLL@27.5C CPU@29C PMIC@50C GPU@28C AO@34.5C thermal@28.75C POM_5V_IN 2602/2032 POM_5V_GPU 77/60 POM_5V_CPU 1163/649
2025-03-10 18:05:18 RAM 2014/3964MB (lfb 8x4MB) SWAP 53/1982MB (cached 0MB) IRAM 0/252kB(lfb 252kB) CPU [22%@614,26%@614,27%@614,23%@614] EMC_FREQ 1%@1600 GR3D_FREQ 0%@76 APE 25 PLL@27.5C CPU@29.5C PMIC@50C GPU@29.5C AO@34.5C thermal@28.5C POM_5V_IN 2108/2035 POM_5V_GPU 0/58 POM_5V_CPU 741/652
2025-03-10 18:05:19 RAM 2026/3964MB (lfb 7x4MB) SWAP 53/1982MB (cached 0MB) IRAM 0/252kB(lfb 252kB) CPU [27%@921,25%@921,22%@921,22%@921] EMC_FREQ 1%@1600 GR3D_FREQ 0%@76 APE 25 PLL@27.5C CPU@29.5C PMIC@50C GPU@28.5C AO@34.5C thermal@28.75C POM_5V_IN 2108/2038 POM_5V_GPU 39/57 POM_5V_CPU 780/656
2025-03-10 18:05:20 RAM 2015/3964MB (lfb 8x4MB) SWAP 53/1982MB (cached 0MB) IRAM 0/252kB(lfb 252kB) CPU [23%@1428,29%@1428,23%@1428,27%@1428] EMC_FREQ 1%@1600 GR3D_FREQ 0%@76 APE 25 PLL@27.5C CPU@29.5C PMIC@50C GPU@28.5C AO@34.5C thermal@29C POM_5V_IN 2563/2055 POM_5V_GPU 38/56 POM_5V_CPU 1048/669
2025-03-10 18:05:21 RAM 1956/3964MB (lfb 14x4MB) SWAP 53/1982MB (cached 0MB) IRAM 0/252kB(lfb 252kB) CPU [41%@307,30%@307,35%@307,32%@307] EMC_FREQ 19%@204 GR3D_FREQ 0%@153 APE 25 PLL@27.5C CPU@29C PMIC@50C GPU@28.5C AO@34C thermal@28.75C POM_5V_IN 1298/2031 POM_5V_GPU 78/57 POM_5V_CPU 236/655
2025-03-10 18:05:22 RAM 1944/3964MB (lfb 16x4MB) SWAP 53/1982MB (cached 0MB) IRAM 0/252kB(lfb 252kB) CPU [12%@204,10%@204,4%@204,5%@204] EMC_FREQ 14%@204 GR3D_FREQ 0%@153 APE 25 PLL@27C CPU@28.5C PMIC@50C GPU@28C AO@34.5C thermal@28.75C POM_5V_IN 1143/2003 POM_5V_GPU 39/57 POM_5V_CPU 197/641
2025-03-10 18:05:23 RAM 1944/3964MB (lfb 16x4MB) SWAP 53/1982MB (cached 0MB) IRAM 0/252kB(lfb 252kB) CPU [16%@204,9%@204,11%@204,9%@204] EMC_FREQ 12%@204 GR3D_FREQ 0%@230 APE 25 PLL@27C CPU@29C PMIC@50C GPU@28.5C AO@34C thermal@28.75C POM_5V_IN 1180/1978 POM_5V_GPU 78/57 POM_5V_CPU 157/626
2025-03-10 18:05:24 RAM 1955/3964MB (lfb 14x4MB) SWAP 53/1982MB (cached 0MB) IRAM 0/252kB(lfb 252kB) CPU [13%@102,5%@102,13%@102,4%@204] EMC_FREQ 10%@204 GR3D_FREQ 0%@76 APE 25 PLL@27C CPU@28.5C PMIC@50C GPU@28C AO@34C thermal@28.25C POM_5V_IN 1298/1958 POM_5V_GPU 0/55 POM_5V_CPU 235/615
2025-03-10 18:05:25 RAM 1945/3964MB (lfb 16x4MB) SWAP 53/1982MB (cached 0MB) IRAM 0/252kB(lfb 252kB) CPU [11%@204,6%@204,8%@204,7%@204] EMC_FREQ 9%@204 GR3D_FREQ 0%@153 APE 25 PLL@27C CPU@29C PMIC@50C GPU@28.5C AO@34C thermal@28.75C POM_5V_IN 1103/1933 POM_5V_GPU 39/55 POM_5V_CPU 157/602
2025-03-10 18:05:26 RAM 1945/3964MB (lfb 16x4MB) SWAP 53/1982MB (cached 0MB) IRAM 0/252kB(lfb 252kB) CPU [11%@102,14%@102,8%@102,7%@204] EMC_FREQ 9%@204 GR3D_FREQ 0%@153 APE 25 PLL@27C CPU@29C PMIC@50C GPU@28C AO@34C thermal@28.5C POM_5V_IN 1259/1915 POM_5V_GPU 39/55 POM_5V_CPU 196/590
2025-03-10 18:05:27 RAM 1954/3964MB (lfb 14x4MB) SWAP 53/1982MB (cached 0MB) IRAM 0/252kB(lfb 252kB) CPU [10%@710,12%@710,12%@710,8%@710] EMC_FREQ 1%@1600 GR3D_FREQ 0%@153 APE 25 PLL@27.5C CPU@28.5C PMIC@50C GPU@28.5C AO@34C thermal@29C POM_5V_IN 2069/1919 POM_5V_GPU 39/54 POM_5V_CPU 585/590
2025-03-10 18:05:28 RAM 1944/3964MB (lfb 16x4MB) SWAP 53/1982MB (cached 0MB) IRAM 0/252kB(lfb 252kB) CPU [10%@204,9%@204,5%@204,6%@204] EMC_FREQ 9%@204 GR3D_FREQ 0%@153 APE 25 PLL@27C CPU@28.5C PMIC@50C GPU@28.5C AO@34C thermal@29C POM_5V_IN 1375/1905 POM_5V_GPU 118/56 POM_5V_CPU 196/580
2025-03-10 18:05:29 RAM 1953/3964MB (lfb 14x4MB) SWAP 53/1982MB (cached 0MB) IRAM 0/252kB(lfb 252kB) CPU [15%@204,6%@204,8%@204,6%@204] EMC_FREQ 8%@204 GR3D_FREQ 0%@153 APE 25 PLL@27C CPU@28.5C PMIC@50C GPU@28.5C AO@34C thermal@28.75C POM_5V_IN 1103/1884 POM_5V_GPU 39/55 POM_5V_CPU 157/569
2025-03-10 18:05:30 RAM 1945/3964MB (lfb 16x4MB) SWAP 53/1982MB (cached 0MB) IRAM 0/252kB(lfb 252kB) CPU [16%@102,8%@204,7%@204,10%@204] EMC_FREQ 8%@204 GR3D_FREQ 0%@153 APE 25 PLL@27.5C CPU@29C PMIC@50C GPU@28.5C AO@34C thermal@28.5C POM_5V_IN 1220/1867 POM_5V_GPU 78/56 POM_5V_CPU 157/559
2025-03-10 18:05:31 RAM 1945/3964MB (lfb 16x4MB) SWAP 53/1982MB (cached 0MB) IRAM 0/252kB(lfb 252kB) CPU [16%@102,9%@102,18%@102,16%@102] EMC_FREQ 9%@204 GR3D_FREQ 0%@76 APE 25 PLL@27C CPU@29C PMIC@50C GPU@28.5C AO@34C thermal@28.5C POM_5V_IN 1141/1850 POM_5V_GPU 39/55 POM_5V_CPU 196/550
2025-03-10 18:05:32 RAM 1955/3964MB (lfb 14x4MB) SWAP 53/1982MB (cached 0MB) IRAM 0/252kB(lfb 252kB) CPU [15%@204,8%@204,7%@204,6%@204] EMC_FREQ 9%@204 GR3D_FREQ 0%@76 APE 25 PLL@27.5C CPU@28.5C PMIC@50C GPU@28.5C AO@34C thermal@28.25C POM_5V_IN 1103/1832 POM_5V_GPU 39/55 POM_5V_CPU 157/540
2025-03-10 18:05:33 RAM 1947/3964MB (lfb 16x4MB) SWAP 53/1982MB (cached 0MB) IRAM 0/252kB(lfb 252kB) CPU [18%@102,14%@204,11%@204,8%@204] EMC_FREQ 1%@1600 GR3D_FREQ 0%@76 APE 25 PLL@27.5C CPU@28.5C PMIC@50C GPU@28C AO@34C thermal@28.25C POM_5V_IN 2030/1836 POM_5V_GPU 39/55 POM_5V_CPU 195/532
2025-03-10 18:05:34 RAM 1944/3964MB (lfb 16x4MB) SWAP 53/1982MB (cached 0MB) IRAM 0/252kB(lfb 252kB) CPU [17%@102,11%@204,5%@204,8%@204] EMC_FREQ 9%@204 GR3D_FREQ 0%@153 APE 25 PLL@27C CPU@28.5C PMIC@50C GPU@28.5C AO@34C thermal@28.5C POM_5V_IN 1143/1821 POM_5V_GPU 39/54 POM_5V_CPU 157/524
2025-03-10 18:05:35 RAM 1955/3964MB (lfb 14x4MB) SWAP 53/1982MB (cached 0MB) IRAM 0/252kB(lfb 252kB) CPU [17%@102,8%@102,8%@102,11%@204] EMC_FREQ 8%@204 GR3D_FREQ 0%@153 APE 25 PLL@27C CPU@29C PMIC@50C GPU@28C AO@33.5C thermal@28.5C POM_5V_IN 1141/1806 POM_5V_GPU 39/54 POM_5V_CPU 196/517
2025-03-10 18:05:37 RAM 1945/3964MB (lfb 16x4MB) SWAP 53/1982MB (cached 0MB) IRAM 0/252kB(lfb 252kB) CPU [13%@204,5%@204,5%@204,5%@204] EMC_FREQ 8%@204 GR3D_FREQ 0%@153 APE 25 PLL@27C CPU@28.5C PMIC@50C GPU@28C AO@34C thermal@28.25C POM_5V_IN 1143/1791 POM_5V_GPU 39/54 POM_5V_CPU 157/509
2025-03-10 18:05:38 RAM 1944/3964MB (lfb 16x4MB) SWAP 53/1982MB (cached 0MB) IRAM 0/252kB(lfb 252kB) CPU [12%@204,10%@204,11%@204,8%@204] EMC_FREQ 8%@204 GR3D_FREQ 77%@153 APE 25 PLL@27C CPU@28.5C PMIC@50C GPU@28C AO@34C thermal@28.5C POM_5V_IN 1453/1784 POM_5V_GPU 196/57 POM_5V_CPU 196/502
2025-03-10 18:05:39 RAM 1953/3964MB (lfb 14x4MB) SWAP 53/1982MB (cached 0MB) IRAM 0/252kB(lfb 252kB) CPU [17%@204,12%@204,7%@204,10%@204] EMC_FREQ 8%@204 GR3D_FREQ 0%@153 APE 25 PLL@27C CPU@28.5C PMIC@50C GPU@28C AO@34.5C thermal@28.5C POM_5V_IN 1298/1774 POM_5V_GPU 39/56 POM_5V_CPU 196/496
2025-03-10 18:05:40 RAM 1944/3964MB (lfb 16x4MB) SWAP 53/1982MB (cached 0MB) IRAM 0/252kB(lfb 252kB) CPU [15%@204,8%@204,5%@204,4%@204] EMC_FREQ 7%@204 GR3D_FREQ 0%@153 APE 25 PLL@27C CPU@28.5C PMIC@50C GPU@28C AO@34C thermal@28.25C POM_5V_IN 1103/1760 POM_5V_GPU 39/56 POM_5V_CPU 157/489
2025-03-10 18:05:41 RAM 1945/3964MB (lfb 16x4MB) SWAP 53/1982MB (cached 0MB) IRAM 0/252kB(lfb 252kB) CPU [15%@102,9%@102,8%@204,12%@204] EMC_FREQ 8%@204 GR3D_FREQ 0%@153 APE 25 PLL@27C CPU@28.5C PMIC@50C GPU@28C AO@34C thermal@28.25C POM_5V_IN 1220/1749 POM_5V_GPU 39/56 POM_5V_CPU 196/483
2025-03-10 18:05:42 RAM 1957/3964MB (lfb 14x4MB) SWAP 53/1982MB (cached 0MB) IRAM 0/252kB(lfb 252kB) CPU [20%@614,17%@614,9%@614,16%@614] EMC_FREQ 1%@1600 GR3D_FREQ 0%@153 APE 25 PLL@27.5C CPU@29C PMIC@50C GPU@28C AO@34C thermal@28.25C POM_5V_IN 2299/1760 POM_5V_GPU 77/56 POM_5V_CPU 701/487
2025-03-10 18:05:43 RAM 1944/3964MB (lfb 16x4MB) SWAP 53/1982MB (cached 0MB) IRAM 0/252kB(lfb 252kB) CPU [11%@102,6%@102,7%@102,7%@102] EMC_FREQ 9%@204 GR3D_FREQ 0%@153 APE 25 PLL@27C CPU@28.5C PMIC@50C GPU@28C AO@34C thermal@28.25C POM_5V_IN 1103/1747 POM_5V_GPU 39/56 POM_5V_CPU 157/481
2025-03-10 18:05:44 RAM 1954/3964MB (lfb 14x4MB) SWAP 53/1982MB (cached 0MB) IRAM 0/252kB(lfb 252kB) CPU [15%@204,6%@204,12%@204,8%@204] EMC_FREQ 9%@204 GR3D_FREQ 0%@153 APE 25 PLL@27C CPU@28.5C PMIC@50C GPU@28.5C AO@34C thermal@28.75C POM_5V_IN 1180/1737 POM_5V_GPU 78/56 POM_5V_CPU 196/475
2025-03-10 18:05:45 RAM 1945/3964MB (lfb 16x4MB) SWAP 53/1982MB (cached 0MB) IRAM 0/252kB(lfb 252kB) CPU [14%@1428,10%@1428,4%@1428,6%@1428] EMC_FREQ 1%@1600 GR3D_FREQ 0%@153 APE 25 PLL@27C CPU@29C PMIC@50C GPU@28C AO@34C thermal@28.75C POM_5V_IN 1840/1739 POM_5V_GPU 39/56 POM_5V_CPU 625/478
2025-03-10 18:05:46 RAM 1946/3964MB (lfb 16x4MB) SWAP 53/1982MB (cached 0MB) IRAM 0/252kB(lfb 252kB) CPU [20%@204,4%@204,7%@204,10%@204] EMC_FREQ 8%@204 GR3D_FREQ 0%@153 APE 25 PLL@27C CPU@28.5C PMIC@50C GPU@28.5C AO@34.5C thermal@28.25C POM_5V_IN 1143/1728 POM_5V_GPU 39/55 POM_5V_CPU 197/473
2025-03-10 18:05:47 RAM 1957/3964MB (lfb 14x4MB) SWAP 53/1982MB (cached 0MB) IRAM 0/252kB(lfb 252kB) CPU [18%@102,7%@102,7%@102,4%@102] EMC_FREQ 8%@204 GR3D_FREQ 0%@153 APE 25 PLL@27C CPU@28.5C PMIC@50C GPU@28C AO@34C thermal@28.25C POM_5V_IN 1180/1718 POM_5V_GPU 39/55 POM_5V_CPU 196/468
2025-03-10 18:05:48 RAM 1944/3964MB (lfb 16x4MB) SWAP 53/1982MB (cached 0MB) IRAM 0/252kB(lfb 252kB) CPU [18%@102,8%@102,9%@102,4%@102] EMC_FREQ 8%@204 GR3D_FREQ 0%@153 APE 25 PLL@27C CPU@28.5C PMIC@50C GPU@28C AO@34C thermal@28.5C POM_5V_IN 1143/1708 POM_5V_GPU 39/55 POM_5V_CPU 157/463
2025-03-10 18:05:49 RAM 1944/3964MB (lfb 16x4MB) SWAP 53/1982MB (cached 0MB) IRAM 0/252kB(lfb 252kB) CPU [14%@102,10%@204,7%@204,11%@204] EMC_FREQ 8%@204 GR3D_FREQ 99%@153 APE 25 PLL@27C CPU@28.5C PMIC@50C GPU@28C AO@34C thermal@28.75C POM_5V_IN 1493/1704 POM_5V_GPU 157/57 POM_5V_CPU 196/458
2025-03-10 18:05:50 RAM 1955/3964MB (lfb 14x4MB) SWAP 53/1982MB (cached 0MB) IRAM 0/252kB(lfb 252kB) CPU [12%@102,9%@204,5%@204,12%@204] EMC_FREQ 8%@204 GR3D_FREQ 0%@153 APE 25 PLL@27C CPU@28.5C PMIC@50C GPU@28.5C AO@34C thermal@28.25C POM_5V_IN 1259/1697 POM_5V_GPU 39/56 POM_5V_CPU 196/454
2025-03-10 18:05:51 RAM 1944/3964MB (lfb 16x4MB) SWAP 53/1982MB (cached 0MB) IRAM 0/252kB(lfb 252kB) CPU [18%@204,10%@204,5%@204,5%@204] EMC_FREQ 8%@204 GR3D_FREQ 0%@153 APE 25 PLL@27C CPU@28.5C PMIC@50C GPU@28C AO@34C thermal@28.25C POM_5V_IN 1336/1691 POM_5V_GPU 117/57 POM_5V_CPU 236/450
2025-03-10 18:05:52 RAM 1937/3964MB (lfb 17x4MB) SWAP 53/1982MB (cached 0MB) IRAM 0/252kB(lfb 252kB) CPU [20%@102,22%@204,15%@204,12%@204] EMC_FREQ 9%@204 GR3D_FREQ 0%@153 APE 25 PLL@27C CPU@29C PMIC@50C GPU@28C AO@34C thermal@28.5C POM_5V_IN 1180/1682 POM_5V_GPU 39/57 POM_5V_CPU 196/446
2025-03-10 18:05:53 RAM 1949/3964MB (lfb 15x4MB) SWAP 53/1982MB (cached 0MB) IRAM 0/252kB(lfb 252kB) CPU [12%@204,11%@204,6%@204,10%@204] EMC_FREQ 9%@204 GR3D_FREQ 0%@153 APE 25 PLL@27C CPU@28.5C PMIC@50C GPU@28C AO@34C thermal@28.5C POM_5V_IN 1375/1677 POM_5V_GPU 39/57 POM_5V_CPU 275/443
