2025-03-10 18:12:58 RAM 1999/3964MB (lfb 7x4MB) SWAP 53/1982MB (cached 0MB) IRAM 0/252kB(lfb 252kB) CPU [41%@921,32%@921,35%@921,19%@921] EMC_FREQ 3%@1600 GR3D_FREQ 0%@153 APE 25 PLL@27C CPU@28C PMIC@50C GPU@27.5C AO@33.5C thermal@27.75C POM_5V_IN 1647/1647 POM_5V_GPU 39/39 POM_5V_CPU 391/391
2025-03-10 18:12:59 RAM 1991/3964MB (lfb 8x4MB) SWAP 53/1982MB (cached 0MB) IRAM 0/252kB(lfb 252kB) CPU [21%@1036,11%@1036,16%@1036,16%@1036] EMC_FREQ 2%@1600 GR3D_FREQ 0%@153 APE 25 PLL@27C CPU@28C PMIC@50C GPU@27.5C AO@33.5C thermal@27.75C POM_5V_IN 1684/1665 POM_5V_GPU 39/39 POM_5V_CPU 430/410
2025-03-10 18:13:00 RAM 2005/3964MB (lfb 7x4MB) SWAP 53/1982MB (cached 0MB) IRAM 0/252kB(lfb 252kB) CPU [22%@1036,20%@1036,18%@1036,16%@1036] EMC_FREQ 2%@1600 GR3D_FREQ 0%@153 APE 25 PLL@27C CPU@28.5C PMIC@50C GPU@27.5C AO@33.5C thermal@27.75C POM_5V_IN 1916/1749 POM_5V_GPU 78/52 POM_5V_CPU 391/404
2025-03-10 18:13:01 RAM 2006/3964MB (lfb 7x4MB) SWAP 53/1982MB (cached 0MB) IRAM 0/252kB(lfb 252kB) CPU [20%@307,13%@307,16%@307,14%@307] EMC_FREQ 18%@204 GR3D_FREQ 0%@153 APE 25 PLL@26.5C CPU@28C PMIC@50C GPU@27.5C AO@33.5C thermal@27.75C POM_5V_IN 1530/1694 POM_5V_GPU 39/48 POM_5V_CPU 275/371
2025-03-10 18:13:02 RAM 1996/3964MB (lfb 8x4MB) SWAP 53/1982MB (cached 0MB) IRAM 0/252kB(lfb 252kB) CPU [26%@825,26%@825,21%@825,22%@825] EMC_FREQ 2%@1600 GR3D_FREQ 0%@153 APE 25 PLL@27C CPU@28.5C PMIC@50C GPU@27.5C AO@33.5C thermal@28C POM_5V_IN 2299/1815 POM_5V_GPU 77/54 POM_5V_CPU 506/398
2025-03-10 18:13:03 RAM 2011/3964MB (lfb 7x4MB) SWAP 53/1982MB (cached 0MB) IRAM 0/252kB(lfb 252kB) CPU [24%@204,16%@204,16%@204,16%@204] EMC_FREQ 17%@204 GR3D_FREQ 0%@153 APE 25 PLL@26.5C CPU@28C PMIC@50C GPU@27.5C AO@33.5C thermal@28.25C POM_5V_IN 1608/1780 POM_5V_GPU 39/51 POM_5V_CPU 313/384
2025-03-10 18:13:04 RAM 2001/3964MB (lfb 8x4MB) SWAP 53/1982MB (cached 0MB) IRAM 0/252kB(lfb 252kB) CPU [21%@307,18%@307,17%@307,8%@307] EMC_FREQ 15%@204 GR3D_FREQ 0%@153 APE 25 PLL@26.5C CPU@28.5C PMIC@50C GPU@27.5C AO@33.5C thermal@27.75C POM_5V_IN 1493/1739 POM_5V_GPU 39/50 POM_5V_CPU 275/368
2025-03-10 18:13:05 RAM 2013/3964MB (lfb 6x4MB) SWAP 53/1982MB (cached 0MB) IRAM 0/252kB(lfb 252kB) CPU [32%@710,22%@710,25%@710,22%@710] EMC_FREQ 2%@1600 GR3D_FREQ 0%@153 APE 25 PLL@27C CPU@28.5C PMIC@50C GPU@27.5C AO@33.5C thermal@28C POM_5V_IN 1840/1752 POM_5V_GPU 39/48 POM_5V_CPU 469/381
2025-03-10 18:13:06 RAM 2013/3964MB (lfb 6x4MB) SWAP 53/1982MB (cached 0MB) IRAM 0/252kB(lfb 252kB) CPU [11%@204,5%@204,9%@204,7%@204] EMC_FREQ 1%@1600 GR3D_FREQ 0%@153 APE 25 PLL@26.5C CPU@28C PMIC@50C GPU@28C AO@33.5C thermal@27.75C POM_5V_IN 1994/1779 POM_5V_GPU 39/47 POM_5V_CPU 234/364
2025-03-10 18:13:07 RAM 2002/3964MB (lfb 8x4MB) SWAP 53/1982MB (cached 0MB) IRAM 0/252kB(lfb 252kB) CPU [12%@710,11%@710,13%@710,9%@710] EMC_FREQ 1%@1600 GR3D_FREQ 0%@153 APE 25 PLL@26.5C CPU@28C PMIC@50C GPU@27.5C AO@33.5C thermal@27.75C POM_5V_IN 1259/1727 POM_5V_GPU 78/50 POM_5V_CPU 235/351
2025-03-10 18:13:08 RAM 2016/3964MB (lfb 7x4MB) SWAP 53/1982MB (cached 0MB) IRAM 0/252kB(lfb 252kB) CPU [26%@518,17%@518,15%@518,18%@518] EMC_FREQ 1%@1600 GR3D_FREQ 0%@153 APE 25 PLL@26.5C CPU@28.5C PMIC@50C GPU@27.5C AO@33.5C thermal@28.25C POM_5V_IN 1762/1730 POM_5V_GPU 39/49 POM_5V_CPU 352/351
2025-03-10 18:13:09 RAM 2007/3964MB (lfb 7x4MB) SWAP 53/1982MB (cached 0MB) IRAM 0/252kB(lfb 252kB) CPU [24%@825,16%@825,11%@825,20%@825] EMC_FREQ 1%@1600 GR3D_FREQ 84%@76 APE 25 PLL@27C CPU@28.5C PMIC@50C GPU@27.5C AO@33.5C thermal@28.25C POM_5V_IN 2108/1761 POM_5V_GPU 156/58 POM_5V_CPU 506/364
2025-03-10 18:13:10 RAM 2025/3964MB (lfb 5x4MB) SWAP 53/1982MB (cached 0MB) IRAM 0/252kB(lfb 252kB) CPU [13%@710,30%@710,5%@710,12%@710] EMC_FREQ 1%@1600 GR3D_FREQ 0%@153 APE 25 PLL@27C CPU@28.5C PMIC@50C GPU@28C AO@33.5C thermal@27.75C POM_5V_IN 2147/1791 POM_5V_GPU 39/56 POM_5V_CPU 546/378
2025-03-10 18:13:11 RAM 2030/3964MB (lfb 5x4MB) SWAP 53/1982MB (cached 0MB) IRAM 0/252kB(lfb 252kB) CPU [18%@307,25%@307,8%@307,13%@307] EMC_FREQ 13%@204 GR3D_FREQ 0%@153 APE 25 PLL@27C CPU@28.5C PMIC@50C GPU@28C AO@33.5C thermal@28C POM_5V_IN 1876/1797 POM_5V_GPU 39/55 POM_5V_CPU 391/379
2025-03-10 18:13:12 RAM 2015/3964MB (lfb 7x4MB) SWAP 53/1982MB (cached 0MB) IRAM 0/252kB(lfb 252kB) CPU [24%@204,19%@204,18%@204,17%@204] EMC_FREQ 13%@204 GR3D_FREQ 0%@153 APE 25 PLL@26.5C CPU@28C PMIC@50C GPU@27.5C AO@34C thermal@27.75C POM_5V_IN 1298/1764 POM_5V_GPU 39/54 POM_5V_CPU 236/370
2025-03-10 18:13:13 RAM 2028/3964MB (lfb 6x4MB) SWAP 53/1982MB (cached 0MB) IRAM 0/252kB(lfb 252kB) CPU [23%@710,16%@710,17%@710,21%@710] EMC_FREQ 1%@1600 GR3D_FREQ 0%@153 APE 25 PLL@27C CPU@28.5C PMIC@50C GPU@27.5C AO@34C thermal@28C POM_5V_IN 1876/1771 POM_5V_GPU 78/56 POM_5V_CPU 508/378
2025-03-10 18:13:14 RAM 2018/3964MB (lfb 7x4MB) SWAP 53/1982MB (cached 0MB) IRAM 0/252kB(lfb 252kB) CPU [23%@1479,21%@1479,19%@1479,20%@1479] EMC_FREQ 1%@1600 GR3D_FREQ 0%@153 APE 25 PLL@27C CPU@28.5C PMIC@50C GPU@28C AO@34C thermal@28C POM_5V_IN 2069/1788 POM_5V_GPU 39/55 POM_5V_CPU 663/395
2025-03-10 18:13:15 RAM 2032/3964MB (lfb 6x4MB) SWAP 53/1982MB (cached 0MB) IRAM 0/252kB(lfb 252kB) CPU [28%@1479,25%@1479,25%@1479,29%@1479] EMC_FREQ 2%@1600 GR3D_FREQ 0%@384 APE 25 PLL@27.5C CPU@29C PMIC@50C GPU@28C AO@34C thermal@27.75C POM_5V_IN 3577/1887 POM_5V_GPU 153/60 POM_5V_CPU 1807/473
2025-03-10 18:13:16 RAM 2031/3964MB (lfb 6x4MB) SWAP 53/1982MB (cached 0MB) IRAM 0/252kB(lfb 252kB) CPU [26%@1479,20%@1479,20%@1479,21%@1479] EMC_FREQ 1%@1600 GR3D_FREQ 0%@153 APE 25 PLL@26.5C CPU@29C PMIC@50C GPU@27.5C AO@34C thermal@27.75C POM_5V_IN 2260/1907 POM_5V_GPU 38/59 POM_5V_CPU 740/487
2025-03-10 18:13:17 RAM 2019/3964MB (lfb 7x4MB) SWAP 53/1982MB (cached 0MB) IRAM 0/252kB(lfb 252kB) CPU [26%@1479,22%@1479,20%@1479,22%@1479] EMC_FREQ 1%@1600 GR3D_FREQ 0%@153 APE 25 PLL@27.5C CPU@29C PMIC@50C GPU@28C AO@34.5C thermal@27.75C POM_5V_IN 2299/1927 POM_5V_GPU 38/58 POM_5V_CPU 818/504
2025-03-10 18:13:18 RAM 2031/3964MB (lfb 7x4MB) SWAP 53/1982MB (cached 0MB) IRAM 0/252kB(lfb 252kB) CPU [23%@518,20%@518,20%@518,26%@518] EMC_FREQ 1%@1600 GR3D_FREQ 0%@153 APE 25 PLL@27C CPU@28.5C PMIC@50C GPU@27.5C AO@33.5C thermal@28.25C POM_5V_IN 1916/1926 POM_5V_GPU 39/57 POM_5V_CPU 508/504
2025-03-10 18:13:19 RAM 2031/3964MB (lfb 7x4MB) SWAP 53/1982MB (cached 0MB) IRAM 0/252kB(lfb 252kB) CPU [24%@710,21%@710,21%@710,19%@710] EMC_FREQ 1%@1600 GR3D_FREQ 0%@153 APE 25 PLL@26.5C CPU@28.5C PMIC@50C GPU@28C AO@33.5C thermal@28.25C POM_5V_IN 2147/1936 POM_5V_GPU 78/58 POM_5V_CPU 624/509
2025-03-10 18:13:20 RAM 2021/3964MB (lfb 7x4MB) SWAP 53/1982MB (cached 0MB) IRAM 0/252kB(lfb 252kB) CPU [23%@518,22%@518,20%@518,20%@518] EMC_FREQ 1%@1600 GR3D_FREQ 0%@153 APE 25 PLL@27C CPU@28.5C PMIC@50C GPU@28C AO@33.5C thermal@28.25C POM_5V_IN 1955/1937 POM_5V_GPU 39/57 POM_5V_CPU 469/508
2025-03-10 18:13:21 RAM 2033/3964MB (lfb 6x4MB) SWAP 53/1982MB (cached 0MB) IRAM 0/252kB(lfb 252kB) CPU [25%@518,22%@518,20%@518,22%@518] EMC_FREQ 1%@1600 GR3D_FREQ 0%@153 APE 25 PLL@27C CPU@28.5C PMIC@50C GPU@28.5C AO@33.5C thermal@28.75C POM_5V_IN 2147/1946 POM_5V_GPU 117/59 POM_5V_CPU 507/508
2025-03-10 18:13:22 RAM 2023/3964MB (lfb 7x4MB) SWAP 53/1982MB (cached 0MB) IRAM 0/252kB(lfb 252kB) CPU [27%@825,27%@825,25%@825,21%@825] EMC_FREQ 1%@1600 GR3D_FREQ 0%@76 APE 25 PLL@27.5C CPU@28.5C PMIC@50C GPU@29.5C AO@34C thermal@28C POM_5V_IN 2412/1964 POM_5V_GPU 0/57 POM_5V_CPU 933/525
2025-03-10 18:13:23 RAM 2034/3964MB (lfb 6x4MB) SWAP 53/1982MB (cached 0MB) IRAM 0/252kB(lfb 252kB) CPU [25%@1479,28%@1479,28%@1479,27%@1479] EMC_FREQ 1%@1600 GR3D_FREQ 0%@153 APE 25 PLL@27C CPU@28.5C PMIC@50C GPU@28.5C AO@34C thermal@28.25C POM_5V_IN 2260/1976 POM_5V_GPU 38/56 POM_5V_CPU 701/531
2025-03-10 18:13:24 RAM 2038/3964MB (lfb 6x4MB) SWAP 53/1982MB (cached 0MB) IRAM 0/252kB(lfb 252kB) CPU [31%@307,24%@307,23%@307,27%@307] EMC_FREQ 12%@204 GR3D_FREQ 0%@153 APE 25 PLL@27C CPU@28.5C PMIC@50C GPU@28C AO@33.5C thermal@28.5C POM_5V_IN 1801/1969 POM_5V_GPU 39/56 POM_5V_CPU 469/529
2025-03-10 18:13:25 RAM 2035/3964MB (lfb 7x4MB) SWAP 53/1982MB (cached 0MB) IRAM 0/252kB(lfb 252kB) CPU [30%@1479,25%@1479,25%@1479,26%@1479] EMC_FREQ 1%@1600 GR3D_FREQ 0%@153 APE 25 PLL@27.5C CPU@29C PMIC@50C GPU@28C AO@34C thermal@28C POM_5V_IN 3351/2018 POM_5V_GPU 77/56 POM_5V_CPU 1849/576
2025-03-10 18:13:26 RAM 2039/3964MB (lfb 6x4MB) SWAP 53/1982MB (cached 0MB) IRAM 0/252kB(lfb 252kB) CPU [38%@1479,38%@1479,39%@1479,36%@1479] EMC_FREQ 1%@1600 GR3D_FREQ 0%@153 APE 25 PLL@27.5C CPU@28.5C PMIC@50C GPU@28C AO@33.5C thermal@28.5C POM_5V_IN 2486/2035 POM_5V_GPU 38/56 POM_5V_CPU 1087/594
2025-03-10 18:13:27 RAM 2029/3964MB (lfb 7x4MB) SWAP 53/1982MB (cached 0MB) IRAM 0/252kB(lfb 252kB) CPU [27%@1479,30%@1479,24%@1479,24%@1479] EMC_FREQ 1%@1600 GR3D_FREQ 0%@76 APE 25 PLL@27.5C CPU@29.5C PMIC@50C GPU@28C AO@34C thermal@29C POM_5V_IN 2904/2064 POM_5V_GPU 77/56 POM_5V_CPU 1277/617
2025-03-10 18:13:28 RAM 2043/3964MB (lfb 7x4MB) SWAP 53/1982MB (cached 0MB) IRAM 0/252kB(lfb 252kB) CPU [24%@1479,26%@1479,26%@1479,24%@1479] EMC_FREQ 1%@1600 GR3D_FREQ 0%@76 APE 25 PLL@27.5C CPU@29C PMIC@50C GPU@29.5C AO@34.5C thermal@29.5C POM_5V_IN 2676/2083 POM_5V_GPU 0/55 POM_5V_CPU 1165/634
2025-03-10 18:13:29 RAM 2042/3964MB (lfb 7x4MB) SWAP 53/1982MB (cached 0MB) IRAM 0/252kB(lfb 252kB) CPU [26%@1479,26%@1479,25%@1479,23%@1479] EMC_FREQ 1%@1600 GR3D_FREQ 0%@153 APE 25 PLL@27.5C CPU@29C PMIC@50C GPU@28C AO@34C thermal@29.5C POM_5V_IN 2865/2108 POM_5V_GPU 38/54 POM_5V_CPU 1357/657
2025-03-10 18:13:30 RAM 2033/3964MB (lfb 7x4MB) SWAP 53/1982MB (cached 0MB) IRAM 0/252kB(lfb 252kB) CPU [32%@1479,36%@1479,34%@1479,32%@1479] EMC_FREQ 1%@1600 GR3D_FREQ 0%@153 APE 25 PLL@27.5C CPU@29.5C PMIC@50C GPU@28C AO@34.5C thermal@28.5C POM_5V_IN 3015/2135 POM_5V_GPU 38/54 POM_5V_CPU 1548/684
2025-03-10 18:13:31 RAM 2046/3964MB (lfb 6x4MB) SWAP 53/1982MB (cached 0MB) IRAM 0/252kB(lfb 252kB) CPU [35%@1479,38%@1479,34%@1479,31%@1479] EMC_FREQ 1%@1600 GR3D_FREQ 0%@153 APE 25 PLL@27.5C CPU@30C PMIC@50C GPU@28C AO@34C thermal@28.25C POM_5V_IN 3241/2168 POM_5V_GPU 38/53 POM_5V_CPU 1659/712
2025-03-10 18:13:32 RAM 1963/3964MB (lfb 14x4MB) SWAP 53/1982MB (cached 0MB) IRAM 0/252kB(lfb 252kB) CPU [32%@1224,29%@1224,25%@1224,30%@1224] EMC_FREQ 1%@1600 GR3D_FREQ 0%@153 APE 25 PLL@27.5C CPU@28.5C PMIC@50C GPU@28C AO@34C thermal@28.5C POM_5V_IN 2792/2186 POM_5V_GPU 38/53 POM_5V_CPU 1163/725
2025-03-10 18:13:33 RAM 1972/3964MB (lfb 13x4MB) SWAP 53/1982MB (cached 0MB) IRAM 0/252kB(lfb 252kB) CPU [19%@710,14%@710,17%@710,11%@710] EMC_FREQ 1%@1600 GR3D_FREQ 0%@76 APE 25 PLL@27C CPU@28.5C PMIC@50C GPU@28C AO@34C thermal@28.5C POM_5V_IN 2108/2183 POM_5V_GPU 78/53 POM_5V_CPU 663/724
2025-03-10 18:13:35 RAM 1960/3964MB (lfb 14x4MB) SWAP 53/1982MB (cached 0MB) IRAM 0/252kB(lfb 252kB) CPU [15%@204,8%@204,7%@204,8%@204] EMC_FREQ 12%@204 GR3D_FREQ 0%@76 APE 25 PLL@26.5C CPU@28.5C PMIC@50C GPU@27.5C AO@33.5C thermal@28C POM_5V_IN 1259/2158 POM_5V_GPU 0/52 POM_5V_CPU 196/709
2025-03-10 18:13:36 RAM 1972/3964MB (lfb 13x4MB) SWAP 53/1982MB (cached 0MB) IRAM 0/252kB(lfb 252kB) CPU [14%@204,7%@204,4%@204,11%@204] EMC_FREQ 11%@204 GR3D_FREQ 0%@153 APE 25 PLL@26.5C CPU@28.5C PMIC@50C GPU@28C AO@33.5C thermal@28.25C POM_5V_IN 1143/2132 POM_5V_GPU 39/51 POM_5V_CPU 157/695
2025-03-10 18:13:37 RAM 1960/3964MB (lfb 14x4MB) SWAP 53/1982MB (cached 0MB) IRAM 0/252kB(lfb 252kB) CPU [17%@102,14%@204,10%@204,14%@204] EMC_FREQ 11%@204 GR3D_FREQ 0%@153 APE 25 PLL@26.5C CPU@28C PMIC@50C GPU@28C AO@33.5C thermal@28.25C POM_5V_IN 1143/2106 POM_5V_GPU 39/51 POM_5V_CPU 157/681
2025-03-10 18:13:38 RAM 1961/3964MB (lfb 14x4MB) SWAP 53/1982MB (cached 0MB) IRAM 0/252kB(lfb 252kB) CPU [23%@204,11%@204,10%@204,10%@204] EMC_FREQ 1%@1600 GR3D_FREQ 0%@153 APE 25 PLL@27C CPU@28.5C PMIC@50C GPU@28C AO@33.5C thermal@28.25C POM_5V_IN 2069/2105 POM_5V_GPU 39/51 POM_5V_CPU 195/669
2025-03-10 18:13:39 RAM 1973/3964MB (lfb 13x4MB) SWAP 53/1982MB (cached 0MB) IRAM 0/252kB(lfb 252kB) CPU [19%@102,14%@102,10%@102,9%@204] EMC_FREQ 11%@204 GR3D_FREQ 0%@153 APE 25 PLL@26.5C CPU@28.5C PMIC@50C GPU@28C AO@34C thermal@28.5C POM_5V_IN 1375/2087 POM_5V_GPU 118/52 POM_5V_CPU 196/657
2025-03-10 18:13:40 RAM 1960/3964MB (lfb 14x4MB) SWAP 53/1982MB (cached 0MB) IRAM 0/252kB(lfb 252kB) CPU [12%@102,8%@204,6%@204,6%@204] EMC_FREQ 9%@204 GR3D_FREQ 0%@76 APE 25 PLL@26.5C CPU@28C PMIC@50C GPU@28C AO@34C thermal@28C POM_5V_IN 1143/2065 POM_5V_GPU 39/52 POM_5V_CPU 196/646
2025-03-10 18:13:41 RAM 1960/3964MB (lfb 14x4MB) SWAP 53/1982MB (cached 0MB) IRAM 0/252kB(lfb 252kB) CPU [15%@102,11%@102,7%@102,8%@102] EMC_FREQ 9%@204 GR3D_FREQ 0%@76 APE 25 PLL@27C CPU@28C PMIC@50C GPU@28C AO@34C thermal@28C POM_5V_IN 1259/2046 POM_5V_GPU 118/54 POM_5V_CPU 236/637
2025-03-10 18:13:42 RAM 1972/3964MB (lfb 13x4MB) SWAP 53/1982MB (cached 0MB) IRAM 0/252kB(lfb 252kB) CPU [13%@204,7%@204,4%@204,8%@204] EMC_FREQ 8%@204 GR3D_FREQ 0%@153 APE 25 PLL@26.5C CPU@28.5C PMIC@50C GPU@28C AO@34C thermal@28C POM_5V_IN 1143/2026 POM_5V_GPU 39/53 POM_5V_CPU 197/627
2025-03-10 18:13:43 RAM 1962/3964MB (lfb 14x4MB) SWAP 53/1982MB (cached 0MB) IRAM 0/252kB(lfb 252kB) CPU [14%@102,11%@102,13%@204,7%@204] EMC_FREQ 8%@204 GR3D_FREQ 0%@230 APE 25 PLL@27C CPU@28.5C PMIC@50C GPU@28C AO@34C thermal@28.25C POM_5V_IN 1143/2006 POM_5V_GPU 39/53 POM_5V_CPU 197/617
2025-03-10 18:13:44 RAM 1962/3964MB (lfb 14x4MB) SWAP 53/1982MB (cached 0MB) IRAM 0/252kB(lfb 252kB) CPU [12%@102,8%@102,6%@102,12%@102] EMC_FREQ 8%@204 GR3D_FREQ 0%@230 APE 25 PLL@26.5C CPU@28C PMIC@50C GPU@28C AO@34C thermal@28.25C POM_5V_IN 1143/1987 POM_5V_GPU 39/53 POM_5V_CPU 197/608
2025-03-10 18:13:45 RAM 1972/3964MB (lfb 13x4MB) SWAP 53/1982MB (cached 0MB) IRAM 0/252kB(lfb 252kB) CPU [14%@102,8%@204,5%@204,9%@204] EMC_FREQ 9%@204 GR3D_FREQ 0%@230 APE 25 PLL@26.5C CPU@28C PMIC@50C GPU@27.5C AO@33.5C thermal@28C POM_5V_IN 1180/1970 POM_5V_GPU 39/52 POM_5V_CPU 196/599
2025-03-10 18:13:46 RAM 1960/3964MB (lfb 14x4MB) SWAP 53/1982MB (cached 0MB) IRAM 0/252kB(lfb 252kB) CPU [12%@102,7%@102,7%@102,6%@102] EMC_FREQ 8%@204 GR3D_FREQ 0%@153 APE 25 PLL@26.5C CPU@28.5C PMIC@50C GPU@28C AO@34C thermal@27.75C POM_5V_IN 1375/1958 POM_5V_GPU 157/55 POM_5V_CPU 196/591
2025-03-10 18:13:47 RAM 1961/3964MB (lfb 14x4MB) SWAP 53/1982MB (cached 0MB) IRAM 0/252kB(lfb 252kB) CPU [20%@102,14%@102,11%@102,15%@102] EMC_FREQ 9%@204 GR3D_FREQ 0%@76 APE 25 PLL@26.5C CPU@28C PMIC@50C GPU@28C AO@33.5C thermal@28.25C POM_5V_IN 1103/1940 POM_5V_GPU 39/54 POM_5V_CPU 157/582
2025-03-10 18:13:48 RAM 1972/3964MB (lfb 14x4MB) SWAP 53/1982MB (cached 0MB) IRAM 0/252kB(lfb 252kB) CPU [12%@307,12%@307,8%@307,10%@307] EMC_FREQ 10%@204 GR3D_FREQ 1%@153 APE 25 PLL@26.5C CPU@28.5C PMIC@50C GPU@28C AO@33.5C thermal@28.25C POM_5V_IN 1686/1935 POM_5V_GPU 117/55 POM_5V_CPU 313/577
2025-03-10 18:13:49 RAM 1961/3964MB (lfb 14x4MB) SWAP 53/1982MB (cached 0MB) IRAM 0/252kB(lfb 252kB) CPU [11%@204,10%@204,9%@204,5%@204] EMC_FREQ 8%@204 GR3D_FREQ 0%@153 APE 25 PLL@27C CPU@28C PMIC@50C GPU@28C AO@33.5C thermal@28.25C POM_5V_IN 1103/1919 POM_5V_GPU 39/55 POM_5V_CPU 197/569
2025-03-10 18:13:50 RAM 1960/3964MB (lfb 14x4MB) SWAP 53/1982MB (cached 0MB) IRAM 0/252kB(lfb 252kB) CPU [13%@204,6%@204,8%@204,10%@204] EMC_FREQ 8%@204 GR3D_FREQ 0%@153 APE 25 PLL@26.5C CPU@28C PMIC@50C GPU@28C AO@34C thermal@28C POM_5V_IN 1298/1907 POM_5V_GPU 39/55 POM_5V_CPU 236/563
2025-03-10 18:13:51 RAM 1967/3964MB (lfb 14x4MB) SWAP 53/1982MB (cached 0MB) IRAM 0/252kB(lfb 252kB) CPU [11%@710,6%@710,9%@710,9%@710] EMC_FREQ 1%@1600 GR3D_FREQ 0%@230 APE 25 PLL@26.5C CPU@28C PMIC@50C GPU@28C AO@34C thermal@27.75C POM_5V_IN 1336/1896 POM_5V_GPU 39/54 POM_5V_CPU 314/558
2025-03-10 18:13:52 RAM 1960/3964MB (lfb 14x4MB) SWAP 53/1982MB (cached 0MB) IRAM 0/252kB(lfb 252kB) CPU [14%@102,13%@102,8%@102,6%@102] EMC_FREQ 8%@204 GR3D_FREQ 0%@230 APE 25 PLL@26.5C CPU@28C PMIC@50C GPU@28C AO@33.5C thermal@28C POM_5V_IN 1143/1882 POM_5V_GPU 39/54 POM_5V_CPU 157/551
2025-03-10 18:13:53 RAM 1978/3964MB (lfb 12x4MB) SWAP 53/1982MB (cached 0MB) IRAM 0/252kB(lfb 252kB) CPU [11%@307,8%@307,10%@307,8%@307] EMC_FREQ 8%@204 GR3D_FREQ 0%@230 APE 25 PLL@26.5C CPU@28C PMIC@50C GPU@27.5C AO@33.5C thermal@28C POM_5V_IN 1180/1869 POM_5V_GPU 78/55 POM_5V_CPU 196/544
2025-03-10 18:13:54 RAM 1962/3964MB (lfb 14x4MB) SWAP 53/1982MB (cached 0MB) IRAM 0/252kB(lfb 252kB) CPU [14%@102,4%@102,8%@102,6%@102] EMC_FREQ 8%@204 GR3D_FREQ 0%@230 APE 25 PLL@26.5C CPU@28C PMIC@50C GPU@28C AO@33.5C thermal@28.25C POM_5V_IN 1143/1856 POM_5V_GPU 39/54 POM_5V_CPU 157/537
2025-03-10 18:13:55 RAM 1961/3964MB (lfb 14x4MB) SWAP 53/1982MB (cached 0MB) IRAM 0/252kB(lfb 252kB) CPU [14%@204,7%@204,8%@204,13%@204] EMC_FREQ 8%@204 GR3D_FREQ 37%@230 APE 25 PLL@26.5C CPU@28.5C PMIC@50C GPU@28C AO@34C thermal@28C POM_5V_IN 1453/1849 POM_5V_GPU 157/56 POM_5V_CPU 196/531
2025-03-10 18:13:56 RAM 1970/3964MB (lfb 14x4MB) SWAP 53/1982MB (cached 0MB) IRAM 0/252kB(lfb 252kB) CPU [7%@102,10%@102,11%@204,10%@204] EMC_FREQ 8%@204 GR3D_FREQ 0%@230 APE 25 PLL@26.5C CPU@28.5C PMIC@50C GPU@28C AO@34C thermal@28.25C POM_5V_IN 1143/1837 POM_5V_GPU 39/56 POM_5V_CPU 157/525
2025-03-10 18:13:57 RAM 1954/3964MB (lfb 16x4MB) SWAP 53/1982MB (cached 0MB) IRAM 0/252kB(lfb 252kB) CPU [16%@102,10%@102,14%@102,13%@102] EMC_FREQ 9%@204 GR3D_FREQ 0%@230 APE 25 PLL@27C CPU@28C PMIC@50C GPU@28C AO@34C thermal@28.25C POM_5V_IN 1103/1825 POM_5V_GPU 39/56 POM_5V_CPU 157/518
2025-03-10 18:13:58 RAM 1956/3964MB (lfb 16x4MB) SWAP 53/1982MB (cached 0MB) IRAM 0/252kB(lfb 252kB) CPU [16%@102,7%@102,11%@204,12%@204] EMC_FREQ 9%@204 GR3D_FREQ 0%@230 APE 25 PLL@26.5C CPU@28C PMIC@50C GPU@27.5C AO@33.5C thermal@28.25C POM_5V_IN 1141/1813 POM_5V_GPU 39/55 POM_5V_CPU 196/513
2025-03-10 18:13:59 RAM 1964/3964MB (lfb 15x4MB) SWAP 53/1982MB (cached 0MB) IRAM 0/252kB(lfb 252kB) CPU [13%@102,9%@102,7%@102,7%@204] EMC_FREQ 9%@204 GR3D_FREQ 0%@230 APE 25 PLL@27C CPU@28C PMIC@50C GPU@28C AO@33.5C thermal@27.75C POM_5V_IN 1259/1804 POM_5V_GPU 78/56 POM_5V_CPU 275/509
2025-03-10 18:14:00 RAM 1954/3964MB (lfb 16x4MB) SWAP 53/1982MB (cached 0MB) IRAM 0/252kB(lfb 252kB) CPU [13%@204,6%@204,8%@204,12%@204] EMC_FREQ 9%@204 GR3D_FREQ 0%@230 APE 25 PLL@26.5C CPU@28C PMIC@50C GPU@28C AO@33.5C thermal@28C POM_5V_IN 1141/1793 POM_5V_GPU 39/55 POM_5V_CPU 196/504
2025-03-10 18:14:01 RAM 1954/3964MB (lfb 16x4MB) SWAP 53/1982MB (cached 0MB) IRAM 0/252kB(lfb 252kB) CPU [14%@102,13%@102,12%@102,17%@102] EMC_FREQ 10%@204 GR3D_FREQ 0%@230 APE 25 PLL@27C CPU@28C PMIC@50C GPU@28C AO@34C thermal@28.25C POM_5V_IN 1220/1784 POM_5V_GPU 39/55 POM_5V_CPU 236/500
2025-03-10 18:14:02 RAM 1966/3964MB (lfb 14x4MB) SWAP 53/1982MB (cached 0MB) IRAM 0/252kB(lfb 252kB) CPU [9%@710,7%@710,7%@710,6%@710] EMC_FREQ 1%@1600 GR3D_FREQ 61%@230 APE 25 PLL@27C CPU@28C PMIC@50C GPU@28C AO@33.5C thermal@28C POM_5V_IN 2221/1791 POM_5V_GPU 155/57 POM_5V_CPU 584/501
2025-03-10 18:14:03 RAM 1955/3964MB (lfb 16x4MB) SWAP 53/1982MB (cached 0MB) IRAM 0/252kB(lfb 252kB) CPU [11%@102,8%@102,4%@102,7%@102] EMC_FREQ 8%@204 GR3D_FREQ 0%@230 APE 25 PLL@26.5C CPU@28C PMIC@50C GPU@28C AO@33.5C thermal@28C POM_5V_IN 1103/1781 POM_5V_GPU 39/56 POM_5V_CPU 157/496
2025-03-10 18:14:04 RAM 1958/3964MB (lfb 16x4MB) SWAP 53/1982MB (cached 0MB) IRAM 0/252kB(lfb 252kB) CPU [11%@102,9%@102,7%@102,9%@102] EMC_FREQ 8%@204 GR3D_FREQ 0%@230 APE 25 PLL@26.5C CPU@28C PMIC@50C GPU@27.5C AO@33.5C thermal@28C POM_5V_IN 1103/1770 POM_5V_GPU 39/56 POM_5V_CPU 196/491
2025-03-10 18:14:05 RAM 1954/3964MB (lfb 16x4MB) SWAP 53/1982MB (cached 0MB) IRAM 0/252kB(lfb 252kB) CPU [10%@102,9%@102,5%@102,8%@204] EMC_FREQ 8%@204 GR3D_FREQ 0%@230 APE 25 PLL@26.5C CPU@28C PMIC@50C GPU@28C AO@33.5C thermal@28C POM_5V_IN 1143/1761 POM_5V_GPU 39/56 POM_5V_CPU 197/487
2025-03-10 18:14:06 RAM 1954/3964MB (lfb 16x4MB) SWAP 53/1982MB (cached 0MB) IRAM 0/252kB(lfb 252kB) CPU [10%@102,10%@204,8%@204,3%@204] EMC_FREQ 8%@204 GR3D_FREQ 0%@230 APE 25 PLL@26.5C CPU@28.5C PMIC@50C GPU@27.5C AO@33.5C thermal@28C POM_5V_IN 1180/1752 POM_5V_GPU 78/56 POM_5V_CPU 157/482
2025-03-10 18:14:07 RAM 1963/3964MB (lfb 15x4MB) SWAP 53/1982MB (cached 0MB) IRAM 0/252kB(lfb 252kB) CPU [15%@204,12%@204,17%@204,15%@204] EMC_FREQ 9%@204 GR3D_FREQ 0%@230 APE 25 PLL@26.5C CPU@28.5C PMIC@50C GPU@27.5C AO@33.5C thermal@28.25C POM_5V_IN 1143/1744 POM_5V_GPU 39/56 POM_5V_CPU 275/479
2025-03-10 18:14:08 RAM 1956/3964MB (lfb 16x4MB) SWAP 53/1982MB (cached 0MB) IRAM 0/252kB(lfb 252kB) CPU [13%@204,8%@204,5%@204,8%@204] EMC_FREQ 8%@204 GR3D_FREQ 0%@230 APE 25 PLL@26.5C CPU@28.5C PMIC@50C GPU@28C AO@33.5C thermal@28C POM_5V_IN 1143/1735 POM_5V_GPU 78/56 POM_5V_CPU 196/475
2025-03-10 18:14:09 RAM 1955/3964MB (lfb 16x4MB) SWAP 53/1982MB (cached 0MB) IRAM 0/252kB(lfb 252kB) CPU [11%@102,11%@204,7%@204,11%@204] EMC_FREQ 8%@204 GR3D_FREQ 0%@76 APE 25 PLL@26.5C CPU@28C PMIC@50C GPU@28C AO@33.5C thermal@28.25C POM_5V_IN 1103/1726 POM_5V_GPU 39/56 POM_5V_CPU 197/471
2025-03-10 18:14:10 RAM 1966/3964MB (lfb 14x4MB) SWAP 53/1982MB (cached 0MB) IRAM 0/252kB(lfb 252kB) CPU [11%@102,6%@102,6%@102,6%@102] EMC_FREQ 8%@204 GR3D_FREQ 0%@76 APE 25 PLL@26.5C CPU@28C PMIC@50C GPU@28.5C AO@33.5C thermal@28.25C POM_5V_IN 1143/1718 POM_5V_GPU 39/56 POM_5V_CPU 197/467
2025-03-10 18:14:11 RAM 1954/3964MB (lfb 16x4MB) SWAP 53/1982MB (cached 0MB) IRAM 0/252kB(lfb 252kB) CPU [11%@204,9%@204,5%@204,6%@204] EMC_FREQ 7%@204 GR3D_FREQ 0%@76 APE 25 PLL@26.5C CPU@28.5C PMIC@50C GPU@28C AO@33.5C thermal@28C POM_5V_IN 1143/1710 POM_5V_GPU 39/55 POM_5V_CPU 157/463
2025-03-10 18:14:13 RAM 1956/3964MB (lfb 16x4MB) SWAP 53/1982MB (cached 0MB) IRAM 0/252kB(lfb 252kB) CPU [12%@307,10%@307,12%@307,11%@307] EMC_FREQ 8%@204 GR3D_FREQ 0%@76 APE 25 PLL@26.5C CPU@28.5C PMIC@50C GPU@28C AO@33.5C thermal@27.75C POM_5V_IN 1569/1708 POM_5V_GPU 39/55 POM_5V_CPU 314/461
2025-03-10 18:14:14 RAM 1967/3964MB (lfb 14x4MB) SWAP 53/1982MB (cached 0MB) IRAM 0/252kB(lfb 252kB) CPU [13%@204,7%@204,10%@204,8%@204] EMC_FREQ 9%@204 GR3D_FREQ 0%@76 APE 25 PLL@26.5C CPU@28C PMIC@50C GPU@28C AO@33.5C thermal@28C POM_5V_IN 1493/1705 POM_5V_GPU 117/56 POM_5V_CPU 275/458
2025-03-10 18:14:15 RAM 1955/3964MB (lfb 16x4MB) SWAP 53/1982MB (cached 0MB) IRAM 0/252kB(lfb 252kB) CPU [11%@102,5%@102,9%@102,8%@102] EMC_FREQ 7%@204 GR3D_FREQ 0%@76 APE 25 PLL@26.5C CPU@28C PMIC@50C GPU@28C AO@33.5C thermal@28C POM_5V_IN 1259/1699 POM_5V_GPU 39/56 POM_5V_CPU 236/456
2025-03-10 18:14:16 RAM 1954/3964MB (lfb 16x4MB) SWAP 53/1982MB (cached 0MB) IRAM 0/252kB(lfb 252kB) CPU [12%@102,8%@102,4%@204,10%@204] EMC_FREQ 8%@204 GR3D_FREQ 1%@153 APE 25 PLL@26.5C CPU@28C PMIC@50C GPU@28C AO@33.5C thermal@28C POM_5V_IN 1298/1694 POM_5V_GPU 118/57 POM_5V_CPU 196/452
2025-03-10 18:14:17 RAM 1969/3964MB (lfb 14x4MB) SWAP 53/1982MB (cached 0MB) IRAM 0/252kB(lfb 252kB) CPU [8%@614,9%@614,6%@614,12%@614] EMC_FREQ 0%@1600 GR3D_FREQ 0%@76 APE 25 PLL@27C CPU@28.5C PMIC@50C GPU@29C AO@33.5C thermal@28C POM_5V_IN 1876/1696 POM_5V_GPU 0/56 POM_5V_CPU 624/454
2025-03-10 18:14:18 RAM 1956/3964MB (lfb 16x4MB) SWAP 53/1982MB (cached 0MB) IRAM 0/252kB(lfb 252kB) CPU [21%@102,11%@102,12%@204,13%@204] EMC_FREQ 9%@204 GR3D_FREQ 0%@76 APE 25 PLL@26.5C CPU@28C PMIC@50C GPU@27.5C AO@33.5C thermal@28C POM_5V_IN 1143/1689 POM_5V_GPU 39/56 POM_5V_CPU 197/451
2025-03-10 18:14:19 RAM 1959/3964MB (lfb 16x4MB) SWAP 53/1982MB (cached 0MB) IRAM 0/252kB(lfb 252kB) CPU [16%@204,8%@204,9%@204,8%@204] EMC_FREQ 9%@204 GR3D_FREQ 0%@153 APE 25 PLL@26.5C CPU@28C PMIC@50C GPU@28C AO@34C thermal@27.75C POM_5V_IN 1143/1683 POM_5V_GPU 39/55 POM_5V_CPU 197/448
