2025-03-10 18:19:46 RAM 1988/3964MB (lfb 9x4MB) SWAP 53/1982MB (cached 0MB) IRAM 0/252kB(lfb 252kB) CPU [62%@1479,49%@1479,48%@1479,53%@1479] EMC_FREQ 4%@1600 GR3D_FREQ 0%@153 APE 25 PLL@27.5C CPU@29.5C PMIC@50C GPU@28.5C AO@34C thermal@28.75C POM_5V_IN 3092/3092 POM_5V_GPU 77/77 POM_5V_CPU 1430/1430
2025-03-10 18:19:47 RAM 1984/3964MB (lfb 10x4MB) SWAP 53/1982MB (cached 0MB) IRAM 0/252kB(lfb 252kB) CPU [29%@307,16%@307,14%@307,19%@403] EMC_FREQ 3%@1600 GR3D_FREQ 3%@153 APE 25 PLL@27C CPU@28.5C PMIC@50C GPU@28C AO@33.5C thermal@29C POM_5V_IN 1762/2427 POM_5V_GPU 195/136 POM_5V_CPU 313/871
2025-03-10 18:19:48 RAM 2000/3964MB (lfb 7x4MB) SWAP 53/1982MB (cached 0MB) IRAM 0/252kB(lfb 252kB) CPU [27%@710,30%@710,25%@710,21%@710] EMC_FREQ 3%@1600 GR3D_FREQ 0%@153 APE 25 PLL@27C CPU@28.5C PMIC@50C GPU@28C AO@33.5C thermal@28.25C POM_5V_IN 1955/2269 POM_5V_GPU 39/103 POM_5V_CPU 468/737
2025-03-10 18:19:49 RAM 2001/3964MB (lfb 7x4MB) SWAP 53/1982MB (cached 0MB) IRAM 0/252kB(lfb 252kB) CPU [34%@614,13%@614,12%@614,7%@614] EMC_FREQ 2%@1600 GR3D_FREQ 0%@153 APE 25 PLL@27C CPU@28.5C PMIC@50C GPU@28C AO@34C thermal@28.25C POM_5V_IN 1994/2200 POM_5V_GPU 39/87 POM_5V_CPU 429/660
2025-03-10 18:19:50 RAM 1990/3964MB (lfb 9x4MB) SWAP 53/1982MB (cached 0MB) IRAM 0/252kB(lfb 252kB) CPU [19%@307,13%@307,15%@307,18%@307] EMC_FREQ 18%@204 GR3D_FREQ 0%@153 APE 25 PLL@27C CPU@28.5C PMIC@50C GPU@28C AO@34C thermal@28.25C POM_5V_IN 1530/2066 POM_5V_GPU 39/77 POM_5V_CPU 353/598
2025-03-10 18:19:51 RAM 2004/3964MB (lfb 8x4MB) SWAP 53/1982MB (cached 0MB) IRAM 0/252kB(lfb 252kB) CPU [27%@1428,21%@1428,16%@1428,15%@1428] EMC_FREQ 2%@1600 GR3D_FREQ 0%@230 APE 25 PLL@27C CPU@28.5C PMIC@50C GPU@28C AO@34C thermal@28.5C POM_5V_IN 2525/2143 POM_5V_GPU 116/84 POM_5V_CPU 699/615
2025-03-10 18:19:52 RAM 1996/3964MB (lfb 9x4MB) SWAP 53/1982MB (cached 0MB) IRAM 0/252kB(lfb 252kB) CPU [17%@403,21%@403,13%@403,15%@403] EMC_FREQ 1%@1600 GR3D_FREQ 0%@230 APE 25 PLL@27C CPU@28.5C PMIC@50C GPU@28C AO@34C thermal@28.25C POM_5V_IN 2147/2143 POM_5V_GPU 39/77 POM_5V_CPU 351/577
2025-03-10 18:19:53 RAM 2008/3964MB (lfb 7x4MB) SWAP 53/1982MB (cached 0MB) IRAM 0/252kB(lfb 252kB) CPU [18%@204,21%@204,17%@204,16%@204] EMC_FREQ 15%@204 GR3D_FREQ 0%@230 APE 25 PLL@27C CPU@28C PMIC@50C GPU@28C AO@33.5C thermal@28.5C POM_5V_IN 1530/2066 POM_5V_GPU 78/77 POM_5V_CPU 275/539
2025-03-10 18:19:54 RAM 2009/3964MB (lfb 7x4MB) SWAP 53/1982MB (cached 0MB) IRAM 0/252kB(lfb 252kB) CPU [20%@307,22%@307,11%@307,15%@307] EMC_FREQ 13%@204 GR3D_FREQ 0%@76 APE 25 PLL@27C CPU@28.5C PMIC@50C GPU@29C AO@34C thermal@28.25C POM_5V_IN 1453/1998 POM_5V_GPU 0/69 POM_5V_CPU 353/519
2025-03-10 18:19:55 RAM 1998/3964MB (lfb 9x4MB) SWAP 53/1982MB (cached 0MB) IRAM 0/252kB(lfb 252kB) CPU [11%@204,9%@204,5%@204,7%@204] EMC_FREQ 11%@204 GR3D_FREQ 0%@153 APE 25 PLL@27C CPU@28C PMIC@50C GPU@28C AO@33.5C thermal@28C POM_5V_IN 1103/1909 POM_5V_GPU 39/66 POM_5V_CPU 157/482
2025-03-10 18:19:56 RAM 2012/3964MB (lfb 7x4MB) SWAP 53/1982MB (cached 0MB) IRAM 0/252kB(lfb 252kB) CPU [18%@518,17%@518,11%@518,12%@518] EMC_FREQ 1%@1600 GR3D_FREQ 0%@153 APE 25 PLL@27C CPU@28C PMIC@50C GPU@28C AO@34C thermal@28C POM_5V_IN 1647/1885 POM_5V_GPU 39/63 POM_5V_CPU 353/471
2025-03-10 18:19:57 RAM 2003/3964MB (lfb 8x4MB) SWAP 53/1982MB (cached 0MB) IRAM 0/252kB(lfb 252kB) CPU [22%@307,22%@307,20%@307,14%@307] EMC_FREQ 12%@204 GR3D_FREQ 0%@153 APE 25 PLL@27C CPU@28C PMIC@50C GPU@28C AO@33.5C thermal@28C POM_5V_IN 1490/1852 POM_5V_GPU 78/64 POM_5V_CPU 314/457
2025-03-10 18:19:58 RAM 2016/3964MB (lfb 6x4MB) SWAP 53/1982MB (cached 0MB) IRAM 0/252kB(lfb 252kB) CPU [24%@403,24%@403,20%@403,28%@403] EMC_FREQ 1%@1600 GR3D_FREQ 0%@153 APE 25 PLL@27.5C CPU@28.5C PMIC@50C GPU@28.5C AO@33.5C thermal@28.25C POM_5V_IN 2069/1869 POM_5V_GPU 39/62 POM_5V_CPU 585/467
2025-03-10 18:19:59 RAM 2018/3964MB (lfb 6x4MB) SWAP 53/1982MB (cached 0MB) IRAM 0/252kB(lfb 252kB) CPU [10%@204,12%@204,6%@204,31%@204] EMC_FREQ 14%@204 GR3D_FREQ 0%@153 APE 25 PLL@27C CPU@28.5C PMIC@50C GPU@28C AO@34C thermal@28.5C POM_5V_IN 1493/1842 POM_5V_GPU 39/61 POM_5V_CPU 275/453
2025-03-10 18:20:00 RAM 2010/3964MB (lfb 8x4MB) SWAP 53/1982MB (cached 0MB) IRAM 0/252kB(lfb 252kB) CPU [25%@518,16%@518,22%@518,13%@518] EMC_FREQ 1%@1600 GR3D_FREQ 0%@153 APE 25 PLL@27C CPU@28.5C PMIC@50C GPU@28C AO@34C thermal@28.25C POM_5V_IN 1608/1826 POM_5V_GPU 39/59 POM_5V_CPU 430/452
2025-03-10 18:20:01 RAM 2030/3964MB (lfb 6x4MB) SWAP 53/1982MB (cached 0MB) IRAM 0/252kB(lfb 252kB) CPU [29%@1479,21%@1479,24%@1479,20%@1479] EMC_FREQ 2%@1600 GR3D_FREQ 0%@153 APE 25 PLL@27.5C CPU@28.5C PMIC@50C GPU@28C AO@34C thermal@28.5C POM_5V_IN 2602/1875 POM_5V_GPU 38/58 POM_5V_CPU 1085/491
2025-03-10 18:20:02 RAM 2013/3964MB (lfb 8x4MB) SWAP 53/1982MB (cached 0MB) IRAM 0/252kB(lfb 252kB) CPU [36%@1479,26%@1479,28%@1479,22%@1479] EMC_FREQ 2%@1600 GR3D_FREQ 0%@153 APE 25 PLL@27.5C CPU@28.5C PMIC@50C GPU@28C AO@34C thermal@28.25C POM_5V_IN 2069/1886 POM_5V_GPU 39/57 POM_5V_CPU 780/508
2025-03-10 18:20:03 RAM 2024/3964MB (lfb 7x4MB) SWAP 53/1982MB (cached 0MB) IRAM 0/252kB(lfb 252kB) CPU [24%@1132,20%@1132,20%@1132,21%@1132] EMC_FREQ 2%@1600 GR3D_FREQ 0%@153 APE 25 PLL@27.5C CPU@28.5C PMIC@50C GPU@28.5C AO@34C thermal@28.25C POM_5V_IN 2451/1917 POM_5V_GPU 38/56 POM_5V_CPU 856/528
2025-03-10 18:20:04 RAM 2025/3964MB (lfb 7x4MB) SWAP 53/1982MB (cached 0MB) IRAM 0/252kB(lfb 252kB) CPU [23%@1479,25%@1479,20%@1479,19%@1479] EMC_FREQ 1%@1600 GR3D_FREQ 94%@153 APE 25 PLL@27.5C CPU@29C PMIC@50C GPU@28.5C AO@34C thermal@28C POM_5V_IN 2412/1943 POM_5V_GPU 194/63 POM_5V_CPU 700/537
2025-03-10 18:20:05 RAM 2014/3964MB (lfb 8x4MB) SWAP 53/1982MB (cached 0MB) IRAM 0/252kB(lfb 252kB) CPU [25%@403,19%@403,19%@403,19%@403] EMC_FREQ 1%@1600 GR3D_FREQ 0%@153 APE 25 PLL@27.5C CPU@28.5C PMIC@50C GPU@28C AO@34C thermal@28.25C POM_5V_IN 1955/1944 POM_5V_GPU 39/62 POM_5V_CPU 547/537
2025-03-10 18:20:06 RAM 2029/3964MB (lfb 7x4MB) SWAP 53/1982MB (cached 0MB) IRAM 0/252kB(lfb 252kB) CPU [26%@614,22%@614,22%@614,24%@614] EMC_FREQ 1%@1600 GR3D_FREQ 12%@153 APE 25 PLL@27C CPU@28.5C PMIC@50C GPU@28C AO@34C thermal@28.25C POM_5V_IN 2221/1957 POM_5V_GPU 156/66 POM_5V_CPU 624/541
2025-03-10 18:20:07 RAM 2031/3964MB (lfb 7x4MB) SWAP 53/1982MB (cached 0MB) IRAM 0/252kB(lfb 252kB) CPU [24%@307,22%@307,18%@307,20%@307] EMC_FREQ 12%@204 GR3D_FREQ 0%@153 APE 25 PLL@27C CPU@28.5C PMIC@50C GPU@28.5C AO@34.5C thermal@28.25C POM_5V_IN 1647/1943 POM_5V_GPU 39/65 POM_5V_CPU 353/533
2025-03-10 18:20:08 RAM 2039/3964MB (lfb 5x4MB) SWAP 53/1982MB (cached 0MB) IRAM 0/252kB(lfb 252kB) CPU [29%@1479,29%@1479,25%@1479,30%@1479] EMC_FREQ 1%@1600 GR3D_FREQ 0%@153 APE 25 PLL@27.5C CPU@29.5C PMIC@50C GPU@28.5C AO@34C thermal@28.5C POM_5V_IN 3169/1996 POM_5V_GPU 38/64 POM_5V_CPU 1620/580
2025-03-10 18:20:09 RAM 2030/3964MB (lfb 7x4MB) SWAP 53/1982MB (cached 0MB) IRAM 0/252kB(lfb 252kB) CPU [25%@204,24%@204,23%@204,25%@204] EMC_FREQ 14%@204 GR3D_FREQ 0%@153 APE 25 PLL@27C CPU@28.5C PMIC@50C GPU@28C AO@34C thermal@28.5C POM_5V_IN 1569/1978 POM_5V_GPU 39/63 POM_5V_CPU 314/569
2025-03-10 18:20:10 RAM 2023/3964MB (lfb 8x4MB) SWAP 53/1982MB (cached 0MB) IRAM 0/252kB(lfb 252kB) CPU [26%@614,25%@614,18%@614,18%@614] EMC_FREQ 1%@1600 GR3D_FREQ 0%@153 APE 25 PLL@27C CPU@28.5C PMIC@50C GPU@28.5C AO@34C thermal@28.25C POM_5V_IN 1762/1970 POM_5V_GPU 78/63 POM_5V_CPU 430/563
2025-03-10 18:20:11 RAM 2036/3964MB (lfb 7x4MB) SWAP 53/1982MB (cached 0MB) IRAM 0/252kB(lfb 252kB) CPU [24%@1479,24%@1479,23%@1479,23%@1479] EMC_FREQ 1%@1600 GR3D_FREQ 0%@153 APE 25 PLL@27C CPU@28.5C PMIC@50C GPU@28.5C AO@33.5C thermal@28.25C POM_5V_IN 1876/1966 POM_5V_GPU 39/62 POM_5V_CPU 741/570
2025-03-10 18:20:12 RAM 2036/3964MB (lfb 7x4MB) SWAP 53/1982MB (cached 0MB) IRAM 0/252kB(lfb 252kB) CPU [25%@1479,23%@1479,24%@1479,20%@1479] EMC_FREQ 1%@1600 GR3D_FREQ 0%@153 APE 25 PLL@27C CPU@28.5C PMIC@50C GPU@28C AO@34C thermal@28.5C POM_5V_IN 2030/1968 POM_5V_GPU 78/63 POM_5V_CPU 741/576
2025-03-10 18:20:13 RAM 2024/3964MB (lfb 8x4MB) SWAP 53/1982MB (cached 0MB) IRAM 0/252kB(lfb 252kB) CPU [24%@1479,24%@1479,20%@1479,20%@1479] EMC_FREQ 1%@1600 GR3D_FREQ 0%@76 APE 25 PLL@27C CPU@29C PMIC@50C GPU@29C AO@34.5C thermal@28.25C POM_5V_IN 1955/1968 POM_5V_GPU 0/61 POM_5V_CPU 703/581
2025-03-10 18:20:14 RAM 2034/3964MB (lfb 7x4MB) SWAP 53/1982MB (cached 0MB) IRAM 0/252kB(lfb 252kB) CPU [32%@1479,23%@1479,23%@1479,27%@1479] EMC_FREQ 1%@1600 GR3D_FREQ 0%@153 APE 25 PLL@27.5C CPU@28.5C PMIC@50C GPU@29C AO@34C thermal@28.5C POM_5V_IN 2865/1999 POM_5V_GPU 38/60 POM_5V_CPU 1393/609
2025-03-10 18:20:15 RAM 2024/3964MB (lfb 8x4MB) SWAP 53/1982MB (cached 0MB) IRAM 0/252kB(lfb 252kB) CPU [34%@1479,32%@1479,30%@1479,35%@1479] EMC_FREQ 1%@1600 GR3D_FREQ 0%@153 APE 25 PLL@27.5C CPU@29C PMIC@50C GPU@28.5C AO@34.5C thermal@28.75C POM_5V_IN 2753/2024 POM_5V_GPU 38/59 POM_5V_CPU 1241/630
2025-03-10 18:20:16 RAM 2037/3964MB (lfb 7x4MB) SWAP 53/1982MB (cached 0MB) IRAM 0/252kB(lfb 252kB) CPU [24%@614,27%@614,30%@614,25%@614] EMC_FREQ 1%@1600 GR3D_FREQ 0%@153 APE 25 PLL@27.5C CPU@28.5C PMIC@50C GPU@28.5C AO@34C thermal@28.5C POM_5V_IN 2030/2024 POM_5V_GPU 78/60 POM_5V_CPU 508/626
2025-03-10 18:20:17 RAM 2038/3964MB (lfb 7x4MB) SWAP 53/1982MB (cached 0MB) IRAM 0/252kB(lfb 252kB) CPU [29%@518,21%@518,18%@518,22%@518] EMC_FREQ 12%@204 GR3D_FREQ 0%@153 APE 25 PLL@27.5C CPU@28.5C PMIC@50C GPU@28.5C AO@34.5C thermal@28.5C POM_5V_IN 1876/2020 POM_5V_GPU 39/59 POM_5V_CPU 469/621
2025-03-10 18:20:18 RAM 2027/3964MB (lfb 8x4MB) SWAP 53/1982MB (cached 0MB) IRAM 0/252kB(lfb 252kB) CPU [25%@403,27%@403,22%@403,24%@403] EMC_FREQ 1%@1600 GR3D_FREQ 0%@153 APE 25 PLL@27C CPU@28.5C PMIC@50C GPU@28.5C AO@34.5C thermal@28.75C POM_5V_IN 2033/2020 POM_5V_GPU 78/60 POM_5V_CPU 469/616
2025-03-10 18:20:19 RAM 2036/3964MB (lfb 7x4MB) SWAP 53/1982MB (cached 0MB) IRAM 0/252kB(lfb 252kB) CPU [38%@710,37%@710,35%@710,41%@710] EMC_FREQ 1%@1600 GR3D_FREQ 0%@76 APE 25 PLL@27.5C CPU@29C PMIC@50C GPU@29.5C AO@34.5C thermal@29C POM_5V_IN 2108/2022 POM_5V_GPU 0/58 POM_5V_CPU 702/619
2025-03-10 18:20:20 RAM 2027/3964MB (lfb 8x4MB) SWAP 53/1982MB (cached 0MB) IRAM 0/252kB(lfb 252kB) CPU [31%@1224,30%@1224,39%@1224,33%@1224] EMC_FREQ 1%@1600 GR3D_FREQ 0%@76 APE 25 PLL@27.5C CPU@28.5C PMIC@50C GPU@28.5C AO@34.5C thermal@28.75C POM_5V_IN 2373/2032 POM_5V_GPU 38/57 POM_5V_CPU 856/626
2025-03-10 18:20:21 RAM 2038/3964MB (lfb 7x4MB) SWAP 53/1982MB (cached 0MB) IRAM 0/252kB(lfb 252kB) CPU [35%@921,31%@921,34%@921,32%@921] EMC_FREQ 1%@1600 GR3D_FREQ 0%@76 APE 25 PLL@27.5C CPU@29C PMIC@50C GPU@28.5C AO@34.5C thermal@28.75C POM_5V_IN 2108/2035 POM_5V_GPU 39/57 POM_5V_CPU 585/625
2025-03-10 18:20:22 RAM 1971/3964MB (lfb 10x4MB) SWAP 53/1982MB (cached 0MB) IRAM 0/252kB(lfb 252kB) CPU [30%@204,25%@204,21%@204,23%@204] EMC_FREQ 16%@204 GR3D_FREQ 0%@76 APE 25 PLL@27C CPU@28.5C PMIC@50C GPU@28.5C AO@34C thermal@28.75C POM_5V_IN 1180/2011 POM_5V_GPU 78/57 POM_5V_CPU 196/613
2025-03-10 18:20:23 RAM 1958/3964MB (lfb 13x4MB) SWAP 53/1982MB (cached 0MB) IRAM 0/252kB(lfb 252kB) CPU [11%@204,11%@204,7%@204,6%@204] EMC_FREQ 12%@204 GR3D_FREQ 0%@153 APE 25 PLL@27C CPU@28.5C PMIC@50C GPU@28.5C AO@34C thermal@28.5C POM_5V_IN 1143/1989 POM_5V_GPU 39/57 POM_5V_CPU 197/602
2025-03-10 18:20:24 RAM 1958/3964MB (lfb 13x4MB) SWAP 53/1982MB (cached 0MB) IRAM 0/252kB(lfb 252kB) CPU [11%@102,8%@204,9%@204,8%@204] EMC_FREQ 11%@204 GR3D_FREQ 0%@76 APE 25 PLL@27C CPU@28.5C PMIC@50C GPU@28.5C AO@34C thermal@28.25C POM_5V_IN 1220/1969 POM_5V_GPU 78/57 POM_5V_CPU 196/592
2025-03-10 18:20:25 RAM 1971/3964MB (lfb 12x4MB) SWAP 53/1982MB (cached 0MB) IRAM 0/252kB(lfb 252kB) CPU [8%@1224,12%@1224,7%@1224,4%@1224] EMC_FREQ 1%@1600 GR3D_FREQ 0%@76 APE 25 PLL@27C CPU@29C PMIC@50C GPU@28.5C AO@34.5C thermal@28.5C POM_5V_IN 2069/1971 POM_5V_GPU 39/57 POM_5V_CPU 663/593
2025-03-10 18:20:26 RAM 1960/3964MB (lfb 13x4MB) SWAP 53/1982MB (cached 0MB) IRAM 0/252kB(lfb 252kB) CPU [15%@102,8%@102,5%@102,5%@102] EMC_FREQ 9%@204 GR3D_FREQ 0%@76 APE 25 PLL@27C CPU@28.5C PMIC@50C GPU@29C AO@34C thermal@28.5C POM_5V_IN 1064/1949 POM_5V_GPU 0/55 POM_5V_CPU 157/583
2025-03-10 18:20:27 RAM 1972/3964MB (lfb 12x4MB) SWAP 53/1982MB (cached 0MB) IRAM 0/252kB(lfb 252kB) CPU [18%@102,5%@102,5%@102,8%@102] EMC_FREQ 9%@204 GR3D_FREQ 0%@153 APE 25 PLL@26.5C CPU@28C PMIC@50C GPU@28.5C AO@34C thermal@28.5C POM_5V_IN 1103/1929 POM_5V_GPU 39/55 POM_5V_CPU 157/573
2025-03-10 18:20:28 RAM 1958/3964MB (lfb 13x4MB) SWAP 53/1982MB (cached 0MB) IRAM 0/252kB(lfb 252kB) CPU [30%@102,12%@102,9%@102,2%@204] EMC_FREQ 1%@1600 GR3D_FREQ 0%@153 APE 25 PLL@27C CPU@28.5C PMIC@50C GPU@28.5C AO@34C thermal@28.25C POM_5V_IN 2030/1931 POM_5V_GPU 39/55 POM_5V_CPU 195/564
2025-03-10 18:20:29 RAM 1958/3964MB (lfb 13x4MB) SWAP 53/1982MB (cached 0MB) IRAM 0/252kB(lfb 252kB) CPU [19%@204,16%@204,13%@204,12%@204] EMC_FREQ 11%@204 GR3D_FREQ 0%@153 APE 25 PLL@27C CPU@28.5C PMIC@50C GPU@28.5C AO@34C thermal@28.75C POM_5V_IN 1298/1917 POM_5V_GPU 118/56 POM_5V_CPU 196/555
2025-03-10 18:20:30 RAM 1968/3964MB (lfb 13x4MB) SWAP 53/1982MB (cached 0MB) IRAM 0/252kB(lfb 252kB) CPU [12%@204,6%@204,8%@204,4%@204] EMC_FREQ 9%@204 GR3D_FREQ 0%@153 APE 25 PLL@27C CPU@28.5C PMIC@50C GPU@28.5C AO@34C thermal@28.5C POM_5V_IN 1143/1900 POM_5V_GPU 39/56 POM_5V_CPU 197/547
2025-03-10 18:20:31 RAM 1960/3964MB (lfb 13x4MB) SWAP 53/1982MB (cached 0MB) IRAM 0/252kB(lfb 252kB) CPU [15%@102,8%@102,5%@204,7%@204] EMC_FREQ 9%@204 GR3D_FREQ 0%@384 APE 25 PLL@27C CPU@28C PMIC@50C GPU@28.5C AO@33.5C thermal@28.25C POM_5V_IN 1259/1886 POM_5V_GPU 157/58 POM_5V_CPU 196/540
2025-03-10 18:20:32 RAM 1959/3964MB (lfb 13x4MB) SWAP 53/1982MB (cached 0MB) IRAM 0/252kB(lfb 252kB) CPU [12%@204,8%@307,8%@307,6%@307] EMC_FREQ 8%@204 GR3D_FREQ 0%@76 APE 25 PLL@26.5C CPU@28.5C PMIC@50C GPU@28.5C AO@34C thermal@28.5C POM_5V_IN 1064/1868 POM_5V_GPU 0/57 POM_5V_CPU 236/533
2025-03-10 18:20:33 RAM 1967/3964MB (lfb 13x4MB) SWAP 53/1982MB (cached 0MB) IRAM 0/252kB(lfb 252kB) CPU [15%@204,9%@204,6%@204,5%@204] EMC_FREQ 8%@204 GR3D_FREQ 0%@76 APE 25 PLL@27C CPU@28.5C PMIC@50C GPU@29C AO@34C thermal@28.25C POM_5V_IN 1143/1853 POM_5V_GPU 39/56 POM_5V_CPU 197/526
2025-03-10 18:20:34 RAM 1957/3964MB (lfb 13x4MB) SWAP 53/1982MB (cached 0MB) IRAM 0/252kB(lfb 252kB) CPU [12%@102,10%@102,3%@204,6%@204] EMC_FREQ 8%@204 GR3D_FREQ 0%@153 APE 25 PLL@26.5C CPU@28.5C PMIC@50C GPU@28.5C AO@34C thermal@28.5C POM_5V_IN 1143/1839 POM_5V_GPU 39/56 POM_5V_CPU 197/520
2025-03-10 18:20:35 RAM 1957/3964MB (lfb 13x4MB) SWAP 53/1982MB (cached 0MB) IRAM 0/252kB(lfb 252kB) CPU [13%@204,13%@204,11%@204,8%@204] EMC_FREQ 8%@204 GR3D_FREQ 0%@153 APE 25 PLL@27C CPU@28.5C PMIC@50C GPU@28C AO@34C thermal@28.25C POM_5V_IN 1180/1826 POM_5V_GPU 78/56 POM_5V_CPU 196/513
2025-03-10 18:20:36 RAM 1971/3964MB (lfb 12x4MB) SWAP 53/1982MB (cached 0MB) IRAM 0/252kB(lfb 252kB) CPU [16%@204,6%@204,6%@204,11%@204] EMC_FREQ 8%@204 GR3D_FREQ 99%@153 APE 25 PLL@27C CPU@28.5C PMIC@50C GPU@28C AO@34C thermal@28.25C POM_5V_IN 1608/1821 POM_5V_GPU 156/58 POM_5V_CPU 235/508
2025-03-10 18:20:37 RAM 1959/3964MB (lfb 13x4MB) SWAP 53/1982MB (cached 0MB) IRAM 0/252kB(lfb 252kB) CPU [13%@307,4%@307,5%@307,6%@307] EMC_FREQ 7%@204 GR3D_FREQ 0%@153 APE 25 PLL@27C CPU@28.5C PMIC@50C GPU@28C AO@34C thermal@28.5C POM_5V_IN 1298/1811 POM_5V_GPU 39/58 POM_5V_CPU 275/503
2025-03-10 18:20:38 RAM 1958/3964MB (lfb 13x4MB) SWAP 53/1982MB (cached 0MB) IRAM 0/252kB(lfb 252kB) CPU [15%@307,8%@307,8%@307,10%@307] EMC_FREQ 1%@1600 GR3D_FREQ 0%@384 APE 25 PLL@26.5C CPU@28.5C PMIC@50C GPU@28C AO@34C thermal@28.25C POM_5V_IN 1684/1809 POM_5V_GPU 156/60 POM_5V_CPU 391/501
2025-03-10 18:20:40 RAM 1970/3964MB (lfb 12x4MB) SWAP 53/1982MB (cached 0MB) IRAM 0/252kB(lfb 252kB) CPU [21%@921,9%@921,12%@921,14%@921] EMC_FREQ 1%@1600 GR3D_FREQ 0%@76 APE 25 PLL@27.5C CPU@28.5C PMIC@50C GPU@29.5C AO@34C thermal@28.25C POM_5V_IN 2186/1816 POM_5V_GPU 0/59 POM_5V_CPU 780/506
2025-03-10 18:20:41 RAM 1960/3964MB (lfb 13x4MB) SWAP 53/1982MB (cached 0MB) IRAM 0/252kB(lfb 252kB) CPU [13%@921,6%@921,5%@921,5%@921] EMC_FREQ 1%@1600 GR3D_FREQ 0%@153 APE 25 PLL@27C CPU@28.5C PMIC@50C GPU@28.5C AO@34C thermal@29C POM_5V_IN 2030/1820 POM_5V_GPU 39/58 POM_5V_CPU 586/508
2025-03-10 18:20:42 RAM 1971/3964MB (lfb 12x4MB) SWAP 53/1982MB (cached 0MB) IRAM 0/252kB(lfb 252kB) CPU [14%@307,10%@307,7%@307,11%@307] EMC_FREQ 1%@1600 GR3D_FREQ 0%@153 APE 25 PLL@27C CPU@28.5C PMIC@50C GPU@28C AO@34C thermal@28.25C POM_5V_IN 1608/1816 POM_5V_GPU 39/58 POM_5V_CPU 392/506
2025-03-10 18:20:43 RAM 1959/3964MB (lfb 13x4MB) SWAP 53/1982MB (cached 0MB) IRAM 0/252kB(lfb 252kB) CPU [12%@307,10%@307,6%@307,10%@307] EMC_FREQ 8%@204 GR3D_FREQ 0%@153 APE 25 PLL@27C CPU@28.5C PMIC@50C GPU@28C AO@33.5C thermal@28.25C POM_5V_IN 1608/1812 POM_5V_GPU 78/58 POM_5V_CPU 314/502
2025-03-10 18:20:44 RAM 1958/3964MB (lfb 13x4MB) SWAP 53/1982MB (cached 0MB) IRAM 0/252kB(lfb 252kB) CPU [12%@102,5%@204,9%@204,6%@204] EMC_FREQ 8%@204 GR3D_FREQ 0%@153 APE 25 PLL@27C CPU@28.5C PMIC@50C GPU@28C AO@34C thermal@28.25C POM_5V_IN 1259/1803 POM_5V_GPU 39/58 POM_5V_CPU 236/498
2025-03-10 18:20:45 RAM 1968/3964MB (lfb 13x4MB) SWAP 53/1982MB (cached 0MB) IRAM 0/252kB(lfb 252kB) CPU [12%@204,9%@204,7%@204,8%@204] EMC_FREQ 8%@204 GR3D_FREQ 0%@76 APE 25 PLL@27C CPU@28.5C PMIC@50C GPU@28.5C AO@34C thermal@28.5C POM_5V_IN 1259/1793 POM_5V_GPU 78/58 POM_5V_CPU 196/492
2025-03-10 18:20:46 RAM 1954/3964MB (lfb 14x4MB) SWAP 53/1982MB (cached 0MB) IRAM 0/252kB(lfb 252kB) CPU [13%@204,7%@204,8%@204,9%@204] EMC_FREQ 7%@204 GR3D_FREQ 0%@76 APE 25 PLL@27C CPU@28.5C PMIC@50C GPU@28C AO@34C thermal@28.25C POM_5V_IN 1180/1783 POM_5V_GPU 0/57 POM_5V_CPU 236/488
2025-03-10 18:20:47 RAM 1953/3964MB (lfb 14x4MB) SWAP 53/1982MB (cached 0MB) IRAM 0/252kB(lfb 252kB) CPU [12%@204,10%@204,6%@204,12%@204] EMC_FREQ 7%@204 GR3D_FREQ 0%@76 APE 25 PLL@26.5C CPU@28.5C PMIC@50C GPU@28.5C AO@34C thermal@28.25C POM_5V_IN 1141/1773 POM_5V_GPU 39/57 POM_5V_CPU 197/483
